CRITICAL - 2024-02-13 17:32:04 --> Unsupported operand types: DateInterval / int
in APPPATH\Views\penggunaan\index.php on line 69.
 1 SYSTEMPATH\View\View.php(226): include()
 2 SYSTEMPATH\View\View.php(229): CodeIgniter\View\View->CodeIgniter\View\{closure}()
 3 SYSTEMPATH\Common.php(1188): CodeIgniter\View\View->render('penggunaan/index', [], true)
 4 APPPATH\Controllers\Penggunaanl.php(22): view('penggunaan/index', [...])
 5 SYSTEMPATH\CodeIgniter.php(919): App\Controllers\Penggunaanl->index()
 6 SYSTEMPATH\CodeIgniter.php(494): CodeIgniter\CodeIgniter->runController(Object(App\Controllers\Penggunaanl))
 7 SYSTEMPATH\CodeIgniter.php(353): CodeIgniter\CodeIgniter->handleRequest(null, Object(Config\Cache), false)
 8 FCPATH\index.php(79): CodeIgniter\CodeIgniter->run()
 9 SYSTEMPATH\Commands\Server\rewrite.php(47): require_once('F:\\application-ci\\simaung\\public\\index.php')
CRITICAL - 2024-02-13 17:34:50 --> DateInterval::__construct(): Unknown or bad format ($diff)
in APPPATH\Views\penggunaan\index.php on line 69.
 1 APPPATH\Views\penggunaan\index.php(69): DateInterval->__construct('$diff')
 2 SYSTEMPATH\View\View.php(226): include('F:\\application-ci\\simaung\\app\\Views\\penggunaan\\index.php')
 3 SYSTEMPATH\View\View.php(229): CodeIgniter\View\View->CodeIgniter\View\{closure}()
 4 SYSTEMPATH\Common.php(1188): CodeIgniter\View\View->render('penggunaan/index', [], true)
 5 APPPATH\Controllers\Penggunaanl.php(22): view('penggunaan/index', [...])
 6 SYSTEMPATH\CodeIgniter.php(919): App\Controllers\Penggunaanl->index()
 7 SYSTEMPATH\CodeIgniter.php(494): CodeIgniter\CodeIgniter->runController(Object(App\Controllers\Penggunaanl))
 8 SYSTEMPATH\CodeIgniter.php(353): CodeIgniter\CodeIgniter->handleRequest(null, Object(Config\Cache), false)
 9 FCPATH\index.php(79): CodeIgniter\CodeIgniter->run()
10 SYSTEMPATH\Commands\Server\rewrite.php(47): require_once('F:\\application-ci\\simaung\\public\\index.php')
CRITICAL - 2024-02-13 17:35:29 --> Object of class DateInterval could not be converted to string
in APPPATH\Views\penggunaan\index.php on line 70.
 1 SYSTEMPATH\View\View.php(226): include()
 2 SYSTEMPATH\View\View.php(229): CodeIgniter\View\View->CodeIgniter\View\{closure}()
 3 SYSTEMPATH\Common.php(1188): CodeIgniter\View\View->render('penggunaan/index', [], true)
 4 APPPATH\Controllers\Penggunaanl.php(22): view('penggunaan/index', [...])
 5 SYSTEMPATH\CodeIgniter.php(919): App\Controllers\Penggunaanl->index()
 6 SYSTEMPATH\CodeIgniter.php(494): CodeIgniter\CodeIgniter->runController(Object(App\Controllers\Penggunaanl))
 7 SYSTEMPATH\CodeIgniter.php(353): CodeIgniter\CodeIgniter->handleRequest(null, Object(Config\Cache), false)
 8 FCPATH\index.php(79): CodeIgniter\CodeIgniter->run()
 9 SYSTEMPATH\Commands\Server\rewrite.php(47): require_once('F:\\application-ci\\simaung\\public\\index.php')
