INFO - 2024-04-01 12:06:34 --> Session: Class initialized using 'CodeIgniter\Session\Handlers\FileHandler' driver.
INFO - 2024-04-01 12:08:06 --> CSRF token verified.
INFO - 2024-04-01 12:08:06 --> Session: Class initialized using 'CodeIgniter\Session\Handlers\FileHandler' driver.
INFO - 2024-04-01 12:08:08 --> Session: Class initialized using 'CodeIgniter\Session\Handlers\FileHandler' driver.
ERROR - 2024-04-01 12:08:09 --> mysqli_sql_exception: Incorrect DATE value: '2024-04-31' in F:\application-ci\simaung\vendor\codeigniter4\framework\system\Database\MySQLi\Connection.php:306
Stack trace:
#0 F:\application-ci\simaung\vendor\codeigniter4\framework\system\Database\MySQLi\Connection.php(306): mysqli->query('SELECT `id`, `t...', 0)
#1 F:\application-ci\simaung\vendor\codeigniter4\framework\system\Database\BaseConnection.php(693): CodeIgniter\Database\MySQLi\Connection->execute('SELECT `id`, `t...')
#2 F:\application-ci\simaung\vendor\codeigniter4\framework\system\Database\BaseConnection.php(607): CodeIgniter\Database\BaseConnection->simpleQuery('SELECT `id`, `t...')
#3 F:\application-ci\simaung\vendor\codeigniter4\framework\system\Database\BaseBuilder.php(1616): CodeIgniter\Database\BaseConnection->query('SELECT `id`, `t...', Array, false)
#4 F:\application-ci\simaung\app\Models\LogaktivitasModel.php(156): CodeIgniter\Database\BaseBuilder->get()
#5 F:\application-ci\simaung\app\Controllers\Dompet.php(103): App\Models\LogaktivitasModel->getLogBulan('3')
#6 F:\application-ci\simaung\vendor\codeigniter4\framework\system\CodeIgniter.php(941): App\Controllers\Dompet->index()
#7 F:\application-ci\simaung\vendor\codeigniter4\framework\system\CodeIgniter.php(502): CodeIgniter\CodeIgniter->runController(Object(App\Controllers\Dompet))
#8 F:\application-ci\simaung\vendor\codeigniter4\framework\system\CodeIgniter.php(361): CodeIgniter\CodeIgniter->handleRequest(NULL, Object(Config\Cache), false)
#9 F:\application-ci\simaung\public\index.php(79): CodeIgniter\CodeIgniter->run()
#10 F:\application-ci\simaung\vendor\codeigniter4\framework\system\Commands\Server\rewrite.php(47): require_once('F:\\application-...')
#11 {main}
CRITICAL - 2024-04-01 12:08:09 --> CodeIgniter\Database\Exceptions\DatabaseException: Incorrect DATE value: '2024-04-31'
in SYSTEMPATH\Database\BaseConnection.php on line 647.
 1 SYSTEMPATH\Database\BaseBuilder.php(1616): CodeIgniter\Database\BaseConnection->query('SELECT `id`, `tb_logaktivitas`.`log_aktivitas`, `jumlah`, `tanggal`, `catatan`, `tb_logaktivitas`.`status`, `tb_logaktivitas`.`id_dompet`, `nama_dompet`, `saldo`, `saldo_awal`, `ke_iddompet`
FROM `tb_logaktivitas`
JOIN `tb_dompet` ON `tb_dompet`.`id_dompet`=`tb_logaktivitas`.`id_dompet`
WHERE `tanggal` >= :tanggal:
AND `tanggal` <= :tanggal.1:
AND `tb_logaktivitas`.`id_user` = :tb_logaktivitas.id_user:
ORDER BY `tanggal` DESC, `id` DESC', [...], false)
 2 APPPATH\Models\LogaktivitasModel.php(156): CodeIgniter\Database\BaseBuilder->get()
 3 APPPATH\Controllers\Dompet.php(103): App\Models\LogaktivitasModel->getLogBulan('3')
 4 SYSTEMPATH\CodeIgniter.php(941): App\Controllers\Dompet->index()
 5 SYSTEMPATH\CodeIgniter.php(502): CodeIgniter\CodeIgniter->runController(Object(App\Controllers\Dompet))
 6 SYSTEMPATH\CodeIgniter.php(361): CodeIgniter\CodeIgniter->handleRequest(null, Object(Config\Cache), false)
 7 FCPATH\index.php(79): CodeIgniter\CodeIgniter->run()
 8 SYSTEMPATH\Commands\Server\rewrite.php(47): require_once('F:\\application-ci\\simaung\\public\\index.php')
CRITICAL - 2024-04-01 12:08:09 --> [Caused by] CodeIgniter\Database\Exceptions\DatabaseException: Incorrect DATE value: '2024-04-31'
in SYSTEMPATH\Database\MySQLi\Connection.php on line 311.
 1 SYSTEMPATH\Database\BaseConnection.php(693): CodeIgniter\Database\MySQLi\Connection->execute('SELECT `id`, `tb_logaktivitas`.`log_aktivitas`, `jumlah`, `tanggal`, `catatan`, `tb_logaktivitas`.`status`, `tb_logaktivitas`.`id_dompet`, `nama_dompet`, `saldo`, `saldo_awal`, `ke_iddompet`
FROM `tb_logaktivitas`
JOIN `tb_dompet` ON `tb_dompet`.`id_dompet`=`tb_logaktivitas`.`id_dompet`
WHERE `tanggal` >= \'2024-04-01\'
AND `tanggal` <= \'2024-04-31\'
AND `tb_logaktivitas`.`id_user` = \'3\'
ORDER BY `tanggal` DESC, `id` DESC')
 2 SYSTEMPATH\Database\BaseConnection.php(607): CodeIgniter\Database\BaseConnection->simpleQuery('SELECT `id`, `tb_logaktivitas`.`log_aktivitas`, `jumlah`, `tanggal`, `catatan`, `tb_logaktivitas`.`status`, `tb_logaktivitas`.`id_dompet`, `nama_dompet`, `saldo`, `saldo_awal`, `ke_iddompet`
FROM `tb_logaktivitas`
JOIN `tb_dompet` ON `tb_dompet`.`id_dompet`=`tb_logaktivitas`.`id_dompet`
WHERE `tanggal` >= \'2024-04-01\'
AND `tanggal` <= \'2024-04-31\'
AND `tb_logaktivitas`.`id_user` = \'3\'
ORDER BY `tanggal` DESC, `id` DESC')
 3 SYSTEMPATH\Database\BaseBuilder.php(1616): CodeIgniter\Database\BaseConnection->query('SELECT `id`, `tb_logaktivitas`.`log_aktivitas`, `jumlah`, `tanggal`, `catatan`, `tb_logaktivitas`.`status`, `tb_logaktivitas`.`id_dompet`, `nama_dompet`, `saldo`, `saldo_awal`, `ke_iddompet`
FROM `tb_logaktivitas`
JOIN `tb_dompet` ON `tb_dompet`.`id_dompet`=`tb_logaktivitas`.`id_dompet`
WHERE `tanggal` >= :tanggal:
AND `tanggal` <= :tanggal.1:
AND `tb_logaktivitas`.`id_user` = :tb_logaktivitas.id_user:
ORDER BY `tanggal` DESC, `id` DESC', [...], false)
 4 APPPATH\Models\LogaktivitasModel.php(156): CodeIgniter\Database\BaseBuilder->get()
 5 APPPATH\Controllers\Dompet.php(103): App\Models\LogaktivitasModel->getLogBulan('3')
 6 SYSTEMPATH\CodeIgniter.php(941): App\Controllers\Dompet->index()
 7 SYSTEMPATH\CodeIgniter.php(502): CodeIgniter\CodeIgniter->runController(Object(App\Controllers\Dompet))
 8 SYSTEMPATH\CodeIgniter.php(361): CodeIgniter\CodeIgniter->handleRequest(null, Object(Config\Cache), false)
 9 FCPATH\index.php(79): CodeIgniter\CodeIgniter->run()
10 SYSTEMPATH\Commands\Server\rewrite.php(47): require_once('F:\\application-ci\\simaung\\public\\index.php')
CRITICAL - 2024-04-01 12:08:09 --> [Caused by] mysqli_sql_exception: Incorrect DATE value: '2024-04-31'
in SYSTEMPATH\Database\MySQLi\Connection.php on line 306.
 1 SYSTEMPATH\Database\MySQLi\Connection.php(306): mysqli->query('SELECT `id`, `tb_logaktivitas`.`log_aktivitas`, `jumlah`, `tanggal`, `catatan`, `tb_logaktivitas`.`status`, `tb_logaktivitas`.`id_dompet`, `nama_dompet`, `saldo`, `saldo_awal`, `ke_iddompet`
FROM `tb_logaktivitas`
JOIN `tb_dompet` ON `tb_dompet`.`id_dompet`=`tb_logaktivitas`.`id_dompet`
WHERE `tanggal` >= \'2024-04-01\'
AND `tanggal` <= \'2024-04-31\'
AND `tb_logaktivitas`.`id_user` = \'3\'
ORDER BY `tanggal` DESC, `id` DESC', 0)
 2 SYSTEMPATH\Database\BaseConnection.php(693): CodeIgniter\Database\MySQLi\Connection->execute('SELECT `id`, `tb_logaktivitas`.`log_aktivitas`, `jumlah`, `tanggal`, `catatan`, `tb_logaktivitas`.`status`, `tb_logaktivitas`.`id_dompet`, `nama_dompet`, `saldo`, `saldo_awal`, `ke_iddompet`
FROM `tb_logaktivitas`
JOIN `tb_dompet` ON `tb_dompet`.`id_dompet`=`tb_logaktivitas`.`id_dompet`
WHERE `tanggal` >= \'2024-04-01\'
AND `tanggal` <= \'2024-04-31\'
AND `tb_logaktivitas`.`id_user` = \'3\'
ORDER BY `tanggal` DESC, `id` DESC')
 3 SYSTEMPATH\Database\BaseConnection.php(607): CodeIgniter\Database\BaseConnection->simpleQuery('SELECT `id`, `tb_logaktivitas`.`log_aktivitas`, `jumlah`, `tanggal`, `catatan`, `tb_logaktivitas`.`status`, `tb_logaktivitas`.`id_dompet`, `nama_dompet`, `saldo`, `saldo_awal`, `ke_iddompet`
FROM `tb_logaktivitas`
JOIN `tb_dompet` ON `tb_dompet`.`id_dompet`=`tb_logaktivitas`.`id_dompet`
WHERE `tanggal` >= \'2024-04-01\'
AND `tanggal` <= \'2024-04-31\'
AND `tb_logaktivitas`.`id_user` = \'3\'
ORDER BY `tanggal` DESC, `id` DESC')
 4 SYSTEMPATH\Database\BaseBuilder.php(1616): CodeIgniter\Database\BaseConnection->query('SELECT `id`, `tb_logaktivitas`.`log_aktivitas`, `jumlah`, `tanggal`, `catatan`, `tb_logaktivitas`.`status`, `tb_logaktivitas`.`id_dompet`, `nama_dompet`, `saldo`, `saldo_awal`, `ke_iddompet`
FROM `tb_logaktivitas`
JOIN `tb_dompet` ON `tb_dompet`.`id_dompet`=`tb_logaktivitas`.`id_dompet`
WHERE `tanggal` >= :tanggal:
AND `tanggal` <= :tanggal.1:
AND `tb_logaktivitas`.`id_user` = :tb_logaktivitas.id_user:
ORDER BY `tanggal` DESC, `id` DESC', [...], false)
 5 APPPATH\Models\LogaktivitasModel.php(156): CodeIgniter\Database\BaseBuilder->get()
 6 APPPATH\Controllers\Dompet.php(103): App\Models\LogaktivitasModel->getLogBulan('3')
 7 SYSTEMPATH\CodeIgniter.php(941): App\Controllers\Dompet->index()
 8 SYSTEMPATH\CodeIgniter.php(502): CodeIgniter\CodeIgniter->runController(Object(App\Controllers\Dompet))
 9 SYSTEMPATH\CodeIgniter.php(361): CodeIgniter\CodeIgniter->handleRequest(null, Object(Config\Cache), false)
10 FCPATH\index.php(79): CodeIgniter\CodeIgniter->run()
11 SYSTEMPATH\Commands\Server\rewrite.php(47): require_once('F:\\application-ci\\simaung\\public\\index.php')
INFO - 2024-04-01 19:17:16 --> Session: Class initialized using 'CodeIgniter\Session\Handlers\FileHandler' driver.
INFO - 2024-04-01 19:17:18 --> Session: Class initialized using 'CodeIgniter\Session\Handlers\FileHandler' driver.
INFO - 2024-04-01 19:17:52 --> CSRF token verified.
INFO - 2024-04-01 19:17:52 --> Session: Class initialized using 'CodeIgniter\Session\Handlers\FileHandler' driver.
INFO - 2024-04-01 19:17:53 --> Session: Class initialized using 'CodeIgniter\Session\Handlers\FileHandler' driver.
ERROR - 2024-04-01 19:17:54 --> mysqli_sql_exception: Incorrect DATE value: '2024-04-31' in F:\application-ci\simaung\vendor\codeigniter4\framework\system\Database\MySQLi\Connection.php:306
Stack trace:
#0 F:\application-ci\simaung\vendor\codeigniter4\framework\system\Database\MySQLi\Connection.php(306): mysqli->query('SELECT `id`, `t...', 0)
#1 F:\application-ci\simaung\vendor\codeigniter4\framework\system\Database\BaseConnection.php(693): CodeIgniter\Database\MySQLi\Connection->execute('SELECT `id`, `t...')
#2 F:\application-ci\simaung\vendor\codeigniter4\framework\system\Database\BaseConnection.php(607): CodeIgniter\Database\BaseConnection->simpleQuery('SELECT `id`, `t...')
#3 F:\application-ci\simaung\vendor\codeigniter4\framework\system\Database\BaseBuilder.php(1616): CodeIgniter\Database\BaseConnection->query('SELECT `id`, `t...', Array, false)
#4 F:\application-ci\simaung\app\Models\LogaktivitasModel.php(156): CodeIgniter\Database\BaseBuilder->get()
#5 F:\application-ci\simaung\app\Controllers\Dompet.php(103): App\Models\LogaktivitasModel->getLogBulan('2')
#6 F:\application-ci\simaung\vendor\codeigniter4\framework\system\CodeIgniter.php(941): App\Controllers\Dompet->index()
#7 F:\application-ci\simaung\vendor\codeigniter4\framework\system\CodeIgniter.php(502): CodeIgniter\CodeIgniter->runController(Object(App\Controllers\Dompet))
#8 F:\application-ci\simaung\vendor\codeigniter4\framework\system\CodeIgniter.php(361): CodeIgniter\CodeIgniter->handleRequest(NULL, Object(Config\Cache), false)
#9 F:\application-ci\simaung\public\index.php(79): CodeIgniter\CodeIgniter->run()
#10 F:\application-ci\simaung\vendor\codeigniter4\framework\system\Commands\Server\rewrite.php(47): require_once('F:\\application-...')
#11 {main}
CRITICAL - 2024-04-01 19:17:54 --> CodeIgniter\Database\Exceptions\DatabaseException: Incorrect DATE value: '2024-04-31'
in SYSTEMPATH\Database\BaseConnection.php on line 647.
 1 SYSTEMPATH\Database\BaseBuilder.php(1616): CodeIgniter\Database\BaseConnection->query('SELECT `id`, `tb_logaktivitas`.`log_aktivitas`, `jumlah`, `tanggal`, `catatan`, `tb_logaktivitas`.`status`, `tb_logaktivitas`.`id_dompet`, `nama_dompet`, `saldo`, `saldo_awal`, `ke_iddompet`
FROM `tb_logaktivitas`
JOIN `tb_dompet` ON `tb_dompet`.`id_dompet`=`tb_logaktivitas`.`id_dompet`
WHERE `tanggal` >= :tanggal:
AND `tanggal` <= :tanggal.1:
AND `tb_logaktivitas`.`id_user` = :tb_logaktivitas.id_user:
ORDER BY `tanggal` DESC, `id` DESC', [...], false)
 2 APPPATH\Models\LogaktivitasModel.php(156): CodeIgniter\Database\BaseBuilder->get()
 3 APPPATH\Controllers\Dompet.php(103): App\Models\LogaktivitasModel->getLogBulan('2')
 4 SYSTEMPATH\CodeIgniter.php(941): App\Controllers\Dompet->index()
 5 SYSTEMPATH\CodeIgniter.php(502): CodeIgniter\CodeIgniter->runController(Object(App\Controllers\Dompet))
 6 SYSTEMPATH\CodeIgniter.php(361): CodeIgniter\CodeIgniter->handleRequest(null, Object(Config\Cache), false)
 7 FCPATH\index.php(79): CodeIgniter\CodeIgniter->run()
 8 SYSTEMPATH\Commands\Server\rewrite.php(47): require_once('F:\\application-ci\\simaung\\public\\index.php')
CRITICAL - 2024-04-01 19:17:54 --> [Caused by] CodeIgniter\Database\Exceptions\DatabaseException: Incorrect DATE value: '2024-04-31'
in SYSTEMPATH\Database\MySQLi\Connection.php on line 311.
 1 SYSTEMPATH\Database\BaseConnection.php(693): CodeIgniter\Database\MySQLi\Connection->execute('SELECT `id`, `tb_logaktivitas`.`log_aktivitas`, `jumlah`, `tanggal`, `catatan`, `tb_logaktivitas`.`status`, `tb_logaktivitas`.`id_dompet`, `nama_dompet`, `saldo`, `saldo_awal`, `ke_iddompet`
FROM `tb_logaktivitas`
JOIN `tb_dompet` ON `tb_dompet`.`id_dompet`=`tb_logaktivitas`.`id_dompet`
WHERE `tanggal` >= \'2024-04-01\'
AND `tanggal` <= \'2024-04-31\'
AND `tb_logaktivitas`.`id_user` = \'2\'
ORDER BY `tanggal` DESC, `id` DESC')
 2 SYSTEMPATH\Database\BaseConnection.php(607): CodeIgniter\Database\BaseConnection->simpleQuery('SELECT `id`, `tb_logaktivitas`.`log_aktivitas`, `jumlah`, `tanggal`, `catatan`, `tb_logaktivitas`.`status`, `tb_logaktivitas`.`id_dompet`, `nama_dompet`, `saldo`, `saldo_awal`, `ke_iddompet`
FROM `tb_logaktivitas`
JOIN `tb_dompet` ON `tb_dompet`.`id_dompet`=`tb_logaktivitas`.`id_dompet`
WHERE `tanggal` >= \'2024-04-01\'
AND `tanggal` <= \'2024-04-31\'
AND `tb_logaktivitas`.`id_user` = \'2\'
ORDER BY `tanggal` DESC, `id` DESC')
 3 SYSTEMPATH\Database\BaseBuilder.php(1616): CodeIgniter\Database\BaseConnection->query('SELECT `id`, `tb_logaktivitas`.`log_aktivitas`, `jumlah`, `tanggal`, `catatan`, `tb_logaktivitas`.`status`, `tb_logaktivitas`.`id_dompet`, `nama_dompet`, `saldo`, `saldo_awal`, `ke_iddompet`
FROM `tb_logaktivitas`
JOIN `tb_dompet` ON `tb_dompet`.`id_dompet`=`tb_logaktivitas`.`id_dompet`
WHERE `tanggal` >= :tanggal:
AND `tanggal` <= :tanggal.1:
AND `tb_logaktivitas`.`id_user` = :tb_logaktivitas.id_user:
ORDER BY `tanggal` DESC, `id` DESC', [...], false)
 4 APPPATH\Models\LogaktivitasModel.php(156): CodeIgniter\Database\BaseBuilder->get()
 5 APPPATH\Controllers\Dompet.php(103): App\Models\LogaktivitasModel->getLogBulan('2')
 6 SYSTEMPATH\CodeIgniter.php(941): App\Controllers\Dompet->index()
 7 SYSTEMPATH\CodeIgniter.php(502): CodeIgniter\CodeIgniter->runController(Object(App\Controllers\Dompet))
 8 SYSTEMPATH\CodeIgniter.php(361): CodeIgniter\CodeIgniter->handleRequest(null, Object(Config\Cache), false)
 9 FCPATH\index.php(79): CodeIgniter\CodeIgniter->run()
10 SYSTEMPATH\Commands\Server\rewrite.php(47): require_once('F:\\application-ci\\simaung\\public\\index.php')
CRITICAL - 2024-04-01 19:17:54 --> [Caused by] mysqli_sql_exception: Incorrect DATE value: '2024-04-31'
in SYSTEMPATH\Database\MySQLi\Connection.php on line 306.
 1 SYSTEMPATH\Database\MySQLi\Connection.php(306): mysqli->query('SELECT `id`, `tb_logaktivitas`.`log_aktivitas`, `jumlah`, `tanggal`, `catatan`, `tb_logaktivitas`.`status`, `tb_logaktivitas`.`id_dompet`, `nama_dompet`, `saldo`, `saldo_awal`, `ke_iddompet`
FROM `tb_logaktivitas`
JOIN `tb_dompet` ON `tb_dompet`.`id_dompet`=`tb_logaktivitas`.`id_dompet`
WHERE `tanggal` >= \'2024-04-01\'
AND `tanggal` <= \'2024-04-31\'
AND `tb_logaktivitas`.`id_user` = \'2\'
ORDER BY `tanggal` DESC, `id` DESC', 0)
 2 SYSTEMPATH\Database\BaseConnection.php(693): CodeIgniter\Database\MySQLi\Connection->execute('SELECT `id`, `tb_logaktivitas`.`log_aktivitas`, `jumlah`, `tanggal`, `catatan`, `tb_logaktivitas`.`status`, `tb_logaktivitas`.`id_dompet`, `nama_dompet`, `saldo`, `saldo_awal`, `ke_iddompet`
FROM `tb_logaktivitas`
JOIN `tb_dompet` ON `tb_dompet`.`id_dompet`=`tb_logaktivitas`.`id_dompet`
WHERE `tanggal` >= \'2024-04-01\'
AND `tanggal` <= \'2024-04-31\'
AND `tb_logaktivitas`.`id_user` = \'2\'
ORDER BY `tanggal` DESC, `id` DESC')
 3 SYSTEMPATH\Database\BaseConnection.php(607): CodeIgniter\Database\BaseConnection->simpleQuery('SELECT `id`, `tb_logaktivitas`.`log_aktivitas`, `jumlah`, `tanggal`, `catatan`, `tb_logaktivitas`.`status`, `tb_logaktivitas`.`id_dompet`, `nama_dompet`, `saldo`, `saldo_awal`, `ke_iddompet`
FROM `tb_logaktivitas`
JOIN `tb_dompet` ON `tb_dompet`.`id_dompet`=`tb_logaktivitas`.`id_dompet`
WHERE `tanggal` >= \'2024-04-01\'
AND `tanggal` <= \'2024-04-31\'
AND `tb_logaktivitas`.`id_user` = \'2\'
ORDER BY `tanggal` DESC, `id` DESC')
 4 SYSTEMPATH\Database\BaseBuilder.php(1616): CodeIgniter\Database\BaseConnection->query('SELECT `id`, `tb_logaktivitas`.`log_aktivitas`, `jumlah`, `tanggal`, `catatan`, `tb_logaktivitas`.`status`, `tb_logaktivitas`.`id_dompet`, `nama_dompet`, `saldo`, `saldo_awal`, `ke_iddompet`
FROM `tb_logaktivitas`
JOIN `tb_dompet` ON `tb_dompet`.`id_dompet`=`tb_logaktivitas`.`id_dompet`
WHERE `tanggal` >= :tanggal:
AND `tanggal` <= :tanggal.1:
AND `tb_logaktivitas`.`id_user` = :tb_logaktivitas.id_user:
ORDER BY `tanggal` DESC, `id` DESC', [...], false)
 5 APPPATH\Models\LogaktivitasModel.php(156): CodeIgniter\Database\BaseBuilder->get()
 6 APPPATH\Controllers\Dompet.php(103): App\Models\LogaktivitasModel->getLogBulan('2')
 7 SYSTEMPATH\CodeIgniter.php(941): App\Controllers\Dompet->index()
 8 SYSTEMPATH\CodeIgniter.php(502): CodeIgniter\CodeIgniter->runController(Object(App\Controllers\Dompet))
 9 SYSTEMPATH\CodeIgniter.php(361): CodeIgniter\CodeIgniter->handleRequest(null, Object(Config\Cache), false)
10 FCPATH\index.php(79): CodeIgniter\CodeIgniter->run()
11 SYSTEMPATH\Commands\Server\rewrite.php(47): require_once('F:\\application-ci\\simaung\\public\\index.php')
INFO - 2024-04-01 19:22:34 --> Session: Class initialized using 'CodeIgniter\Session\Handlers\FileHandler' driver.
ERROR - 2024-04-01 19:22:35 --> mysqli_sql_exception: Incorrect DATE value: '2024-04-31' in F:\application-ci\simaung\vendor\codeigniter4\framework\system\Database\MySQLi\Connection.php:306
Stack trace:
#0 F:\application-ci\simaung\vendor\codeigniter4\framework\system\Database\MySQLi\Connection.php(306): mysqli->query('SELECT `id`, `t...', 0)
#1 F:\application-ci\simaung\vendor\codeigniter4\framework\system\Database\BaseConnection.php(693): CodeIgniter\Database\MySQLi\Connection->execute('SELECT `id`, `t...')
#2 F:\application-ci\simaung\vendor\codeigniter4\framework\system\Database\BaseConnection.php(607): CodeIgniter\Database\BaseConnection->simpleQuery('SELECT `id`, `t...')
#3 F:\application-ci\simaung\vendor\codeigniter4\framework\system\Database\BaseBuilder.php(1616): CodeIgniter\Database\BaseConnection->query('SELECT `id`, `t...', Array, false)
#4 F:\application-ci\simaung\app\Models\LogaktivitasModel.php(129): CodeIgniter\Database\BaseBuilder->get()
#5 F:\application-ci\simaung\app\Controllers\Dompet.php(106): App\Models\LogaktivitasModel->getLogBulanIni('2')
#6 F:\application-ci\simaung\vendor\codeigniter4\framework\system\CodeIgniter.php(941): App\Controllers\Dompet->index()
#7 F:\application-ci\simaung\vendor\codeigniter4\framework\system\CodeIgniter.php(502): CodeIgniter\CodeIgniter->runController(Object(App\Controllers\Dompet))
#8 F:\application-ci\simaung\vendor\codeigniter4\framework\system\CodeIgniter.php(361): CodeIgniter\CodeIgniter->handleRequest(NULL, Object(Config\Cache), false)
#9 F:\application-ci\simaung\public\index.php(79): CodeIgniter\CodeIgniter->run()
#10 F:\application-ci\simaung\vendor\codeigniter4\framework\system\Commands\Server\rewrite.php(47): require_once('F:\\application-...')
#11 {main}
CRITICAL - 2024-04-01 19:22:35 --> CodeIgniter\Database\Exceptions\DatabaseException: Incorrect DATE value: '2024-04-31'
in SYSTEMPATH\Database\BaseConnection.php on line 647.
 1 SYSTEMPATH\Database\BaseBuilder.php(1616): CodeIgniter\Database\BaseConnection->query('SELECT `id`, `tb_logaktivitas`.`log_aktivitas`, `jumlah`, `tanggal`, `catatan`, `tb_logaktivitas`.`status`, `tb_logaktivitas`.`id_dompet`, `nama_dompet`, `saldo`, `saldo_awal`, `ke_iddompet`
FROM `tb_logaktivitas`
JOIN `tb_dompet` ON `tb_dompet`.`id_dompet`=`tb_logaktivitas`.`id_dompet`
WHERE `tb_logaktivitas`.`id_user` = :tb_logaktivitas.id_user:
AND `tanggal` >= :tanggal:
AND `tanggal` <= :tanggal.1:', [...], false)
 2 APPPATH\Models\LogaktivitasModel.php(129): CodeIgniter\Database\BaseBuilder->get()
 3 APPPATH\Controllers\Dompet.php(106): App\Models\LogaktivitasModel->getLogBulanIni('2')
 4 SYSTEMPATH\CodeIgniter.php(941): App\Controllers\Dompet->index()
 5 SYSTEMPATH\CodeIgniter.php(502): CodeIgniter\CodeIgniter->runController(Object(App\Controllers\Dompet))
 6 SYSTEMPATH\CodeIgniter.php(361): CodeIgniter\CodeIgniter->handleRequest(null, Object(Config\Cache), false)
 7 FCPATH\index.php(79): CodeIgniter\CodeIgniter->run()
 8 SYSTEMPATH\Commands\Server\rewrite.php(47): require_once('F:\\application-ci\\simaung\\public\\index.php')
CRITICAL - 2024-04-01 19:22:35 --> [Caused by] CodeIgniter\Database\Exceptions\DatabaseException: Incorrect DATE value: '2024-04-31'
in SYSTEMPATH\Database\MySQLi\Connection.php on line 311.
 1 SYSTEMPATH\Database\BaseConnection.php(693): CodeIgniter\Database\MySQLi\Connection->execute('SELECT `id`, `tb_logaktivitas`.`log_aktivitas`, `jumlah`, `tanggal`, `catatan`, `tb_logaktivitas`.`status`, `tb_logaktivitas`.`id_dompet`, `nama_dompet`, `saldo`, `saldo_awal`, `ke_iddompet`
FROM `tb_logaktivitas`
JOIN `tb_dompet` ON `tb_dompet`.`id_dompet`=`tb_logaktivitas`.`id_dompet`
WHERE `tb_logaktivitas`.`id_user` = \'2\'
AND `tanggal` >= \'2024-04-01\'
AND `tanggal` <= \'2024-04-31\'')
 2 SYSTEMPATH\Database\BaseConnection.php(607): CodeIgniter\Database\BaseConnection->simpleQuery('SELECT `id`, `tb_logaktivitas`.`log_aktivitas`, `jumlah`, `tanggal`, `catatan`, `tb_logaktivitas`.`status`, `tb_logaktivitas`.`id_dompet`, `nama_dompet`, `saldo`, `saldo_awal`, `ke_iddompet`
FROM `tb_logaktivitas`
JOIN `tb_dompet` ON `tb_dompet`.`id_dompet`=`tb_logaktivitas`.`id_dompet`
WHERE `tb_logaktivitas`.`id_user` = \'2\'
AND `tanggal` >= \'2024-04-01\'
AND `tanggal` <= \'2024-04-31\'')
 3 SYSTEMPATH\Database\BaseBuilder.php(1616): CodeIgniter\Database\BaseConnection->query('SELECT `id`, `tb_logaktivitas`.`log_aktivitas`, `jumlah`, `tanggal`, `catatan`, `tb_logaktivitas`.`status`, `tb_logaktivitas`.`id_dompet`, `nama_dompet`, `saldo`, `saldo_awal`, `ke_iddompet`
FROM `tb_logaktivitas`
JOIN `tb_dompet` ON `tb_dompet`.`id_dompet`=`tb_logaktivitas`.`id_dompet`
WHERE `tb_logaktivitas`.`id_user` = :tb_logaktivitas.id_user:
AND `tanggal` >= :tanggal:
AND `tanggal` <= :tanggal.1:', [...], false)
 4 APPPATH\Models\LogaktivitasModel.php(129): CodeIgniter\Database\BaseBuilder->get()
 5 APPPATH\Controllers\Dompet.php(106): App\Models\LogaktivitasModel->getLogBulanIni('2')
 6 SYSTEMPATH\CodeIgniter.php(941): App\Controllers\Dompet->index()
 7 SYSTEMPATH\CodeIgniter.php(502): CodeIgniter\CodeIgniter->runController(Object(App\Controllers\Dompet))
 8 SYSTEMPATH\CodeIgniter.php(361): CodeIgniter\CodeIgniter->handleRequest(null, Object(Config\Cache), false)
 9 FCPATH\index.php(79): CodeIgniter\CodeIgniter->run()
10 SYSTEMPATH\Commands\Server\rewrite.php(47): require_once('F:\\application-ci\\simaung\\public\\index.php')
CRITICAL - 2024-04-01 19:22:35 --> [Caused by] mysqli_sql_exception: Incorrect DATE value: '2024-04-31'
in SYSTEMPATH\Database\MySQLi\Connection.php on line 306.
 1 SYSTEMPATH\Database\MySQLi\Connection.php(306): mysqli->query('SELECT `id`, `tb_logaktivitas`.`log_aktivitas`, `jumlah`, `tanggal`, `catatan`, `tb_logaktivitas`.`status`, `tb_logaktivitas`.`id_dompet`, `nama_dompet`, `saldo`, `saldo_awal`, `ke_iddompet`
FROM `tb_logaktivitas`
JOIN `tb_dompet` ON `tb_dompet`.`id_dompet`=`tb_logaktivitas`.`id_dompet`
WHERE `tb_logaktivitas`.`id_user` = \'2\'
AND `tanggal` >= \'2024-04-01\'
AND `tanggal` <= \'2024-04-31\'', 0)
 2 SYSTEMPATH\Database\BaseConnection.php(693): CodeIgniter\Database\MySQLi\Connection->execute('SELECT `id`, `tb_logaktivitas`.`log_aktivitas`, `jumlah`, `tanggal`, `catatan`, `tb_logaktivitas`.`status`, `tb_logaktivitas`.`id_dompet`, `nama_dompet`, `saldo`, `saldo_awal`, `ke_iddompet`
FROM `tb_logaktivitas`
JOIN `tb_dompet` ON `tb_dompet`.`id_dompet`=`tb_logaktivitas`.`id_dompet`
WHERE `tb_logaktivitas`.`id_user` = \'2\'
AND `tanggal` >= \'2024-04-01\'
AND `tanggal` <= \'2024-04-31\'')
 3 SYSTEMPATH\Database\BaseConnection.php(607): CodeIgniter\Database\BaseConnection->simpleQuery('SELECT `id`, `tb_logaktivitas`.`log_aktivitas`, `jumlah`, `tanggal`, `catatan`, `tb_logaktivitas`.`status`, `tb_logaktivitas`.`id_dompet`, `nama_dompet`, `saldo`, `saldo_awal`, `ke_iddompet`
FROM `tb_logaktivitas`
JOIN `tb_dompet` ON `tb_dompet`.`id_dompet`=`tb_logaktivitas`.`id_dompet`
WHERE `tb_logaktivitas`.`id_user` = \'2\'
AND `tanggal` >= \'2024-04-01\'
AND `tanggal` <= \'2024-04-31\'')
 4 SYSTEMPATH\Database\BaseBuilder.php(1616): CodeIgniter\Database\BaseConnection->query('SELECT `id`, `tb_logaktivitas`.`log_aktivitas`, `jumlah`, `tanggal`, `catatan`, `tb_logaktivitas`.`status`, `tb_logaktivitas`.`id_dompet`, `nama_dompet`, `saldo`, `saldo_awal`, `ke_iddompet`
FROM `tb_logaktivitas`
JOIN `tb_dompet` ON `tb_dompet`.`id_dompet`=`tb_logaktivitas`.`id_dompet`
WHERE `tb_logaktivitas`.`id_user` = :tb_logaktivitas.id_user:
AND `tanggal` >= :tanggal:
AND `tanggal` <= :tanggal.1:', [...], false)
 5 APPPATH\Models\LogaktivitasModel.php(129): CodeIgniter\Database\BaseBuilder->get()
 6 APPPATH\Controllers\Dompet.php(106): App\Models\LogaktivitasModel->getLogBulanIni('2')
 7 SYSTEMPATH\CodeIgniter.php(941): App\Controllers\Dompet->index()
 8 SYSTEMPATH\CodeIgniter.php(502): CodeIgniter\CodeIgniter->runController(Object(App\Controllers\Dompet))
 9 SYSTEMPATH\CodeIgniter.php(361): CodeIgniter\CodeIgniter->handleRequest(null, Object(Config\Cache), false)
10 FCPATH\index.php(79): CodeIgniter\CodeIgniter->run()
11 SYSTEMPATH\Commands\Server\rewrite.php(47): require_once('F:\\application-ci\\simaung\\public\\index.php')
INFO - 2024-04-01 19:23:29 --> Session: Class initialized using 'CodeIgniter\Session\Handlers\FileHandler' driver.
ERROR - 2024-04-01 19:23:29 --> mysqli_sql_exception: Incorrect DATE value: '2024-04-31' in F:\application-ci\simaung\vendor\codeigniter4\framework\system\Database\MySQLi\Connection.php:306
Stack trace:
#0 F:\application-ci\simaung\vendor\codeigniter4\framework\system\Database\MySQLi\Connection.php(306): mysqli->query('SELECT `id`, `t...', 0)
#1 F:\application-ci\simaung\vendor\codeigniter4\framework\system\Database\BaseConnection.php(693): CodeIgniter\Database\MySQLi\Connection->execute('SELECT `id`, `t...')
#2 F:\application-ci\simaung\vendor\codeigniter4\framework\system\Database\BaseConnection.php(607): CodeIgniter\Database\BaseConnection->simpleQuery('SELECT `id`, `t...')
#3 F:\application-ci\simaung\vendor\codeigniter4\framework\system\Database\BaseBuilder.php(1616): CodeIgniter\Database\BaseConnection->query('SELECT `id`, `t...', Array, false)
#4 F:\application-ci\simaung\app\Models\LogaktivitasModel.php(129): CodeIgniter\Database\BaseBuilder->get()
#5 F:\application-ci\simaung\app\Controllers\Dompet.php(106): App\Models\LogaktivitasModel->getLogBulanIni('2')
#6 F:\application-ci\simaung\vendor\codeigniter4\framework\system\CodeIgniter.php(941): App\Controllers\Dompet->index()
#7 F:\application-ci\simaung\vendor\codeigniter4\framework\system\CodeIgniter.php(502): CodeIgniter\CodeIgniter->runController(Object(App\Controllers\Dompet))
#8 F:\application-ci\simaung\vendor\codeigniter4\framework\system\CodeIgniter.php(361): CodeIgniter\CodeIgniter->handleRequest(NULL, Object(Config\Cache), false)
#9 F:\application-ci\simaung\public\index.php(79): CodeIgniter\CodeIgniter->run()
#10 F:\application-ci\simaung\vendor\codeigniter4\framework\system\Commands\Server\rewrite.php(47): require_once('F:\\application-...')
#11 {main}
CRITICAL - 2024-04-01 19:23:29 --> CodeIgniter\Database\Exceptions\DatabaseException: Incorrect DATE value: '2024-04-31'
in SYSTEMPATH\Database\BaseConnection.php on line 647.
 1 SYSTEMPATH\Database\BaseBuilder.php(1616): CodeIgniter\Database\BaseConnection->query('SELECT `id`, `tb_logaktivitas`.`log_aktivitas`, `jumlah`, `tanggal`, `catatan`, `tb_logaktivitas`.`status`, `tb_logaktivitas`.`id_dompet`, `nama_dompet`, `saldo`, `saldo_awal`, `ke_iddompet`
FROM `tb_logaktivitas`
JOIN `tb_dompet` ON `tb_dompet`.`id_dompet`=`tb_logaktivitas`.`id_dompet`
WHERE `tb_logaktivitas`.`id_user` = :tb_logaktivitas.id_user:
AND `tanggal` >= :tanggal:
AND `tanggal` <= :tanggal.1:', [...], false)
 2 APPPATH\Models\LogaktivitasModel.php(129): CodeIgniter\Database\BaseBuilder->get()
 3 APPPATH\Controllers\Dompet.php(106): App\Models\LogaktivitasModel->getLogBulanIni('2')
 4 SYSTEMPATH\CodeIgniter.php(941): App\Controllers\Dompet->index()
 5 SYSTEMPATH\CodeIgniter.php(502): CodeIgniter\CodeIgniter->runController(Object(App\Controllers\Dompet))
 6 SYSTEMPATH\CodeIgniter.php(361): CodeIgniter\CodeIgniter->handleRequest(null, Object(Config\Cache), false)
 7 FCPATH\index.php(79): CodeIgniter\CodeIgniter->run()
 8 SYSTEMPATH\Commands\Server\rewrite.php(47): require_once('F:\\application-ci\\simaung\\public\\index.php')
CRITICAL - 2024-04-01 19:23:29 --> [Caused by] CodeIgniter\Database\Exceptions\DatabaseException: Incorrect DATE value: '2024-04-31'
in SYSTEMPATH\Database\MySQLi\Connection.php on line 311.
 1 SYSTEMPATH\Database\BaseConnection.php(693): CodeIgniter\Database\MySQLi\Connection->execute('SELECT `id`, `tb_logaktivitas`.`log_aktivitas`, `jumlah`, `tanggal`, `catatan`, `tb_logaktivitas`.`status`, `tb_logaktivitas`.`id_dompet`, `nama_dompet`, `saldo`, `saldo_awal`, `ke_iddompet`
FROM `tb_logaktivitas`
JOIN `tb_dompet` ON `tb_dompet`.`id_dompet`=`tb_logaktivitas`.`id_dompet`
WHERE `tb_logaktivitas`.`id_user` = \'2\'
AND `tanggal` >= \'2024-04-01\'
AND `tanggal` <= \'2024-04-31\'')
 2 SYSTEMPATH\Database\BaseConnection.php(607): CodeIgniter\Database\BaseConnection->simpleQuery('SELECT `id`, `tb_logaktivitas`.`log_aktivitas`, `jumlah`, `tanggal`, `catatan`, `tb_logaktivitas`.`status`, `tb_logaktivitas`.`id_dompet`, `nama_dompet`, `saldo`, `saldo_awal`, `ke_iddompet`
FROM `tb_logaktivitas`
JOIN `tb_dompet` ON `tb_dompet`.`id_dompet`=`tb_logaktivitas`.`id_dompet`
WHERE `tb_logaktivitas`.`id_user` = \'2\'
AND `tanggal` >= \'2024-04-01\'
AND `tanggal` <= \'2024-04-31\'')
 3 SYSTEMPATH\Database\BaseBuilder.php(1616): CodeIgniter\Database\BaseConnection->query('SELECT `id`, `tb_logaktivitas`.`log_aktivitas`, `jumlah`, `tanggal`, `catatan`, `tb_logaktivitas`.`status`, `tb_logaktivitas`.`id_dompet`, `nama_dompet`, `saldo`, `saldo_awal`, `ke_iddompet`
FROM `tb_logaktivitas`
JOIN `tb_dompet` ON `tb_dompet`.`id_dompet`=`tb_logaktivitas`.`id_dompet`
WHERE `tb_logaktivitas`.`id_user` = :tb_logaktivitas.id_user:
AND `tanggal` >= :tanggal:
AND `tanggal` <= :tanggal.1:', [...], false)
 4 APPPATH\Models\LogaktivitasModel.php(129): CodeIgniter\Database\BaseBuilder->get()
 5 APPPATH\Controllers\Dompet.php(106): App\Models\LogaktivitasModel->getLogBulanIni('2')
 6 SYSTEMPATH\CodeIgniter.php(941): App\Controllers\Dompet->index()
 7 SYSTEMPATH\CodeIgniter.php(502): CodeIgniter\CodeIgniter->runController(Object(App\Controllers\Dompet))
 8 SYSTEMPATH\CodeIgniter.php(361): CodeIgniter\CodeIgniter->handleRequest(null, Object(Config\Cache), false)
 9 FCPATH\index.php(79): CodeIgniter\CodeIgniter->run()
10 SYSTEMPATH\Commands\Server\rewrite.php(47): require_once('F:\\application-ci\\simaung\\public\\index.php')
CRITICAL - 2024-04-01 19:23:29 --> [Caused by] mysqli_sql_exception: Incorrect DATE value: '2024-04-31'
in SYSTEMPATH\Database\MySQLi\Connection.php on line 306.
 1 SYSTEMPATH\Database\MySQLi\Connection.php(306): mysqli->query('SELECT `id`, `tb_logaktivitas`.`log_aktivitas`, `jumlah`, `tanggal`, `catatan`, `tb_logaktivitas`.`status`, `tb_logaktivitas`.`id_dompet`, `nama_dompet`, `saldo`, `saldo_awal`, `ke_iddompet`
FROM `tb_logaktivitas`
JOIN `tb_dompet` ON `tb_dompet`.`id_dompet`=`tb_logaktivitas`.`id_dompet`
WHERE `tb_logaktivitas`.`id_user` = \'2\'
AND `tanggal` >= \'2024-04-01\'
AND `tanggal` <= \'2024-04-31\'', 0)
 2 SYSTEMPATH\Database\BaseConnection.php(693): CodeIgniter\Database\MySQLi\Connection->execute('SELECT `id`, `tb_logaktivitas`.`log_aktivitas`, `jumlah`, `tanggal`, `catatan`, `tb_logaktivitas`.`status`, `tb_logaktivitas`.`id_dompet`, `nama_dompet`, `saldo`, `saldo_awal`, `ke_iddompet`
FROM `tb_logaktivitas`
JOIN `tb_dompet` ON `tb_dompet`.`id_dompet`=`tb_logaktivitas`.`id_dompet`
WHERE `tb_logaktivitas`.`id_user` = \'2\'
AND `tanggal` >= \'2024-04-01\'
AND `tanggal` <= \'2024-04-31\'')
 3 SYSTEMPATH\Database\BaseConnection.php(607): CodeIgniter\Database\BaseConnection->simpleQuery('SELECT `id`, `tb_logaktivitas`.`log_aktivitas`, `jumlah`, `tanggal`, `catatan`, `tb_logaktivitas`.`status`, `tb_logaktivitas`.`id_dompet`, `nama_dompet`, `saldo`, `saldo_awal`, `ke_iddompet`
FROM `tb_logaktivitas`
JOIN `tb_dompet` ON `tb_dompet`.`id_dompet`=`tb_logaktivitas`.`id_dompet`
WHERE `tb_logaktivitas`.`id_user` = \'2\'
AND `tanggal` >= \'2024-04-01\'
AND `tanggal` <= \'2024-04-31\'')
 4 SYSTEMPATH\Database\BaseBuilder.php(1616): CodeIgniter\Database\BaseConnection->query('SELECT `id`, `tb_logaktivitas`.`log_aktivitas`, `jumlah`, `tanggal`, `catatan`, `tb_logaktivitas`.`status`, `tb_logaktivitas`.`id_dompet`, `nama_dompet`, `saldo`, `saldo_awal`, `ke_iddompet`
FROM `tb_logaktivitas`
JOIN `tb_dompet` ON `tb_dompet`.`id_dompet`=`tb_logaktivitas`.`id_dompet`
WHERE `tb_logaktivitas`.`id_user` = :tb_logaktivitas.id_user:
AND `tanggal` >= :tanggal:
AND `tanggal` <= :tanggal.1:', [...], false)
 5 APPPATH\Models\LogaktivitasModel.php(129): CodeIgniter\Database\BaseBuilder->get()
 6 APPPATH\Controllers\Dompet.php(106): App\Models\LogaktivitasModel->getLogBulanIni('2')
 7 SYSTEMPATH\CodeIgniter.php(941): App\Controllers\Dompet->index()
 8 SYSTEMPATH\CodeIgniter.php(502): CodeIgniter\CodeIgniter->runController(Object(App\Controllers\Dompet))
 9 SYSTEMPATH\CodeIgniter.php(361): CodeIgniter\CodeIgniter->handleRequest(null, Object(Config\Cache), false)
10 FCPATH\index.php(79): CodeIgniter\CodeIgniter->run()
11 SYSTEMPATH\Commands\Server\rewrite.php(47): require_once('F:\\application-ci\\simaung\\public\\index.php')
INFO - 2024-04-01 19:23:58 --> Session: Class initialized using 'CodeIgniter\Session\Handlers\FileHandler' driver.
INFO - 2024-04-01 19:24:12 --> Session: Class initialized using 'CodeIgniter\Session\Handlers\FileHandler' driver.
INFO - 2024-04-01 19:24:12 --> Session: Class initialized using 'CodeIgniter\Session\Handlers\FileHandler' driver.
INFO - 2024-04-01 19:39:39 --> Session: Class initialized using 'CodeIgniter\Session\Handlers\FileHandler' driver.
INFO - 2024-04-01 19:39:42 --> Session: Class initialized using 'CodeIgniter\Session\Handlers\FileHandler' driver.
INFO - 2024-04-01 19:39:42 --> Session: Class initialized using 'CodeIgniter\Session\Handlers\FileHandler' driver.
INFO - 2024-04-01 19:40:24 --> Session: Class initialized using 'CodeIgniter\Session\Handlers\FileHandler' driver.
INFO - 2024-04-01 19:40:27 --> Session: Class initialized using 'CodeIgniter\Session\Handlers\FileHandler' driver.
INFO - 2024-04-01 19:40:27 --> Session: Class initialized using 'CodeIgniter\Session\Handlers\FileHandler' driver.
INFO - 2024-04-01 19:40:41 --> Session: Class initialized using 'CodeIgniter\Session\Handlers\FileHandler' driver.
INFO - 2024-04-01 19:40:41 --> Session: Class initialized using 'CodeIgniter\Session\Handlers\FileHandler' driver.
INFO - 2024-04-01 19:40:57 --> CSRF token verified.
INFO - 2024-04-01 19:40:57 --> Session: Class initialized using 'CodeIgniter\Session\Handlers\FileHandler' driver.
INFO - 2024-04-01 19:40:57 --> Session: Class initialized using 'CodeIgniter\Session\Handlers\FileHandler' driver.
INFO - 2024-04-01 19:40:59 --> Session: Class initialized using 'CodeIgniter\Session\Handlers\FileHandler' driver.
INFO - 2024-04-01 19:41:00 --> Session: Class initialized using 'CodeIgniter\Session\Handlers\FileHandler' driver.
