CRITICAL - 2023-12-02 10:34:15 --> explode(): Argument #1 ($separator) cannot be empty
in APPPATH\Views\piutang\index.php on line 16.
 1 APPPATH\Views\piutang\index.php(16): explode('', 'K')
 2 SYSTEMPATH\View\View.php(226): include('F:\\application-ci\\simaung\\app\\Views\\piutang\\index.php')
 3 SYSTEMPATH\View\View.php(229): CodeIgniter\View\View->CodeIgniter\View\{closure}()
 4 SYSTEMPATH\Common.php(1188): CodeIgniter\View\View->render('piutang/index', [], true)
 5 APPPATH\Controllers\Piutang.php(22): view('piutang/index', [...])
 6 SYSTEMPATH\CodeIgniter.php(919): App\Controllers\Piutang->index()
 7 SYSTEMPATH\CodeIgniter.php(494): CodeIgniter\CodeIgniter->runController(Object(App\Controllers\Piutang))
 8 SYSTEMPATH\CodeIgniter.php(353): CodeIgniter\CodeIgniter->handleRequest(null, Object(Config\Cache), false)
 9 FCPATH\index.php(79): CodeIgniter\CodeIgniter->run()
10 SYSTEMPATH\Commands\Server\rewrite.php(47): require_once('F:\\application-ci\\simaung\\public\\index.php')
CRITICAL - 2023-12-02 10:34:32 --> Array to string conversion
in APPPATH\Views\piutang\index.php on line 18.
 1 APPPATH\Views\piutang\index.php(18): CodeIgniter\Debug\Exceptions->errorHandler(2, 'Array to string conversion', 'F:\\application-ci\\simaung\\app\\Views\\piutang\\index.php', 18)
 2 SYSTEMPATH\View\View.php(226): include('F:\\application-ci\\simaung\\app\\Views\\piutang\\index.php')
 3 SYSTEMPATH\View\View.php(229): CodeIgniter\View\View->CodeIgniter\View\{closure}()
 4 SYSTEMPATH\Common.php(1188): CodeIgniter\View\View->render('piutang/index', [], true)
 5 APPPATH\Controllers\Piutang.php(22): view('piutang/index', [...])
 6 SYSTEMPATH\CodeIgniter.php(919): App\Controllers\Piutang->index()
 7 SYSTEMPATH\CodeIgniter.php(494): CodeIgniter\CodeIgniter->runController(Object(App\Controllers\Piutang))
 8 SYSTEMPATH\CodeIgniter.php(353): CodeIgniter\CodeIgniter->handleRequest(null, Object(Config\Cache), false)
 9 FCPATH\index.php(79): CodeIgniter\CodeIgniter->run()
10 SYSTEMPATH\Commands\Server\rewrite.php(47): require_once('F:\\application-ci\\simaung\\public\\index.php')
CRITICAL - 2023-12-02 10:38:38 --> explode(): Argument #2 ($string) must be of type string, array given
in APPPATH\Views\piutang\index.php on line 17.
 1 APPPATH\Views\piutang\index.php(17): explode(' ', [...])
 2 SYSTEMPATH\View\View.php(226): include('F:\\application-ci\\simaung\\app\\Views\\piutang\\index.php')
 3 SYSTEMPATH\View\View.php(229): CodeIgniter\View\View->CodeIgniter\View\{closure}()
 4 SYSTEMPATH\Common.php(1188): CodeIgniter\View\View->render('piutang/index', [], true)
 5 APPPATH\Controllers\Piutang.php(22): view('piutang/index', [...])
 6 SYSTEMPATH\CodeIgniter.php(919): App\Controllers\Piutang->index()
 7 SYSTEMPATH\CodeIgniter.php(494): CodeIgniter\CodeIgniter->runController(Object(App\Controllers\Piutang))
 8 SYSTEMPATH\CodeIgniter.php(353): CodeIgniter\CodeIgniter->handleRequest(null, Object(Config\Cache), false)
 9 FCPATH\index.php(79): CodeIgniter\CodeIgniter->run()
10 SYSTEMPATH\Commands\Server\rewrite.php(47): require_once('F:\\application-ci\\simaung\\public\\index.php')
CRITICAL - 2023-12-02 10:42:38 --> Call to undefined function split()
in APPPATH\Views\piutang\index.php on line 17.
 1 SYSTEMPATH\View\View.php(226): include()
 2 SYSTEMPATH\View\View.php(229): CodeIgniter\View\View->CodeIgniter\View\{closure}()
 3 SYSTEMPATH\Common.php(1188): CodeIgniter\View\View->render('piutang/index', [], true)
 4 APPPATH\Controllers\Piutang.php(22): view('piutang/index', [...])
 5 SYSTEMPATH\CodeIgniter.php(919): App\Controllers\Piutang->index()
 6 SYSTEMPATH\CodeIgniter.php(494): CodeIgniter\CodeIgniter->runController(Object(App\Controllers\Piutang))
 7 SYSTEMPATH\CodeIgniter.php(353): CodeIgniter\CodeIgniter->handleRequest(null, Object(Config\Cache), false)
 8 FCPATH\index.php(79): CodeIgniter\CodeIgniter->run()
 9 SYSTEMPATH\Commands\Server\rewrite.php(47): require_once('F:\\application-ci\\simaung\\public\\index.php')
CRITICAL - 2023-12-02 11:12:58 --> Cannot redeclare inisial() (previously declared in F:\application-ci\simaung\app\Views\piutang\index.php:19)
in APPPATH\Views\piutang\index.php on line 19.
 1 [internal function]: CodeIgniter\Debug\Exceptions->shutdownHandler()
CRITICAL - 2023-12-02 11:15:37 --> Undefined variable $arr
in APPPATH\Views\piutang\index.php on line 30.
 1 APPPATH\Views\piutang\index.php(30): CodeIgniter\Debug\Exceptions->errorHandler(2, 'Undefined variable $arr', 'F:\\application-ci\\simaung\\app\\Views\\piutang\\index.php', 30)
 2 SYSTEMPATH\View\View.php(226): include('F:\\application-ci\\simaung\\app\\Views\\piutang\\index.php')
 3 SYSTEMPATH\View\View.php(229): CodeIgniter\View\View->CodeIgniter\View\{closure}()
 4 SYSTEMPATH\Common.php(1188): CodeIgniter\View\View->render('piutang/index', [], true)
 5 APPPATH\Controllers\Piutang.php(22): view('piutang/index', [...])
 6 SYSTEMPATH\CodeIgniter.php(919): App\Controllers\Piutang->index()
 7 SYSTEMPATH\CodeIgniter.php(494): CodeIgniter\CodeIgniter->runController(Object(App\Controllers\Piutang))
 8 SYSTEMPATH\CodeIgniter.php(353): CodeIgniter\CodeIgniter->handleRequest(null, Object(Config\Cache), false)
 9 FCPATH\index.php(79): CodeIgniter\CodeIgniter->run()
10 SYSTEMPATH\Commands\Server\rewrite.php(47): require_once('F:\\application-ci\\simaung\\public\\index.php')
ERROR - 2023-12-02 19:22:09 --> mysqli_sql_exception: Unknown column 'slug' in 'where clause' in F:\application-ci\simaung\vendor\codeigniter4\framework\system\Database\MySQLi\Connection.php:306
Stack trace:
#0 F:\application-ci\simaung\vendor\codeigniter4\framework\system\Database\MySQLi\Connection.php(306): mysqli->query('SELECT *\nFROM `...', 0)
#1 F:\application-ci\simaung\vendor\codeigniter4\framework\system\Database\BaseConnection.php(692): CodeIgniter\Database\MySQLi\Connection->execute('SELECT *\nFROM `...')
#2 F:\application-ci\simaung\vendor\codeigniter4\framework\system\Database\BaseConnection.php(606): CodeIgniter\Database\BaseConnection->simpleQuery('SELECT *\nFROM `...')
#3 F:\application-ci\simaung\vendor\codeigniter4\framework\system\Database\BaseBuilder.php(1615): CodeIgniter\Database\BaseConnection->query('SELECT *\nFROM `...', Array, false)
#4 F:\application-ci\simaung\vendor\codeigniter4\framework\system\Model.php(264): CodeIgniter\Database\BaseBuilder->get()
#5 F:\application-ci\simaung\vendor\codeigniter4\framework\system\BaseModel.php(662): CodeIgniter\Model->doFirst()
#6 F:\application-ci\simaung\app\Models\PiutangModel.php(48): CodeIgniter\BaseModel->first()
#7 F:\application-ci\simaung\app\Controllers\Piutang.php(29): App\Models\PiutangModel->getPiutang('1')
#8 F:\application-ci\simaung\vendor\codeigniter4\framework\system\CodeIgniter.php(919): App\Controllers\Piutang->detail('1')
#9 F:\application-ci\simaung\vendor\codeigniter4\framework\system\CodeIgniter.php(494): CodeIgniter\CodeIgniter->runController(Object(App\Controllers\Piutang))
#10 F:\application-ci\simaung\vendor\codeigniter4\framework\system\CodeIgniter.php(353): CodeIgniter\CodeIgniter->handleRequest(NULL, Object(Config\Cache), false)
#11 F:\application-ci\simaung\public\index.php(79): CodeIgniter\CodeIgniter->run()
#12 F:\application-ci\simaung\vendor\codeigniter4\framework\system\Commands\Server\rewrite.php(47): require_once('F:\\application-...')
#13 {main}
CRITICAL - 2023-12-02 19:22:09 --> Unknown column 'slug' in 'where clause'
in SYSTEMPATH\Database\BaseConnection.php on line 646.
 1 SYSTEMPATH\Database\BaseBuilder.php(1615): CodeIgniter\Database\BaseConnection->query('SELECT *
FROM `tb_piutang`
WHERE `slug` = :slug:
 LIMIT 1', [...], false)
 2 SYSTEMPATH\Model.php(264): CodeIgniter\Database\BaseBuilder->get()
 3 SYSTEMPATH\BaseModel.php(662): CodeIgniter\Model->doFirst()
 4 APPPATH\Models\PiutangModel.php(48): CodeIgniter\BaseModel->first()
 5 APPPATH\Controllers\Piutang.php(29): App\Models\PiutangModel->getPiutang('1')
 6 SYSTEMPATH\CodeIgniter.php(919): App\Controllers\Piutang->detail('1')
 7 SYSTEMPATH\CodeIgniter.php(494): CodeIgniter\CodeIgniter->runController(Object(App\Controllers\Piutang))
 8 SYSTEMPATH\CodeIgniter.php(353): CodeIgniter\CodeIgniter->handleRequest(null, Object(Config\Cache), false)
 9 FCPATH\index.php(79): CodeIgniter\CodeIgniter->run()
10 SYSTEMPATH\Commands\Server\rewrite.php(47): require_once('F:\\application-ci\\simaung\\public\\index.php')
ERROR - 2023-12-02 19:22:34 --> mysqli_sql_exception: Unknown column 'slug' in 'where clause' in F:\application-ci\simaung\vendor\codeigniter4\framework\system\Database\MySQLi\Connection.php:306
Stack trace:
#0 F:\application-ci\simaung\vendor\codeigniter4\framework\system\Database\MySQLi\Connection.php(306): mysqli->query('SELECT *\nFROM `...', 0)
#1 F:\application-ci\simaung\vendor\codeigniter4\framework\system\Database\BaseConnection.php(692): CodeIgniter\Database\MySQLi\Connection->execute('SELECT *\nFROM `...')
#2 F:\application-ci\simaung\vendor\codeigniter4\framework\system\Database\BaseConnection.php(606): CodeIgniter\Database\BaseConnection->simpleQuery('SELECT *\nFROM `...')
#3 F:\application-ci\simaung\vendor\codeigniter4\framework\system\Database\BaseBuilder.php(1615): CodeIgniter\Database\BaseConnection->query('SELECT *\nFROM `...', Array, false)
#4 F:\application-ci\simaung\vendor\codeigniter4\framework\system\Model.php(264): CodeIgniter\Database\BaseBuilder->get()
#5 F:\application-ci\simaung\vendor\codeigniter4\framework\system\BaseModel.php(662): CodeIgniter\Model->doFirst()
#6 F:\application-ci\simaung\app\Models\PiutangModel.php(48): CodeIgniter\BaseModel->first()
#7 F:\application-ci\simaung\app\Controllers\Piutang.php(29): App\Models\PiutangModel->getPiutang('1')
#8 F:\application-ci\simaung\vendor\codeigniter4\framework\system\CodeIgniter.php(919): App\Controllers\Piutang->detail('1')
#9 F:\application-ci\simaung\vendor\codeigniter4\framework\system\CodeIgniter.php(494): CodeIgniter\CodeIgniter->runController(Object(App\Controllers\Piutang))
#10 F:\application-ci\simaung\vendor\codeigniter4\framework\system\CodeIgniter.php(353): CodeIgniter\CodeIgniter->handleRequest(NULL, Object(Config\Cache), false)
#11 F:\application-ci\simaung\public\index.php(79): CodeIgniter\CodeIgniter->run()
#12 F:\application-ci\simaung\vendor\codeigniter4\framework\system\Commands\Server\rewrite.php(47): require_once('F:\\application-...')
#13 {main}
CRITICAL - 2023-12-02 19:22:34 --> Unknown column 'slug' in 'where clause'
in SYSTEMPATH\Database\BaseConnection.php on line 646.
 1 SYSTEMPATH\Database\BaseBuilder.php(1615): CodeIgniter\Database\BaseConnection->query('SELECT *
FROM `tb_piutang`
WHERE `slug` = :slug:
 LIMIT 1', [...], false)
 2 SYSTEMPATH\Model.php(264): CodeIgniter\Database\BaseBuilder->get()
 3 SYSTEMPATH\BaseModel.php(662): CodeIgniter\Model->doFirst()
 4 APPPATH\Models\PiutangModel.php(48): CodeIgniter\BaseModel->first()
 5 APPPATH\Controllers\Piutang.php(29): App\Models\PiutangModel->getPiutang('1')
 6 SYSTEMPATH\CodeIgniter.php(919): App\Controllers\Piutang->detail('1')
 7 SYSTEMPATH\CodeIgniter.php(494): CodeIgniter\CodeIgniter->runController(Object(App\Controllers\Piutang))
 8 SYSTEMPATH\CodeIgniter.php(353): CodeIgniter\CodeIgniter->handleRequest(null, Object(Config\Cache), false)
 9 FCPATH\index.php(79): CodeIgniter\CodeIgniter->run()
10 SYSTEMPATH\Commands\Server\rewrite.php(47): require_once('F:\\application-ci\\simaung\\public\\index.php')
CRITICAL - 2023-12-02 19:47:48 --> Undefined array key "nonimal"
in APPPATH\Views\piutang\detail.php on line 59.
 1 APPPATH\Views\piutang\detail.php(59): CodeIgniter\Debug\Exceptions->errorHandler(2, 'Undefined array key "nonimal"', 'F:\\application-ci\\simaung\\app\\Views\\piutang\\detail.php', 59)
 2 SYSTEMPATH\View\View.php(226): include('F:\\application-ci\\simaung\\app\\Views\\piutang\\detail.php')
 3 SYSTEMPATH\View\View.php(229): CodeIgniter\View\View->CodeIgniter\View\{closure}()
 4 SYSTEMPATH\Common.php(1188): CodeIgniter\View\View->render('piutang/detail', [], true)
 5 APPPATH\Controllers\Piutang.php(31): view('piutang/detail', [...])
 6 SYSTEMPATH\CodeIgniter.php(919): App\Controllers\Piutang->detail('1')
 7 SYSTEMPATH\CodeIgniter.php(494): CodeIgniter\CodeIgniter->runController(Object(App\Controllers\Piutang))
 8 SYSTEMPATH\CodeIgniter.php(353): CodeIgniter\CodeIgniter->handleRequest(null, Object(Config\Cache), false)
 9 FCPATH\index.php(79): CodeIgniter\CodeIgniter->run()
10 SYSTEMPATH\Commands\Server\rewrite.php(47): require_once('F:\\application-ci\\simaung\\public\\index.php')
