INFO - 2024-02-20 11:40:53 --> Session: Class initialized using 'CodeIgniter\Session\Handlers\FileHandler' driver.
INFO - 2024-02-20 11:41:00 --> Session: Class initialized using 'CodeIgniter\Session\Handlers\FileHandler' driver.
INFO - 2024-02-20 12:00:49 --> Session: Class initialized using 'CodeIgniter\Session\Handlers\FileHandler' driver.
CRITICAL - 2024-02-20 14:21:44 --> Config\App::$baseURL is invalid.
in SYSTEMPATH\HTTP\SiteURI.php on line 197.
 1 SYSTEMPATH\HTTP\SiteURI.php(143): CodeIgniter\HTTP\SiteURI->normalizeBaseURL(Object(Config\App))
 2 SYSTEMPATH\HTTP\SiteURI.php(98): CodeIgniter\HTTP\SiteURI->determineBaseURL(Object(Config\App), null, null)
 3 SYSTEMPATH\HTTP\SiteURIFactory.php(222): CodeIgniter\HTTP\SiteURI->__construct(Object(Config\App), '/', null)
 4 SYSTEMPATH\HTTP\SiteURIFactory.php(43): CodeIgniter\HTTP\SiteURIFactory->createURIFromRoutePath('/')
 5 SYSTEMPATH\Config\Services.php(798): CodeIgniter\HTTP\SiteURIFactory->createFromGlobals()
 6 SYSTEMPATH\Config\BaseService.php(258): CodeIgniter\Config\Services::uri(null, false)
 7 SYSTEMPATH\Config\BaseService.php(199): CodeIgniter\Config\BaseService::__callStatic('uri', [...])
 8 SYSTEMPATH\Config\Services.php(791): CodeIgniter\Config\BaseService::getSharedInstance('uri', null)
 9 SYSTEMPATH\Config\BaseService.php(258): CodeIgniter\Config\Services::uri()
10 SYSTEMPATH\Config\Services.php(565): CodeIgniter\Config\BaseService::__callStatic('uri', [])
11 SYSTEMPATH\Config\Services.php(523): CodeIgniter\Config\Services::incomingrequest(Object(Config\App), false)
12 SYSTEMPATH\Config\BaseService.php(258): CodeIgniter\Config\Services::request(Object(Config\App), false)
13 SYSTEMPATH\Config\BaseService.php(199): CodeIgniter\Config\BaseService::__callStatic('request', [...])
14 SYSTEMPATH\Config\Services.php(558): CodeIgniter\Config\BaseService::getSharedInstance('request', Object(Config\App))
15 SYSTEMPATH\Config\BaseService.php(258): CodeIgniter\Config\Services::incomingrequest(Object(Config\App))
16 SYSTEMPATH\Config\Services.php(538): CodeIgniter\Config\BaseService::__callStatic('incomingrequest', [...])
17 SYSTEMPATH\Config\BaseService.php(258): CodeIgniter\Config\Services::createRequest(Object(Config\App))
18 SYSTEMPATH\CodeIgniter.php(639): CodeIgniter\Config\BaseService::__callStatic('createRequest', [...])
19 SYSTEMPATH\CodeIgniter.php(347): CodeIgniter\CodeIgniter->getRequestObject()
20 FCPATH\index.php(79): CodeIgniter\CodeIgniter->run()
21 SYSTEMPATH\Commands\Server\rewrite.php(47): require_once('F:\\application-ci\\simaung\\public\\index.php')
CRITICAL - 2024-02-20 14:21:44 --> Uncaught CodeIgniter\Exceptions\ConfigException: Config\App::$baseURL is invalid. in F:\application-ci\simaung\vendor\codeigniter4\framework\system\HTTP\SiteURI.php:197
Stack trace:
#0 F:\application-ci\simaung\vendor\codeigniter4\framework\system\HTTP\SiteURI.php(143): CodeIgniter\HTTP\SiteURI->normalizeBaseURL(Object(Config\App))
#1 F:\application-ci\simaung\vendor\codeigniter4\framework\system\HTTP\SiteURI.php(98): CodeIgniter\HTTP\SiteURI->determineBaseURL(Object(Config\App), NULL, NULL)
#2 F:\application-ci\simaung\vendor\codeigniter4\framework\system\HTTP\SiteURIFactory.php(222): CodeIgniter\HTTP\SiteURI->__construct(Object(Config\App), '/', NULL)
#3 F:\application-ci\simaung\vendor\codeigniter4\framework\system\HTTP\SiteURIFactory.php(43): CodeIgniter\HTTP\SiteURIFactory->createURIFromRoutePath('/')
#4 F:\application-ci\simaung\vendor\codeigniter4\framework\system\Config\Services.php(798): CodeIgniter\HTTP\SiteURIFactory->createFromGlobals()
#5 F:\application-ci\simaung\vendor\codeigniter4\framework\system\Config\BaseService.php(258): CodeIgniter\Config\Services::uri(NULL, false)
#6 F:\application-ci\simaung\vendor\codeigniter4\framework\system\Config\BaseService.php(199): CodeIgniter\Config\BaseService::__callStatic('uri', Array)
#7 F:\application-ci\simaung\vendor\codeigniter4\framework\system\Config\Services.php(791): CodeIgniter\Config\BaseService::getSharedInstance('uri', NULL)
#8 F:\application-ci\simaung\vendor\codeigniter4\framework\system\Config\BaseService.php(258): CodeIgniter\Config\Services::uri()
#9 F:\application-ci\simaung\vendor\codeigniter4\framework\system\Config\Services.php(565): CodeIgniter\Config\BaseService::__callStatic('uri', Array)
#10 F:\application-ci\simaung\vendor\codeigniter4\framework\system\Config\Services.php(523): CodeIgniter\Config\Services::incomingrequest(Object(Config\App), false)
#11 F:\application-ci\simaung\vendor\codeigniter4\framework\system\Config\BaseService.php(258): CodeIgniter\Config\Services::request(NULL, false)
#12 F:\application-ci\simaung\vendor\codeigniter4\framework\system\Config\BaseService.php(199): CodeIgniter\Config\BaseService::__callStatic('request', Array)
#13 F:\application-ci\simaung\vendor\codeigniter4\framework\system\Config\Services.php(519): CodeIgniter\Config\BaseService::getSharedInstance('request', NULL)
#14 F:\application-ci\simaung\vendor\codeigniter4\framework\system\Config\BaseService.php(258): CodeIgniter\Config\Services::request()
#15 F:\application-ci\simaung\vendor\codeigniter4\framework\system\Debug\Exceptions.php(135): CodeIgniter\Config\BaseService::__callStatic('request', Array)
#16 [internal function]: CodeIgniter\Debug\Exceptions->exceptionHandler(Object(CodeIgniter\Exceptions\ConfigException))
#17 {main}
  thrown
【Previous Exception】
CodeIgniter\Exceptions\ConfigException
Config\App::$baseURL is invalid.
#0 F:\application-ci\simaung\vendor\codeigniter4\framework\system\HTTP\SiteURI.php(143): CodeIgniter\HTTP\SiteURI->normalizeBaseURL(Object(Config\App))
#1 F:\application-ci\simaung\vendor\codeigniter4\framework\system\HTTP\SiteURI.php(98): CodeIgniter\HTTP\SiteURI->determineBaseURL(Object(Config\App), NULL, NULL)
#2 F:\application-ci\simaung\vendor\codeigniter4\framework\system\HTTP\SiteURIFactory.php(222): CodeIgniter\HTTP\SiteURI->__construct(Object(Config\App), '/', NULL)
#3 F:\application-ci\simaung\vendor\codeigniter4\framework\system\HTTP\SiteURIFactory.php(43): CodeIgniter\HTTP\SiteURIFactory->createURIFromRoutePath('/')
#4 F:\application-ci\simaung\vendor\codeigniter4\framework\system\Config\Services.php(798): CodeIgniter\HTTP\SiteURIFactory->createFromGlobals()
#5 F:\application-ci\simaung\vendor\codeigniter4\framework\system\Config\BaseService.php(258): CodeIgniter\Config\Services::uri(NULL, false)
#6 F:\application-ci\simaung\vendor\codeigniter4\framework\system\Config\BaseService.php(199): CodeIgniter\Config\BaseService::__callStatic('uri', Array)
#7 F:\application-ci\simaung\vendor\codeigniter4\framework\system\Config\Services.php(791): CodeIgniter\Config\BaseService::getSharedInstance('uri', NULL)
#8 F:\application-ci\simaung\vendor\codeigniter4\framework\system\Config\BaseService.php(258): CodeIgniter\Config\Services::uri()
#9 F:\application-ci\simaung\vendor\codeigniter4\framework\system\Config\Services.php(565): CodeIgniter\Config\BaseService::__callStatic('uri', Array)
#10 F:\application-ci\simaung\vendor\codeigniter4\framework\system\Config\Services.php(523): CodeIgniter\Config\Services::incomingrequest(Object(Config\App), false)
#11 F:\application-ci\simaung\vendor\codeigniter4\framework\system\Config\BaseService.php(258): CodeIgniter\Config\Services::request(Object(Config\App), false)
#12 F:\application-ci\simaung\vendor\codeigniter4\framework\system\Config\BaseService.php(199): CodeIgniter\Config\BaseService::__callStatic('request', Array)
#13 F:\application-ci\simaung\vendor\codeigniter4\framework\system\Config\Services.php(558): CodeIgniter\Config\BaseService::getSharedInstance('request', Object(Config\App))
#14 F:\application-ci\simaung\vendor\codeigniter4\framework\system\Config\BaseService.php(258): CodeIgniter\Config\Services::incomingrequest(Object(Config\App))
#15 F:\application-ci\simaung\vendor\codeigniter4\framework\system\Config\Services.php(538): CodeIgniter\Config\BaseService::__callStatic('incomingrequest', Array)
#16 F:\application-ci\simaung\vendor\codeigniter4\framework\system\Config\BaseService.php(258): CodeIgniter\Config\Services::createRequest(Object(Config\App))
#17 F:\application-ci\simaung\vendor\codeigniter4\framework\system\CodeIgniter.php(639): CodeIgniter\Config\BaseService::__callStatic('createRequest', Array)
#18 F:\application-ci\simaung\vendor\codeigniter4\framework\system\CodeIgniter.php(347): CodeIgniter\CodeIgniter->getRequestObject()
#19 F:\application-ci\simaung\public\index.php(79): CodeIgniter\CodeIgniter->run()
#20 F:\application-ci\simaung\vendor\codeigniter4\framework\system\Commands\Server\rewrite.php(47): require_once('F:\\application-...')
#21 {main}
in SYSTEMPATH\HTTP\SiteURI.php on line 197.
 1 [internal function]: CodeIgniter\Debug\Exceptions->shutdownHandler()
CRITICAL - 2024-02-20 14:22:04 --> Config\App::$baseURL is invalid.
in SYSTEMPATH\HTTP\SiteURI.php on line 197.
 1 SYSTEMPATH\HTTP\SiteURI.php(143): CodeIgniter\HTTP\SiteURI->normalizeBaseURL(Object(Config\App))
 2 SYSTEMPATH\HTTP\SiteURI.php(98): CodeIgniter\HTTP\SiteURI->determineBaseURL(Object(Config\App), null, null)
 3 SYSTEMPATH\HTTP\SiteURIFactory.php(222): CodeIgniter\HTTP\SiteURI->__construct(Object(Config\App), '/', null)
 4 SYSTEMPATH\HTTP\SiteURIFactory.php(43): CodeIgniter\HTTP\SiteURIFactory->createURIFromRoutePath('/')
 5 SYSTEMPATH\Config\Services.php(798): CodeIgniter\HTTP\SiteURIFactory->createFromGlobals()
 6 SYSTEMPATH\Config\BaseService.php(258): CodeIgniter\Config\Services::uri(null, false)
 7 SYSTEMPATH\Config\BaseService.php(199): CodeIgniter\Config\BaseService::__callStatic('uri', [...])
 8 SYSTEMPATH\Config\Services.php(791): CodeIgniter\Config\BaseService::getSharedInstance('uri', null)
 9 SYSTEMPATH\Config\BaseService.php(258): CodeIgniter\Config\Services::uri()
10 SYSTEMPATH\Config\Services.php(565): CodeIgniter\Config\BaseService::__callStatic('uri', [])
11 SYSTEMPATH\Config\Services.php(523): CodeIgniter\Config\Services::incomingrequest(Object(Config\App), false)
12 SYSTEMPATH\Config\BaseService.php(258): CodeIgniter\Config\Services::request(Object(Config\App), false)
13 SYSTEMPATH\Config\BaseService.php(199): CodeIgniter\Config\BaseService::__callStatic('request', [...])
14 SYSTEMPATH\Config\Services.php(558): CodeIgniter\Config\BaseService::getSharedInstance('request', Object(Config\App))
15 SYSTEMPATH\Config\BaseService.php(258): CodeIgniter\Config\Services::incomingrequest(Object(Config\App))
16 SYSTEMPATH\Config\Services.php(538): CodeIgniter\Config\BaseService::__callStatic('incomingrequest', [...])
17 SYSTEMPATH\Config\BaseService.php(258): CodeIgniter\Config\Services::createRequest(Object(Config\App))
18 SYSTEMPATH\CodeIgniter.php(639): CodeIgniter\Config\BaseService::__callStatic('createRequest', [...])
19 SYSTEMPATH\CodeIgniter.php(347): CodeIgniter\CodeIgniter->getRequestObject()
20 FCPATH\index.php(79): CodeIgniter\CodeIgniter->run()
21 SYSTEMPATH\Commands\Server\rewrite.php(47): require_once('F:\\application-ci\\simaung\\public\\index.php')
CRITICAL - 2024-02-20 14:22:04 --> Uncaught CodeIgniter\Exceptions\ConfigException: Config\App::$baseURL is invalid. in F:\application-ci\simaung\vendor\codeigniter4\framework\system\HTTP\SiteURI.php:197
Stack trace:
#0 F:\application-ci\simaung\vendor\codeigniter4\framework\system\HTTP\SiteURI.php(143): CodeIgniter\HTTP\SiteURI->normalizeBaseURL(Object(Config\App))
#1 F:\application-ci\simaung\vendor\codeigniter4\framework\system\HTTP\SiteURI.php(98): CodeIgniter\HTTP\SiteURI->determineBaseURL(Object(Config\App), NULL, NULL)
#2 F:\application-ci\simaung\vendor\codeigniter4\framework\system\HTTP\SiteURIFactory.php(222): CodeIgniter\HTTP\SiteURI->__construct(Object(Config\App), '/', NULL)
#3 F:\application-ci\simaung\vendor\codeigniter4\framework\system\HTTP\SiteURIFactory.php(43): CodeIgniter\HTTP\SiteURIFactory->createURIFromRoutePath('/')
#4 F:\application-ci\simaung\vendor\codeigniter4\framework\system\Config\Services.php(798): CodeIgniter\HTTP\SiteURIFactory->createFromGlobals()
#5 F:\application-ci\simaung\vendor\codeigniter4\framework\system\Config\BaseService.php(258): CodeIgniter\Config\Services::uri(NULL, false)
#6 F:\application-ci\simaung\vendor\codeigniter4\framework\system\Config\BaseService.php(199): CodeIgniter\Config\BaseService::__callStatic('uri', Array)
#7 F:\application-ci\simaung\vendor\codeigniter4\framework\system\Config\Services.php(791): CodeIgniter\Config\BaseService::getSharedInstance('uri', NULL)
#8 F:\application-ci\simaung\vendor\codeigniter4\framework\system\Config\BaseService.php(258): CodeIgniter\Config\Services::uri()
#9 F:\application-ci\simaung\vendor\codeigniter4\framework\system\Config\Services.php(565): CodeIgniter\Config\BaseService::__callStatic('uri', Array)
#10 F:\application-ci\simaung\vendor\codeigniter4\framework\system\Config\Services.php(523): CodeIgniter\Config\Services::incomingrequest(Object(Config\App), false)
#11 F:\application-ci\simaung\vendor\codeigniter4\framework\system\Config\BaseService.php(258): CodeIgniter\Config\Services::request(NULL, false)
#12 F:\application-ci\simaung\vendor\codeigniter4\framework\system\Config\BaseService.php(199): CodeIgniter\Config\BaseService::__callStatic('request', Array)
#13 F:\application-ci\simaung\vendor\codeigniter4\framework\system\Config\Services.php(519): CodeIgniter\Config\BaseService::getSharedInstance('request', NULL)
#14 F:\application-ci\simaung\vendor\codeigniter4\framework\system\Config\BaseService.php(258): CodeIgniter\Config\Services::request()
#15 F:\application-ci\simaung\vendor\codeigniter4\framework\system\Debug\Exceptions.php(135): CodeIgniter\Config\BaseService::__callStatic('request', Array)
#16 [internal function]: CodeIgniter\Debug\Exceptions->exceptionHandler(Object(CodeIgniter\Exceptions\ConfigException))
#17 {main}
  thrown
【Previous Exception】
CodeIgniter\Exceptions\ConfigException
Config\App::$baseURL is invalid.
#0 F:\application-ci\simaung\vendor\codeigniter4\framework\system\HTTP\SiteURI.php(143): CodeIgniter\HTTP\SiteURI->normalizeBaseURL(Object(Config\App))
#1 F:\application-ci\simaung\vendor\codeigniter4\framework\system\HTTP\SiteURI.php(98): CodeIgniter\HTTP\SiteURI->determineBaseURL(Object(Config\App), NULL, NULL)
#2 F:\application-ci\simaung\vendor\codeigniter4\framework\system\HTTP\SiteURIFactory.php(222): CodeIgniter\HTTP\SiteURI->__construct(Object(Config\App), '/', NULL)
#3 F:\application-ci\simaung\vendor\codeigniter4\framework\system\HTTP\SiteURIFactory.php(43): CodeIgniter\HTTP\SiteURIFactory->createURIFromRoutePath('/')
#4 F:\application-ci\simaung\vendor\codeigniter4\framework\system\Config\Services.php(798): CodeIgniter\HTTP\SiteURIFactory->createFromGlobals()
#5 F:\application-ci\simaung\vendor\codeigniter4\framework\system\Config\BaseService.php(258): CodeIgniter\Config\Services::uri(NULL, false)
#6 F:\application-ci\simaung\vendor\codeigniter4\framework\system\Config\BaseService.php(199): CodeIgniter\Config\BaseService::__callStatic('uri', Array)
#7 F:\application-ci\simaung\vendor\codeigniter4\framework\system\Config\Services.php(791): CodeIgniter\Config\BaseService::getSharedInstance('uri', NULL)
#8 F:\application-ci\simaung\vendor\codeigniter4\framework\system\Config\BaseService.php(258): CodeIgniter\Config\Services::uri()
#9 F:\application-ci\simaung\vendor\codeigniter4\framework\system\Config\Services.php(565): CodeIgniter\Config\BaseService::__callStatic('uri', Array)
#10 F:\application-ci\simaung\vendor\codeigniter4\framework\system\Config\Services.php(523): CodeIgniter\Config\Services::incomingrequest(Object(Config\App), false)
#11 F:\application-ci\simaung\vendor\codeigniter4\framework\system\Config\BaseService.php(258): CodeIgniter\Config\Services::request(Object(Config\App), false)
#12 F:\application-ci\simaung\vendor\codeigniter4\framework\system\Config\BaseService.php(199): CodeIgniter\Config\BaseService::__callStatic('request', Array)
#13 F:\application-ci\simaung\vendor\codeigniter4\framework\system\Config\Services.php(558): CodeIgniter\Config\BaseService::getSharedInstance('request', Object(Config\App))
#14 F:\application-ci\simaung\vendor\codeigniter4\framework\system\Config\BaseService.php(258): CodeIgniter\Config\Services::incomingrequest(Object(Config\App))
#15 F:\application-ci\simaung\vendor\codeigniter4\framework\system\Config\Services.php(538): CodeIgniter\Config\BaseService::__callStatic('incomingrequest', Array)
#16 F:\application-ci\simaung\vendor\codeigniter4\framework\system\Config\BaseService.php(258): CodeIgniter\Config\Services::createRequest(Object(Config\App))
#17 F:\application-ci\simaung\vendor\codeigniter4\framework\system\CodeIgniter.php(639): CodeIgniter\Config\BaseService::__callStatic('createRequest', Array)
#18 F:\application-ci\simaung\vendor\codeigniter4\framework\system\CodeIgniter.php(347): CodeIgniter\CodeIgniter->getRequestObject()
#19 F:\application-ci\simaung\public\index.php(79): CodeIgniter\CodeIgniter->run()
#20 F:\application-ci\simaung\vendor\codeigniter4\framework\system\Commands\Server\rewrite.php(47): require_once('F:\\application-...')
#21 {main}
in SYSTEMPATH\HTTP\SiteURI.php on line 197.
 1 [internal function]: CodeIgniter\Debug\Exceptions->shutdownHandler()
CRITICAL - 2024-02-20 14:22:29 --> Config\App::$baseURL is invalid.
in SYSTEMPATH\HTTP\SiteURI.php on line 197.
 1 SYSTEMPATH\HTTP\SiteURI.php(143): CodeIgniter\HTTP\SiteURI->normalizeBaseURL(Object(Config\App))
 2 SYSTEMPATH\HTTP\SiteURI.php(98): CodeIgniter\HTTP\SiteURI->determineBaseURL(Object(Config\App), null, null)
 3 SYSTEMPATH\HTTP\SiteURIFactory.php(222): CodeIgniter\HTTP\SiteURI->__construct(Object(Config\App), '/', null)
 4 SYSTEMPATH\HTTP\SiteURIFactory.php(43): CodeIgniter\HTTP\SiteURIFactory->createURIFromRoutePath('/')
 5 SYSTEMPATH\Config\Services.php(798): CodeIgniter\HTTP\SiteURIFactory->createFromGlobals()
 6 SYSTEMPATH\Config\BaseService.php(258): CodeIgniter\Config\Services::uri(null, false)
 7 SYSTEMPATH\Config\BaseService.php(199): CodeIgniter\Config\BaseService::__callStatic('uri', [...])
 8 SYSTEMPATH\Config\Services.php(791): CodeIgniter\Config\BaseService::getSharedInstance('uri', null)
 9 SYSTEMPATH\Config\BaseService.php(258): CodeIgniter\Config\Services::uri()
10 SYSTEMPATH\Config\Services.php(565): CodeIgniter\Config\BaseService::__callStatic('uri', [])
11 SYSTEMPATH\Config\Services.php(523): CodeIgniter\Config\Services::incomingrequest(Object(Config\App), false)
12 SYSTEMPATH\Config\BaseService.php(258): CodeIgniter\Config\Services::request(Object(Config\App), false)
13 SYSTEMPATH\Config\BaseService.php(199): CodeIgniter\Config\BaseService::__callStatic('request', [...])
14 SYSTEMPATH\Config\Services.php(558): CodeIgniter\Config\BaseService::getSharedInstance('request', Object(Config\App))
15 SYSTEMPATH\Config\BaseService.php(258): CodeIgniter\Config\Services::incomingrequest(Object(Config\App))
16 SYSTEMPATH\Config\Services.php(538): CodeIgniter\Config\BaseService::__callStatic('incomingrequest', [...])
17 SYSTEMPATH\Config\BaseService.php(258): CodeIgniter\Config\Services::createRequest(Object(Config\App))
18 SYSTEMPATH\CodeIgniter.php(639): CodeIgniter\Config\BaseService::__callStatic('createRequest', [...])
19 SYSTEMPATH\CodeIgniter.php(347): CodeIgniter\CodeIgniter->getRequestObject()
20 FCPATH\index.php(79): CodeIgniter\CodeIgniter->run()
21 SYSTEMPATH\Commands\Server\rewrite.php(47): require_once('F:\\application-ci\\simaung\\public\\index.php')
CRITICAL - 2024-02-20 14:22:29 --> Uncaught CodeIgniter\Exceptions\ConfigException: Config\App::$baseURL is invalid. in F:\application-ci\simaung\vendor\codeigniter4\framework\system\HTTP\SiteURI.php:197
Stack trace:
#0 F:\application-ci\simaung\vendor\codeigniter4\framework\system\HTTP\SiteURI.php(143): CodeIgniter\HTTP\SiteURI->normalizeBaseURL(Object(Config\App))
#1 F:\application-ci\simaung\vendor\codeigniter4\framework\system\HTTP\SiteURI.php(98): CodeIgniter\HTTP\SiteURI->determineBaseURL(Object(Config\App), NULL, NULL)
#2 F:\application-ci\simaung\vendor\codeigniter4\framework\system\HTTP\SiteURIFactory.php(222): CodeIgniter\HTTP\SiteURI->__construct(Object(Config\App), '/', NULL)
#3 F:\application-ci\simaung\vendor\codeigniter4\framework\system\HTTP\SiteURIFactory.php(43): CodeIgniter\HTTP\SiteURIFactory->createURIFromRoutePath('/')
#4 F:\application-ci\simaung\vendor\codeigniter4\framework\system\Config\Services.php(798): CodeIgniter\HTTP\SiteURIFactory->createFromGlobals()
#5 F:\application-ci\simaung\vendor\codeigniter4\framework\system\Config\BaseService.php(258): CodeIgniter\Config\Services::uri(NULL, false)
#6 F:\application-ci\simaung\vendor\codeigniter4\framework\system\Config\BaseService.php(199): CodeIgniter\Config\BaseService::__callStatic('uri', Array)
#7 F:\application-ci\simaung\vendor\codeigniter4\framework\system\Config\Services.php(791): CodeIgniter\Config\BaseService::getSharedInstance('uri', NULL)
#8 F:\application-ci\simaung\vendor\codeigniter4\framework\system\Config\BaseService.php(258): CodeIgniter\Config\Services::uri()
#9 F:\application-ci\simaung\vendor\codeigniter4\framework\system\Config\Services.php(565): CodeIgniter\Config\BaseService::__callStatic('uri', Array)
#10 F:\application-ci\simaung\vendor\codeigniter4\framework\system\Config\Services.php(523): CodeIgniter\Config\Services::incomingrequest(Object(Config\App), false)
#11 F:\application-ci\simaung\vendor\codeigniter4\framework\system\Config\BaseService.php(258): CodeIgniter\Config\Services::request(NULL, false)
#12 F:\application-ci\simaung\vendor\codeigniter4\framework\system\Config\BaseService.php(199): CodeIgniter\Config\BaseService::__callStatic('request', Array)
#13 F:\application-ci\simaung\vendor\codeigniter4\framework\system\Config\Services.php(519): CodeIgniter\Config\BaseService::getSharedInstance('request', NULL)
#14 F:\application-ci\simaung\vendor\codeigniter4\framework\system\Config\BaseService.php(258): CodeIgniter\Config\Services::request()
#15 F:\application-ci\simaung\vendor\codeigniter4\framework\system\Debug\Exceptions.php(135): CodeIgniter\Config\BaseService::__callStatic('request', Array)
#16 [internal function]: CodeIgniter\Debug\Exceptions->exceptionHandler(Object(CodeIgniter\Exceptions\ConfigException))
#17 {main}
  thrown
【Previous Exception】
CodeIgniter\Exceptions\ConfigException
Config\App::$baseURL is invalid.
#0 F:\application-ci\simaung\vendor\codeigniter4\framework\system\HTTP\SiteURI.php(143): CodeIgniter\HTTP\SiteURI->normalizeBaseURL(Object(Config\App))
#1 F:\application-ci\simaung\vendor\codeigniter4\framework\system\HTTP\SiteURI.php(98): CodeIgniter\HTTP\SiteURI->determineBaseURL(Object(Config\App), NULL, NULL)
#2 F:\application-ci\simaung\vendor\codeigniter4\framework\system\HTTP\SiteURIFactory.php(222): CodeIgniter\HTTP\SiteURI->__construct(Object(Config\App), '/', NULL)
#3 F:\application-ci\simaung\vendor\codeigniter4\framework\system\HTTP\SiteURIFactory.php(43): CodeIgniter\HTTP\SiteURIFactory->createURIFromRoutePath('/')
#4 F:\application-ci\simaung\vendor\codeigniter4\framework\system\Config\Services.php(798): CodeIgniter\HTTP\SiteURIFactory->createFromGlobals()
#5 F:\application-ci\simaung\vendor\codeigniter4\framework\system\Config\BaseService.php(258): CodeIgniter\Config\Services::uri(NULL, false)
#6 F:\application-ci\simaung\vendor\codeigniter4\framework\system\Config\BaseService.php(199): CodeIgniter\Config\BaseService::__callStatic('uri', Array)
#7 F:\application-ci\simaung\vendor\codeigniter4\framework\system\Config\Services.php(791): CodeIgniter\Config\BaseService::getSharedInstance('uri', NULL)
#8 F:\application-ci\simaung\vendor\codeigniter4\framework\system\Config\BaseService.php(258): CodeIgniter\Config\Services::uri()
#9 F:\application-ci\simaung\vendor\codeigniter4\framework\system\Config\Services.php(565): CodeIgniter\Config\BaseService::__callStatic('uri', Array)
#10 F:\application-ci\simaung\vendor\codeigniter4\framework\system\Config\Services.php(523): CodeIgniter\Config\Services::incomingrequest(Object(Config\App), false)
#11 F:\application-ci\simaung\vendor\codeigniter4\framework\system\Config\BaseService.php(258): CodeIgniter\Config\Services::request(Object(Config\App), false)
#12 F:\application-ci\simaung\vendor\codeigniter4\framework\system\Config\BaseService.php(199): CodeIgniter\Config\BaseService::__callStatic('request', Array)
#13 F:\application-ci\simaung\vendor\codeigniter4\framework\system\Config\Services.php(558): CodeIgniter\Config\BaseService::getSharedInstance('request', Object(Config\App))
#14 F:\application-ci\simaung\vendor\codeigniter4\framework\system\Config\BaseService.php(258): CodeIgniter\Config\Services::incomingrequest(Object(Config\App))
#15 F:\application-ci\simaung\vendor\codeigniter4\framework\system\Config\Services.php(538): CodeIgniter\Config\BaseService::__callStatic('incomingrequest', Array)
#16 F:\application-ci\simaung\vendor\codeigniter4\framework\system\Config\BaseService.php(258): CodeIgniter\Config\Services::createRequest(Object(Config\App))
#17 F:\application-ci\simaung\vendor\codeigniter4\framework\system\CodeIgniter.php(639): CodeIgniter\Config\BaseService::__callStatic('createRequest', Array)
#18 F:\application-ci\simaung\vendor\codeigniter4\framework\system\CodeIgniter.php(347): CodeIgniter\CodeIgniter->getRequestObject()
#19 F:\application-ci\simaung\public\index.php(79): CodeIgniter\CodeIgniter->run()
#20 F:\application-ci\simaung\vendor\codeigniter4\framework\system\Commands\Server\rewrite.php(47): require_once('F:\\application-...')
#21 {main}
in SYSTEMPATH\HTTP\SiteURI.php on line 197.
 1 [internal function]: CodeIgniter\Debug\Exceptions->shutdownHandler()
CRITICAL - 2024-02-20 14:23:04 --> Config\App::$baseURL is invalid.
in SYSTEMPATH\HTTP\SiteURI.php on line 197.
 1 SYSTEMPATH\HTTP\SiteURI.php(143): CodeIgniter\HTTP\SiteURI->normalizeBaseURL(Object(Config\App))
 2 SYSTEMPATH\HTTP\SiteURI.php(98): CodeIgniter\HTTP\SiteURI->determineBaseURL(Object(Config\App), null, null)
 3 SYSTEMPATH\HTTP\SiteURIFactory.php(222): CodeIgniter\HTTP\SiteURI->__construct(Object(Config\App), '/', null)
 4 SYSTEMPATH\HTTP\SiteURIFactory.php(43): CodeIgniter\HTTP\SiteURIFactory->createURIFromRoutePath('/')
 5 SYSTEMPATH\Config\Services.php(798): CodeIgniter\HTTP\SiteURIFactory->createFromGlobals()
 6 SYSTEMPATH\Config\BaseService.php(258): CodeIgniter\Config\Services::uri(null, false)
 7 SYSTEMPATH\Config\BaseService.php(199): CodeIgniter\Config\BaseService::__callStatic('uri', [...])
 8 SYSTEMPATH\Config\Services.php(791): CodeIgniter\Config\BaseService::getSharedInstance('uri', null)
 9 SYSTEMPATH\Config\BaseService.php(258): CodeIgniter\Config\Services::uri()
10 SYSTEMPATH\Config\Services.php(565): CodeIgniter\Config\BaseService::__callStatic('uri', [])
11 SYSTEMPATH\Config\Services.php(523): CodeIgniter\Config\Services::incomingrequest(Object(Config\App), false)
12 SYSTEMPATH\Config\BaseService.php(258): CodeIgniter\Config\Services::request(Object(Config\App), false)
13 SYSTEMPATH\Config\BaseService.php(199): CodeIgniter\Config\BaseService::__callStatic('request', [...])
14 SYSTEMPATH\Config\Services.php(558): CodeIgniter\Config\BaseService::getSharedInstance('request', Object(Config\App))
15 SYSTEMPATH\Config\BaseService.php(258): CodeIgniter\Config\Services::incomingrequest(Object(Config\App))
16 SYSTEMPATH\Config\Services.php(538): CodeIgniter\Config\BaseService::__callStatic('incomingrequest', [...])
17 SYSTEMPATH\Config\BaseService.php(258): CodeIgniter\Config\Services::createRequest(Object(Config\App))
18 SYSTEMPATH\CodeIgniter.php(639): CodeIgniter\Config\BaseService::__callStatic('createRequest', [...])
19 SYSTEMPATH\CodeIgniter.php(347): CodeIgniter\CodeIgniter->getRequestObject()
20 FCPATH\index.php(79): CodeIgniter\CodeIgniter->run()
21 SYSTEMPATH\Commands\Server\rewrite.php(47): require_once('F:\\application-ci\\simaung\\public\\index.php')
CRITICAL - 2024-02-20 14:23:04 --> Uncaught CodeIgniter\Exceptions\ConfigException: Config\App::$baseURL is invalid. in F:\application-ci\simaung\vendor\codeigniter4\framework\system\HTTP\SiteURI.php:197
Stack trace:
#0 F:\application-ci\simaung\vendor\codeigniter4\framework\system\HTTP\SiteURI.php(143): CodeIgniter\HTTP\SiteURI->normalizeBaseURL(Object(Config\App))
#1 F:\application-ci\simaung\vendor\codeigniter4\framework\system\HTTP\SiteURI.php(98): CodeIgniter\HTTP\SiteURI->determineBaseURL(Object(Config\App), NULL, NULL)
#2 F:\application-ci\simaung\vendor\codeigniter4\framework\system\HTTP\SiteURIFactory.php(222): CodeIgniter\HTTP\SiteURI->__construct(Object(Config\App), '/', NULL)
#3 F:\application-ci\simaung\vendor\codeigniter4\framework\system\HTTP\SiteURIFactory.php(43): CodeIgniter\HTTP\SiteURIFactory->createURIFromRoutePath('/')
#4 F:\application-ci\simaung\vendor\codeigniter4\framework\system\Config\Services.php(798): CodeIgniter\HTTP\SiteURIFactory->createFromGlobals()
#5 F:\application-ci\simaung\vendor\codeigniter4\framework\system\Config\BaseService.php(258): CodeIgniter\Config\Services::uri(NULL, false)
#6 F:\application-ci\simaung\vendor\codeigniter4\framework\system\Config\BaseService.php(199): CodeIgniter\Config\BaseService::__callStatic('uri', Array)
#7 F:\application-ci\simaung\vendor\codeigniter4\framework\system\Config\Services.php(791): CodeIgniter\Config\BaseService::getSharedInstance('uri', NULL)
#8 F:\application-ci\simaung\vendor\codeigniter4\framework\system\Config\BaseService.php(258): CodeIgniter\Config\Services::uri()
#9 F:\application-ci\simaung\vendor\codeigniter4\framework\system\Config\Services.php(565): CodeIgniter\Config\BaseService::__callStatic('uri', Array)
#10 F:\application-ci\simaung\vendor\codeigniter4\framework\system\Config\Services.php(523): CodeIgniter\Config\Services::incomingrequest(Object(Config\App), false)
#11 F:\application-ci\simaung\vendor\codeigniter4\framework\system\Config\BaseService.php(258): CodeIgniter\Config\Services::request(NULL, false)
#12 F:\application-ci\simaung\vendor\codeigniter4\framework\system\Config\BaseService.php(199): CodeIgniter\Config\BaseService::__callStatic('request', Array)
#13 F:\application-ci\simaung\vendor\codeigniter4\framework\system\Config\Services.php(519): CodeIgniter\Config\BaseService::getSharedInstance('request', NULL)
#14 F:\application-ci\simaung\vendor\codeigniter4\framework\system\Config\BaseService.php(258): CodeIgniter\Config\Services::request()
#15 F:\application-ci\simaung\vendor\codeigniter4\framework\system\Debug\Exceptions.php(135): CodeIgniter\Config\BaseService::__callStatic('request', Array)
#16 [internal function]: CodeIgniter\Debug\Exceptions->exceptionHandler(Object(CodeIgniter\Exceptions\ConfigException))
#17 {main}
  thrown
【Previous Exception】
CodeIgniter\Exceptions\ConfigException
Config\App::$baseURL is invalid.
#0 F:\application-ci\simaung\vendor\codeigniter4\framework\system\HTTP\SiteURI.php(143): CodeIgniter\HTTP\SiteURI->normalizeBaseURL(Object(Config\App))
#1 F:\application-ci\simaung\vendor\codeigniter4\framework\system\HTTP\SiteURI.php(98): CodeIgniter\HTTP\SiteURI->determineBaseURL(Object(Config\App), NULL, NULL)
#2 F:\application-ci\simaung\vendor\codeigniter4\framework\system\HTTP\SiteURIFactory.php(222): CodeIgniter\HTTP\SiteURI->__construct(Object(Config\App), '/', NULL)
#3 F:\application-ci\simaung\vendor\codeigniter4\framework\system\HTTP\SiteURIFactory.php(43): CodeIgniter\HTTP\SiteURIFactory->createURIFromRoutePath('/')
#4 F:\application-ci\simaung\vendor\codeigniter4\framework\system\Config\Services.php(798): CodeIgniter\HTTP\SiteURIFactory->createFromGlobals()
#5 F:\application-ci\simaung\vendor\codeigniter4\framework\system\Config\BaseService.php(258): CodeIgniter\Config\Services::uri(NULL, false)
#6 F:\application-ci\simaung\vendor\codeigniter4\framework\system\Config\BaseService.php(199): CodeIgniter\Config\BaseService::__callStatic('uri', Array)
#7 F:\application-ci\simaung\vendor\codeigniter4\framework\system\Config\Services.php(791): CodeIgniter\Config\BaseService::getSharedInstance('uri', NULL)
#8 F:\application-ci\simaung\vendor\codeigniter4\framework\system\Config\BaseService.php(258): CodeIgniter\Config\Services::uri()
#9 F:\application-ci\simaung\vendor\codeigniter4\framework\system\Config\Services.php(565): CodeIgniter\Config\BaseService::__callStatic('uri', Array)
#10 F:\application-ci\simaung\vendor\codeigniter4\framework\system\Config\Services.php(523): CodeIgniter\Config\Services::incomingrequest(Object(Config\App), false)
#11 F:\application-ci\simaung\vendor\codeigniter4\framework\system\Config\BaseService.php(258): CodeIgniter\Config\Services::request(Object(Config\App), false)
#12 F:\application-ci\simaung\vendor\codeigniter4\framework\system\Config\BaseService.php(199): CodeIgniter\Config\BaseService::__callStatic('request', Array)
#13 F:\application-ci\simaung\vendor\codeigniter4\framework\system\Config\Services.php(558): CodeIgniter\Config\BaseService::getSharedInstance('request', Object(Config\App))
#14 F:\application-ci\simaung\vendor\codeigniter4\framework\system\Config\BaseService.php(258): CodeIgniter\Config\Services::incomingrequest(Object(Config\App))
#15 F:\application-ci\simaung\vendor\codeigniter4\framework\system\Config\Services.php(538): CodeIgniter\Config\BaseService::__callStatic('incomingrequest', Array)
#16 F:\application-ci\simaung\vendor\codeigniter4\framework\system\Config\BaseService.php(258): CodeIgniter\Config\Services::createRequest(Object(Config\App))
#17 F:\application-ci\simaung\vendor\codeigniter4\framework\system\CodeIgniter.php(639): CodeIgniter\Config\BaseService::__callStatic('createRequest', Array)
#18 F:\application-ci\simaung\vendor\codeigniter4\framework\system\CodeIgniter.php(347): CodeIgniter\CodeIgniter->getRequestObject()
#19 F:\application-ci\simaung\public\index.php(79): CodeIgniter\CodeIgniter->run()
#20 F:\application-ci\simaung\vendor\codeigniter4\framework\system\Commands\Server\rewrite.php(47): require_once('F:\\application-...')
#21 {main}
in SYSTEMPATH\HTTP\SiteURI.php on line 197.
 1 [internal function]: CodeIgniter\Debug\Exceptions->shutdownHandler()
CRITICAL - 2024-02-20 23:03:50 --> Undefined constant "base_url"
in APPPATH\Views\dompet\index.php on line 718.
 1 SYSTEMPATH\View\View.php(226): include()
 2 SYSTEMPATH\View\View.php(229): CodeIgniter\View\View->CodeIgniter\View\{closure}()
 3 SYSTEMPATH\Common.php(1188): CodeIgniter\View\View->render('dompet/index', [], true)
 4 APPPATH\Controllers\Dompet.php(120): view('dompet/index', [...])
 5 SYSTEMPATH\CodeIgniter.php(919): App\Controllers\Dompet->index()
 6 SYSTEMPATH\CodeIgniter.php(494): CodeIgniter\CodeIgniter->runController(Object(App\Controllers\Dompet))
 7 SYSTEMPATH\CodeIgniter.php(353): CodeIgniter\CodeIgniter->handleRequest(null, Object(Config\Cache), false)
 8 FCPATH\index.php(79): CodeIgniter\CodeIgniter->run()
 9 SYSTEMPATH\Commands\Server\rewrite.php(47): require_once('F:\\application-ci\\simaung\\public\\index.php')
