INFO - 2024-06-30 00:01:46 --> Session: Class initialized using 'CodeIgniter\Session\Handlers\FileHandler' driver.
INFO - 2024-06-30 00:01:58 --> Session: Class initialized using 'CodeIgniter\Session\Handlers\FileHandler' driver.
INFO - 2024-06-30 00:02:07 --> Session: Class initialized using 'CodeIgniter\Session\Handlers\FileHandler' driver.
INFO - 2024-06-30 00:02:28 --> Session: Class initialized using 'CodeIgniter\Session\Handlers\FileHandler' driver.
INFO - 2024-06-30 00:02:37 --> Session: Class initialized using 'CodeIgniter\Session\Handlers\FileHandler' driver.
INFO - 2024-06-30 00:02:39 --> Session: Class initialized using 'CodeIgniter\Session\Handlers\FileHandler' driver.
INFO - 2024-06-30 00:02:40 --> Session: Class initialized using 'CodeIgniter\Session\Handlers\FileHandler' driver.
INFO - 2024-06-30 00:02:40 --> Session: Class initialized using 'CodeIgniter\Session\Handlers\FileHandler' driver.
INFO - 2024-06-30 00:02:40 --> Session: Class initialized using 'CodeIgniter\Session\Handlers\FileHandler' driver.
INFO - 2024-06-30 00:02:41 --> Session: Class initialized using 'CodeIgniter\Session\Handlers\FileHandler' driver.
INFO - 2024-06-30 00:02:41 --> Session: Class initialized using 'CodeIgniter\Session\Handlers\FileHandler' driver.
INFO - 2024-06-30 00:02:42 --> Session: Class initialized using 'CodeIgniter\Session\Handlers\FileHandler' driver.
INFO - 2024-06-30 00:02:42 --> Session: Class initialized using 'CodeIgniter\Session\Handlers\FileHandler' driver.
INFO - 2024-06-30 00:02:43 --> Session: Class initialized using 'CodeIgniter\Session\Handlers\FileHandler' driver.
INFO - 2024-06-30 00:02:43 --> Session: Class initialized using 'CodeIgniter\Session\Handlers\FileHandler' driver.
INFO - 2024-06-30 00:02:44 --> Session: Class initialized using 'CodeIgniter\Session\Handlers\FileHandler' driver.
INFO - 2024-06-30 00:02:44 --> Session: Class initialized using 'CodeIgniter\Session\Handlers\FileHandler' driver.
INFO - 2024-06-30 00:02:44 --> Session: Class initialized using 'CodeIgniter\Session\Handlers\FileHandler' driver.
INFO - 2024-06-30 00:02:45 --> Session: Class initialized using 'CodeIgniter\Session\Handlers\FileHandler' driver.
INFO - 2024-06-30 00:07:56 --> Session: Class initialized using 'CodeIgniter\Session\Handlers\FileHandler' driver.
INFO - 2024-06-30 00:08:02 --> Session: Class initialized using 'CodeIgniter\Session\Handlers\FileHandler' driver.
INFO - 2024-06-30 00:08:23 --> Session: Class initialized using 'CodeIgniter\Session\Handlers\FileHandler' driver.
INFO - 2024-06-30 00:08:51 --> Session: Class initialized using 'CodeIgniter\Session\Handlers\FileHandler' driver.
INFO - 2024-06-30 00:08:58 --> Session: Class initialized using 'CodeIgniter\Session\Handlers\FileHandler' driver.
INFO - 2024-06-30 00:09:19 --> Session: Class initialized using 'CodeIgniter\Session\Handlers\FileHandler' driver.
INFO - 2024-06-30 00:09:42 --> Session: Class initialized using 'CodeIgniter\Session\Handlers\FileHandler' driver.
INFO - 2024-06-30 00:10:32 --> Session: Class initialized using 'CodeIgniter\Session\Handlers\FileHandler' driver.
INFO - 2024-06-30 00:10:56 --> Session: Class initialized using 'CodeIgniter\Session\Handlers\FileHandler' driver.
INFO - 2024-06-30 00:11:09 --> Session: Class initialized using 'CodeIgniter\Session\Handlers\FileHandler' driver.
INFO - 2024-06-30 00:13:13 --> Session: Class initialized using 'CodeIgniter\Session\Handlers\FileHandler' driver.
INFO - 2024-06-30 00:13:57 --> Session: Class initialized using 'CodeIgniter\Session\Handlers\FileHandler' driver.
INFO - 2024-06-30 00:14:09 --> Session: Class initialized using 'CodeIgniter\Session\Handlers\FileHandler' driver.
INFO - 2024-06-30 00:14:25 --> Session: Class initialized using 'CodeIgniter\Session\Handlers\FileHandler' driver.
INFO - 2024-06-30 00:14:44 --> Session: Class initialized using 'CodeIgniter\Session\Handlers\FileHandler' driver.
INFO - 2024-06-30 00:15:02 --> Session: Class initialized using 'CodeIgniter\Session\Handlers\FileHandler' driver.
INFO - 2024-06-30 00:15:25 --> Session: Class initialized using 'CodeIgniter\Session\Handlers\FileHandler' driver.
INFO - 2024-06-30 00:15:45 --> Session: Class initialized using 'CodeIgniter\Session\Handlers\FileHandler' driver.
INFO - 2024-06-30 00:15:59 --> Session: Class initialized using 'CodeIgniter\Session\Handlers\FileHandler' driver.
INFO - 2024-06-30 00:16:18 --> Session: Class initialized using 'CodeIgniter\Session\Handlers\FileHandler' driver.
INFO - 2024-06-30 00:16:34 --> Session: Class initialized using 'CodeIgniter\Session\Handlers\FileHandler' driver.
INFO - 2024-06-30 00:17:09 --> Session: Class initialized using 'CodeIgniter\Session\Handlers\FileHandler' driver.
INFO - 2024-06-30 00:17:31 --> Session: Class initialized using 'CodeIgniter\Session\Handlers\FileHandler' driver.
INFO - 2024-06-30 16:38:24 --> Session: Class initialized using 'CodeIgniter\Session\Handlers\FileHandler' driver.
INFO - 2024-06-30 16:41:37 --> Session: Class initialized using 'CodeIgniter\Session\Handlers\FileHandler' driver.
INFO - 2024-06-30 16:42:11 --> CSRF token verified.
INFO - 2024-06-30 16:42:11 --> Session: Class initialized using 'CodeIgniter\Session\Handlers\FileHandler' driver.
ERROR - 2024-06-30 16:42:15 --> Error connecting to the database: mysqli_sql_exception: No connection could be made because the target machine actively refused it in F:\application-ci\simaung\vendor\codeigniter4\framework\system\Database\MySQLi\Connection.php:184
Stack trace:
#0 F:\application-ci\simaung\vendor\codeigniter4\framework\system\Database\MySQLi\Connection.php(184): mysqli->real_connect('localhost', 'root', Object(SensitiveParameterValue), 'db_simaung', 3306, '', 0)
#1 F:\application-ci\simaung\vendor\codeigniter4\framework\system\Database\BaseConnection.php(392): CodeIgniter\Database\MySQLi\Connection->connect(false)
#2 F:\application-ci\simaung\vendor\codeigniter4\framework\system\Database\BaseConnection.php(575): CodeIgniter\Database\BaseConnection->initialize()
#3 F:\application-ci\simaung\vendor\codeigniter4\framework\system\Database\BaseBuilder.php(1616): CodeIgniter\Database\BaseConnection->query('SELECT *\nFROM `...', Array, false)
#4 F:\application-ci\simaung\vendor\codeigniter4\framework\system\Model.php(270): CodeIgniter\Database\BaseBuilder->get()
#5 F:\application-ci\simaung\vendor\codeigniter4\framework\system\BaseModel.php(676): CodeIgniter\Model->doFirst()
#6 F:\application-ci\simaung\vendor\myth\auth\src\Authentication\LocalAuthenticator.php(140): CodeIgniter\BaseModel->first()
#7 F:\application-ci\simaung\vendor\myth\auth\src\Authentication\LocalAuthenticator.php(19): Myth\Auth\Authentication\LocalAuthenticator->validate(Array, true)
#8 F:\application-ci\simaung\vendor\myth\auth\src\Controllers\AuthController.php(87): Myth\Auth\Authentication\LocalAuthenticator->attempt(Array, false)
#9 F:\application-ci\simaung\vendor\codeigniter4\framework\system\CodeIgniter.php(941): Myth\Auth\Controllers\AuthController->attemptLogin()
#10 F:\application-ci\simaung\vendor\codeigniter4\framework\system\CodeIgniter.php(502): CodeIgniter\CodeIgniter->runController(Object(Myth\Auth\Controllers\AuthController))
#11 F:\application-ci\simaung\vendor\codeigniter4\framework\system\CodeIgniter.php(361): CodeIgniter\CodeIgniter->handleRequest(NULL, Object(Config\Cache), false)
#12 F:\application-ci\simaung\public\index.php(79): CodeIgniter\CodeIgniter->run()
#13 F:\application-ci\simaung\vendor\codeigniter4\framework\system\Commands\Server\rewrite.php(47): require_once('F:\\application-...')
#14 {main}

Next CodeIgniter\Database\Exceptions\DatabaseException: No connection could be made because the target machine actively refused it in F:\application-ci\simaung\vendor\codeigniter4\framework\system\Database\MySQLi\Connection.php:229
Stack trace:
#0 F:\application-ci\simaung\vendor\codeigniter4\framework\system\Database\BaseConnection.php(392): CodeIgniter\Database\MySQLi\Connection->connect(false)
#1 F:\application-ci\simaung\vendor\codeigniter4\framework\system\Database\BaseConnection.php(575): CodeIgniter\Database\BaseConnection->initialize()
#2 F:\application-ci\simaung\vendor\codeigniter4\framework\system\Database\BaseBuilder.php(1616): CodeIgniter\Database\BaseConnection->query('SELECT *\nFROM `...', Array, false)
#3 F:\application-ci\simaung\vendor\codeigniter4\framework\system\Model.php(270): CodeIgniter\Database\BaseBuilder->get()
#4 F:\application-ci\simaung\vendor\codeigniter4\framework\system\BaseModel.php(676): CodeIgniter\Model->doFirst()
#5 F:\application-ci\simaung\vendor\myth\auth\src\Authentication\LocalAuthenticator.php(140): CodeIgniter\BaseModel->first()
#6 F:\application-ci\simaung\vendor\myth\auth\src\Authentication\LocalAuthenticator.php(19): Myth\Auth\Authentication\LocalAuthenticator->validate(Array, true)
#7 F:\application-ci\simaung\vendor\myth\auth\src\Controllers\AuthController.php(87): Myth\Auth\Authentication\LocalAuthenticator->attempt(Array, false)
#8 F:\application-ci\simaung\vendor\codeigniter4\framework\system\CodeIgniter.php(941): Myth\Auth\Controllers\AuthController->attemptLogin()
#9 F:\application-ci\simaung\vendor\codeigniter4\framework\system\CodeIgniter.php(502): CodeIgniter\CodeIgniter->runController(Object(Myth\Auth\Controllers\AuthController))
#10 F:\application-ci\simaung\vendor\codeigniter4\framework\system\CodeIgniter.php(361): CodeIgniter\CodeIgniter->handleRequest(NULL, Object(Config\Cache), false)
#11 F:\application-ci\simaung\public\index.php(79): CodeIgniter\CodeIgniter->run()
#12 F:\application-ci\simaung\vendor\codeigniter4\framework\system\Commands\Server\rewrite.php(47): require_once('F:\\application-...')
#13 {main}
CRITICAL - 2024-06-30 16:42:15 --> CodeIgniter\Database\Exceptions\DatabaseException: Unable to connect to the database.
Main connection [MySQLi]: No connection could be made because the target machine actively refused it
in SYSTEMPATH\Database\BaseConnection.php on line 428.
 1 SYSTEMPATH\Database\BaseConnection.php(575): CodeIgniter\Database\BaseConnection->initialize()
 2 SYSTEMPATH\Database\BaseBuilder.php(1616): CodeIgniter\Database\BaseConnection->query('SELECT *
FROM `users`
WHERE `username` = :username:
AND `users`.`deleted_at` IS NULL
 LIMIT 1', [...], false)
 3 SYSTEMPATH\Model.php(270): CodeIgniter\Database\BaseBuilder->get()
 4 SYSTEMPATH\BaseModel.php(676): CodeIgniter\Model->doFirst()
 5 VENDORPATH\myth\auth\src\Authentication\LocalAuthenticator.php(140): CodeIgniter\BaseModel->first()
 6 VENDORPATH\myth\auth\src\Authentication\LocalAuthenticator.php(19): Myth\Auth\Authentication\LocalAuthenticator->validate([...], true)
 7 VENDORPATH\myth\auth\src\Controllers\AuthController.php(87): Myth\Auth\Authentication\LocalAuthenticator->attempt([...], false)
 8 SYSTEMPATH\CodeIgniter.php(941): Myth\Auth\Controllers\AuthController->attemptLogin()
 9 SYSTEMPATH\CodeIgniter.php(502): CodeIgniter\CodeIgniter->runController(Object(Myth\Auth\Controllers\AuthController))
10 SYSTEMPATH\CodeIgniter.php(361): CodeIgniter\CodeIgniter->handleRequest(null, Object(Config\Cache), false)
11 FCPATH\index.php(79): CodeIgniter\CodeIgniter->run()
12 SYSTEMPATH\Commands\Server\rewrite.php(47): require_once('F:\\application-ci\\simaung\\public\\index.php')
INFO - 2024-06-30 16:43:04 --> Session: Class initialized using 'CodeIgniter\Session\Handlers\FileHandler' driver.
INFO - 2024-06-30 16:43:22 --> CSRF token verified.
INFO - 2024-06-30 16:43:23 --> Session: Class initialized using 'CodeIgniter\Session\Handlers\FileHandler' driver.
INFO - 2024-06-30 16:46:25 --> Session: Class initialized using 'CodeIgniter\Session\Handlers\FileHandler' driver.
ERROR - 2024-06-30 16:46:27 --> mysqli_sql_exception: Expression #2 of SELECT list is not in GROUP BY clause and contains nonaggregated column 'db_simaung.tb_logaktivitas.ke_iddompet' which is not functionally dependent on columns in GROUP BY clause; this is incompatible with sql_mode=only_full_group_by in F:\application-ci\simaung\vendor\codeigniter4\framework\system\Database\MySQLi\Connection.php:306
Stack trace:
#0 F:\application-ci\simaung\vendor\codeigniter4\framework\system\Database\MySQLi\Connection.php(306): mysqli->query('SELECT `tb_domp...', 0)
#1 F:\application-ci\simaung\vendor\codeigniter4\framework\system\Database\BaseConnection.php(693): CodeIgniter\Database\MySQLi\Connection->execute('SELECT `tb_domp...')
#2 F:\application-ci\simaung\vendor\codeigniter4\framework\system\Database\BaseConnection.php(607): CodeIgniter\Database\BaseConnection->simpleQuery('SELECT `tb_domp...')
#3 F:\application-ci\simaung\vendor\codeigniter4\framework\system\Database\BaseBuilder.php(1616): CodeIgniter\Database\BaseConnection->query('SELECT `tb_domp...', Array, false)
#4 F:\application-ci\simaung\app\Models\LogaktivitasModel.php(79): CodeIgniter\Database\BaseBuilder->get()
#5 F:\application-ci\simaung\app\Controllers\Dompet.php(104): App\Models\LogaktivitasModel->getSumAll('99')
#6 F:\application-ci\simaung\vendor\codeigniter4\framework\system\CodeIgniter.php(941): App\Controllers\Dompet->index()
#7 F:\application-ci\simaung\vendor\codeigniter4\framework\system\CodeIgniter.php(502): CodeIgniter\CodeIgniter->runController(Object(App\Controllers\Dompet))
#8 F:\application-ci\simaung\vendor\codeigniter4\framework\system\CodeIgniter.php(361): CodeIgniter\CodeIgniter->handleRequest(NULL, Object(Config\Cache), false)
#9 F:\application-ci\simaung\public\index.php(79): CodeIgniter\CodeIgniter->run()
#10 F:\application-ci\simaung\vendor\codeigniter4\framework\system\Commands\Server\rewrite.php(47): require_once('F:\\application-...')
#11 {main}
CRITICAL - 2024-06-30 16:46:27 --> CodeIgniter\Database\Exceptions\DatabaseException: Expression #2 of SELECT list is not in GROUP BY clause and contains nonaggregated column 'db_simaung.tb_logaktivitas.ke_iddompet' which is not functionally dependent on columns in GROUP BY clause; this is incompatible with sql_mode=only_full_group_by
in SYSTEMPATH\Database\BaseConnection.php on line 647.
 1 SYSTEMPATH\Database\BaseBuilder.php(1616): CodeIgniter\Database\BaseConnection->query('SELECT `tb_dompet`.`nama_dompet`, `tb_logaktivitas`.`ke_iddompet`, SUM(`jumlah`) AS `jumlah`
FROM `tb_logaktivitas`
JOIN `tb_dompet` ON `tb_dompet`.`id_dompet`=`tb_logaktivitas`.`id_dompet`
WHERE `tb_logaktivitas`.`id_user` = :tb_logaktivitas.id_user:
GROUP BY `tb_logaktivitas`.`id_dompet`', [...], false)
 2 APPPATH\Models\LogaktivitasModel.php(79): CodeIgniter\Database\BaseBuilder->get()
 3 APPPATH\Controllers\Dompet.php(104): App\Models\LogaktivitasModel->getSumAll('99')
 4 SYSTEMPATH\CodeIgniter.php(941): App\Controllers\Dompet->index()
 5 SYSTEMPATH\CodeIgniter.php(502): CodeIgniter\CodeIgniter->runController(Object(App\Controllers\Dompet))
 6 SYSTEMPATH\CodeIgniter.php(361): CodeIgniter\CodeIgniter->handleRequest(null, Object(Config\Cache), false)
 7 FCPATH\index.php(79): CodeIgniter\CodeIgniter->run()
 8 SYSTEMPATH\Commands\Server\rewrite.php(47): require_once('F:\\application-ci\\simaung\\public\\index.php')
CRITICAL - 2024-06-30 16:46:27 --> [Caused by] CodeIgniter\Database\Exceptions\DatabaseException: Expression #2 of SELECT list is not in GROUP BY clause and contains nonaggregated column 'db_simaung.tb_logaktivitas.ke_iddompet' which is not functionally dependent on columns in GROUP BY clause; this is incompatible with sql_mode=only_full_group_by
in SYSTEMPATH\Database\MySQLi\Connection.php on line 311.
 1 SYSTEMPATH\Database\BaseConnection.php(693): CodeIgniter\Database\MySQLi\Connection->execute('SELECT `tb_dompet`.`nama_dompet`, `tb_logaktivitas`.`ke_iddompet`, SUM(`jumlah`) AS `jumlah`
FROM `tb_logaktivitas`
JOIN `tb_dompet` ON `tb_dompet`.`id_dompet`=`tb_logaktivitas`.`id_dompet`
WHERE `tb_logaktivitas`.`id_user` = \'99\'
GROUP BY `tb_logaktivitas`.`id_dompet`')
 2 SYSTEMPATH\Database\BaseConnection.php(607): CodeIgniter\Database\BaseConnection->simpleQuery('SELECT `tb_dompet`.`nama_dompet`, `tb_logaktivitas`.`ke_iddompet`, SUM(`jumlah`) AS `jumlah`
FROM `tb_logaktivitas`
JOIN `tb_dompet` ON `tb_dompet`.`id_dompet`=`tb_logaktivitas`.`id_dompet`
WHERE `tb_logaktivitas`.`id_user` = \'99\'
GROUP BY `tb_logaktivitas`.`id_dompet`')
 3 SYSTEMPATH\Database\BaseBuilder.php(1616): CodeIgniter\Database\BaseConnection->query('SELECT `tb_dompet`.`nama_dompet`, `tb_logaktivitas`.`ke_iddompet`, SUM(`jumlah`) AS `jumlah`
FROM `tb_logaktivitas`
JOIN `tb_dompet` ON `tb_dompet`.`id_dompet`=`tb_logaktivitas`.`id_dompet`
WHERE `tb_logaktivitas`.`id_user` = :tb_logaktivitas.id_user:
GROUP BY `tb_logaktivitas`.`id_dompet`', [...], false)
 4 APPPATH\Models\LogaktivitasModel.php(79): CodeIgniter\Database\BaseBuilder->get()
 5 APPPATH\Controllers\Dompet.php(104): App\Models\LogaktivitasModel->getSumAll('99')
 6 SYSTEMPATH\CodeIgniter.php(941): App\Controllers\Dompet->index()
 7 SYSTEMPATH\CodeIgniter.php(502): CodeIgniter\CodeIgniter->runController(Object(App\Controllers\Dompet))
 8 SYSTEMPATH\CodeIgniter.php(361): CodeIgniter\CodeIgniter->handleRequest(null, Object(Config\Cache), false)
 9 FCPATH\index.php(79): CodeIgniter\CodeIgniter->run()
10 SYSTEMPATH\Commands\Server\rewrite.php(47): require_once('F:\\application-ci\\simaung\\public\\index.php')
CRITICAL - 2024-06-30 16:46:27 --> [Caused by] mysqli_sql_exception: Expression #2 of SELECT list is not in GROUP BY clause and contains nonaggregated column 'db_simaung.tb_logaktivitas.ke_iddompet' which is not functionally dependent on columns in GROUP BY clause; this is incompatible with sql_mode=only_full_group_by
in SYSTEMPATH\Database\MySQLi\Connection.php on line 306.
 1 SYSTEMPATH\Database\MySQLi\Connection.php(306): mysqli->query('SELECT `tb_dompet`.`nama_dompet`, `tb_logaktivitas`.`ke_iddompet`, SUM(`jumlah`) AS `jumlah`
FROM `tb_logaktivitas`
JOIN `tb_dompet` ON `tb_dompet`.`id_dompet`=`tb_logaktivitas`.`id_dompet`
WHERE `tb_logaktivitas`.`id_user` = \'99\'
GROUP BY `tb_logaktivitas`.`id_dompet`', 0)
 2 SYSTEMPATH\Database\BaseConnection.php(693): CodeIgniter\Database\MySQLi\Connection->execute('SELECT `tb_dompet`.`nama_dompet`, `tb_logaktivitas`.`ke_iddompet`, SUM(`jumlah`) AS `jumlah`
FROM `tb_logaktivitas`
JOIN `tb_dompet` ON `tb_dompet`.`id_dompet`=`tb_logaktivitas`.`id_dompet`
WHERE `tb_logaktivitas`.`id_user` = \'99\'
GROUP BY `tb_logaktivitas`.`id_dompet`')
 3 SYSTEMPATH\Database\BaseConnection.php(607): CodeIgniter\Database\BaseConnection->simpleQuery('SELECT `tb_dompet`.`nama_dompet`, `tb_logaktivitas`.`ke_iddompet`, SUM(`jumlah`) AS `jumlah`
FROM `tb_logaktivitas`
JOIN `tb_dompet` ON `tb_dompet`.`id_dompet`=`tb_logaktivitas`.`id_dompet`
WHERE `tb_logaktivitas`.`id_user` = \'99\'
GROUP BY `tb_logaktivitas`.`id_dompet`')
 4 SYSTEMPATH\Database\BaseBuilder.php(1616): CodeIgniter\Database\BaseConnection->query('SELECT `tb_dompet`.`nama_dompet`, `tb_logaktivitas`.`ke_iddompet`, SUM(`jumlah`) AS `jumlah`
FROM `tb_logaktivitas`
JOIN `tb_dompet` ON `tb_dompet`.`id_dompet`=`tb_logaktivitas`.`id_dompet`
WHERE `tb_logaktivitas`.`id_user` = :tb_logaktivitas.id_user:
GROUP BY `tb_logaktivitas`.`id_dompet`', [...], false)
 5 APPPATH\Models\LogaktivitasModel.php(79): CodeIgniter\Database\BaseBuilder->get()
 6 APPPATH\Controllers\Dompet.php(104): App\Models\LogaktivitasModel->getSumAll('99')
 7 SYSTEMPATH\CodeIgniter.php(941): App\Controllers\Dompet->index()
 8 SYSTEMPATH\CodeIgniter.php(502): CodeIgniter\CodeIgniter->runController(Object(App\Controllers\Dompet))
 9 SYSTEMPATH\CodeIgniter.php(361): CodeIgniter\CodeIgniter->handleRequest(null, Object(Config\Cache), false)
10 FCPATH\index.php(79): CodeIgniter\CodeIgniter->run()
11 SYSTEMPATH\Commands\Server\rewrite.php(47): require_once('F:\\application-ci\\simaung\\public\\index.php')
INFO - 2024-06-30 16:47:34 --> Session: Class initialized using 'CodeIgniter\Session\Handlers\FileHandler' driver.
INFO - 2024-06-30 16:47:42 --> Session: Class initialized using 'CodeIgniter\Session\Handlers\FileHandler' driver.
INFO - 2024-06-30 16:47:43 --> Session: Class initialized using 'CodeIgniter\Session\Handlers\FileHandler' driver.
INFO - 2024-06-30 16:47:57 --> Session: Class initialized using 'CodeIgniter\Session\Handlers\FileHandler' driver.
INFO - 2024-06-30 16:48:10 --> Session: Class initialized using 'CodeIgniter\Session\Handlers\FileHandler' driver.
