CRITICAL - 2023-11-01 09:28:29 --> Undefined array key "tanggal"
in APPPATH\Controllers\Dompet.php on line 27.
 1 APPPATH\Controllers\Dompet.php(27): CodeIgniter\Debug\Exceptions->errorHandler(2, 'Undefined array key "tanggal"', 'F:\\application-ci\\simaung\\app\\Controllers\\Dompet.php', 27)
 2 SYSTEMPATH\CodeIgniter.php(919): App\Controllers\Dompet->index()
 3 SYSTEMPATH\CodeIgniter.php(494): CodeIgniter\CodeIgniter->runController(Object(App\Controllers\Dompet))
 4 SYSTEMPATH\CodeIgniter.php(353): CodeIgniter\CodeIgniter->handleRequest(null, Object(Config\Cache), false)
 5 FCPATH\index.php(79): CodeIgniter\CodeIgniter->run()
 6 SYSTEMPATH\Commands\Server\rewrite.php(47): require_once('F:\\application-ci\\simaung\\public\\index.php')
CRITICAL - 2023-11-01 09:35:31 --> A non-numeric value encountered
in APPPATH\Controllers\Dompet.php on line 23.
 1 APPPATH\Controllers\Dompet.php(23): CodeIgniter\Debug\Exceptions->errorHandler(2, 'A non-numeric value encountered', 'F:\\application-ci\\simaung\\app\\Controllers\\Dompet.php', 23)
 2 SYSTEMPATH\CodeIgniter.php(919): App\Controllers\Dompet->index()
 3 SYSTEMPATH\CodeIgniter.php(494): CodeIgniter\CodeIgniter->runController(Object(App\Controllers\Dompet))
 4 SYSTEMPATH\CodeIgniter.php(353): CodeIgniter\CodeIgniter->handleRequest(null, Object(Config\Cache), false)
 5 FCPATH\index.php(79): CodeIgniter\CodeIgniter->run()
 6 SYSTEMPATH\Commands\Server\rewrite.php(47): require_once('F:\\application-ci\\simaung\\public\\index.php')
CRITICAL - 2023-11-01 09:35:41 --> Unsupported operand types: array + string
in APPPATH\Controllers\Dompet.php on line 23.
 1 SYSTEMPATH\CodeIgniter.php(919): App\Controllers\Dompet->index()
 2 SYSTEMPATH\CodeIgniter.php(494): CodeIgniter\CodeIgniter->runController(Object(App\Controllers\Dompet))
 3 SYSTEMPATH\CodeIgniter.php(353): CodeIgniter\CodeIgniter->handleRequest(null, Object(Config\Cache), false)
 4 FCPATH\index.php(79): CodeIgniter\CodeIgniter->run()
 5 SYSTEMPATH\Commands\Server\rewrite.php(47): require_once('F:\\application-ci\\simaung\\public\\index.php')
CRITICAL - 2023-11-01 09:38:53 --> Unsupported operand types: array + string
in APPPATH\Controllers\Dompet.php on line 23.
 1 SYSTEMPATH\CodeIgniter.php(919): App\Controllers\Dompet->index()
 2 SYSTEMPATH\CodeIgniter.php(494): CodeIgniter\CodeIgniter->runController(Object(App\Controllers\Dompet))
 3 SYSTEMPATH\CodeIgniter.php(353): CodeIgniter\CodeIgniter->handleRequest(null, Object(Config\Cache), false)
 4 FCPATH\index.php(79): CodeIgniter\CodeIgniter->run()
 5 SYSTEMPATH\Commands\Server\rewrite.php(47): require_once('F:\\application-ci\\simaung\\public\\index.php')
CRITICAL - 2023-11-01 10:03:40 --> Undefined array key "tanggal"
in APPPATH\Controllers\Dompet.php on line 27.
 1 APPPATH\Controllers\Dompet.php(27): CodeIgniter\Debug\Exceptions->errorHandler(2, 'Undefined array key "tanggal"', 'F:\\application-ci\\simaung\\app\\Controllers\\Dompet.php', 27)
 2 SYSTEMPATH\CodeIgniter.php(919): App\Controllers\Dompet->index()
 3 SYSTEMPATH\CodeIgniter.php(494): CodeIgniter\CodeIgniter->runController(Object(App\Controllers\Dompet))
 4 SYSTEMPATH\CodeIgniter.php(353): CodeIgniter\CodeIgniter->handleRequest(null, Object(Config\Cache), false)
 5 FCPATH\index.php(79): CodeIgniter\CodeIgniter->run()
 6 SYSTEMPATH\Commands\Server\rewrite.php(47): require_once('F:\\application-ci\\simaung\\public\\index.php')
CRITICAL - 2023-11-01 10:08:13 --> Undefined variable $logByDate
in APPPATH\Views\dompet\index.php on line 199.
 1 APPPATH\Views\dompet\index.php(199): CodeIgniter\Debug\Exceptions->errorHandler(2, 'Undefined variable $logByDate', 'F:\\application-ci\\simaung\\app\\Views\\dompet\\index.php', 199)
 2 SYSTEMPATH\View\View.php(226): include('F:\\application-ci\\simaung\\app\\Views\\dompet\\index.php')
 3 SYSTEMPATH\View\View.php(229): CodeIgniter\View\View->CodeIgniter\View\{closure}()
 4 SYSTEMPATH\Common.php(1188): CodeIgniter\View\View->render('dompet/index', [], true)
 5 APPPATH\Controllers\Dompet.php(35): view('dompet/index', [...])
 6 SYSTEMPATH\CodeIgniter.php(919): App\Controllers\Dompet->index()
 7 SYSTEMPATH\CodeIgniter.php(494): CodeIgniter\CodeIgniter->runController(Object(App\Controllers\Dompet))
 8 SYSTEMPATH\CodeIgniter.php(353): CodeIgniter\CodeIgniter->handleRequest(null, Object(Config\Cache), false)
 9 FCPATH\index.php(79): CodeIgniter\CodeIgniter->run()
10 SYSTEMPATH\Commands\Server\rewrite.php(47): require_once('F:\\application-ci\\simaung\\public\\index.php')
CRITICAL - 2023-11-01 10:08:31 --> Undefined variable $logDate
in APPPATH\Views\dompet\index.php on line 191.
 1 APPPATH\Views\dompet\index.php(191): CodeIgniter\Debug\Exceptions->errorHandler(2, 'Undefined variable $logDate', 'F:\\application-ci\\simaung\\app\\Views\\dompet\\index.php', 191)
 2 SYSTEMPATH\View\View.php(226): include('F:\\application-ci\\simaung\\app\\Views\\dompet\\index.php')
 3 SYSTEMPATH\View\View.php(229): CodeIgniter\View\View->CodeIgniter\View\{closure}()
 4 SYSTEMPATH\Common.php(1188): CodeIgniter\View\View->render('dompet/index', [], true)
 5 APPPATH\Controllers\Dompet.php(35): view('dompet/index', [...])
 6 SYSTEMPATH\CodeIgniter.php(919): App\Controllers\Dompet->index()
 7 SYSTEMPATH\CodeIgniter.php(494): CodeIgniter\CodeIgniter->runController(Object(App\Controllers\Dompet))
 8 SYSTEMPATH\CodeIgniter.php(353): CodeIgniter\CodeIgniter->handleRequest(null, Object(Config\Cache), false)
 9 FCPATH\index.php(79): CodeIgniter\CodeIgniter->run()
10 SYSTEMPATH\Commands\Server\rewrite.php(47): require_once('F:\\application-ci\\simaung\\public\\index.php')
