INFO - 2023-10-28 11:25:35 --> Session: Class initialized using 'CodeIgniter\Session\Handlers\FileHandler' driver.
CRITICAL - 2023-10-28 11:51:35 --> Call to undefined method App\Models\KebutuhanModel::getLimitKebutuhan
in SYSTEMPATH\Model.php on line 873.
 1 APPPATH\Controllers\Dompet.php(19): CodeIgniter\Model->__call('getLimitKebutuhan', [])
 2 SYSTEMPATH\CodeIgniter.php(919): App\Controllers\Dompet->index()
 3 SYSTEMPATH\CodeIgniter.php(494): CodeIgniter\CodeIgniter->runController(Object(App\Controllers\Dompet))
 4 SYSTEMPATH\CodeIgniter.php(353): CodeIgniter\CodeIgniter->handleRequest(null, Object(Config\Cache), false)
 5 FCPATH\index.php(79): CodeIgniter\CodeIgniter->run()
 6 SYSTEMPATH\Commands\Server\rewrite.php(47): require_once('F:\\application-ci\\simaung\\public\\index.php')
CRITICAL - 2023-10-28 13:59:28 --> Undefined variable $row
in APPPATH\Views\kebutuhan\update.php on line 16.
 1 APPPATH\Views\kebutuhan\update.php(16): CodeIgniter\Debug\Exceptions->errorHandler(2, 'Undefined variable $row', 'F:\\application-ci\\simaung\\app\\Views\\kebutuhan\\update.php', 16)
 2 SYSTEMPATH\View\View.php(226): include('F:\\application-ci\\simaung\\app\\Views\\kebutuhan\\update.php')
 3 SYSTEMPATH\View\View.php(229): CodeIgniter\View\View->CodeIgniter\View\{closure}()
 4 SYSTEMPATH\Common.php(1188): CodeIgniter\View\View->render('/kebutuhan/update', [], true)
 5 APPPATH\Controllers\Kebutuhan.php(83): view('/kebutuhan/update', [...])
 6 SYSTEMPATH\CodeIgniter.php(919): App\Controllers\Kebutuhan->update('2')
 7 SYSTEMPATH\CodeIgniter.php(494): CodeIgniter\CodeIgniter->runController(Object(App\Controllers\Kebutuhan))
 8 SYSTEMPATH\CodeIgniter.php(353): CodeIgniter\CodeIgniter->handleRequest(null, Object(Config\Cache), false)
 9 FCPATH\index.php(79): CodeIgniter\CodeIgniter->run()
10 SYSTEMPATH\Commands\Server\rewrite.php(47): require_once('F:\\application-ci\\simaung\\public\\index.php')
INFO - 2023-10-28 14:12:38 --> Session: Class initialized using 'CodeIgniter\Session\Handlers\FileHandler' driver.
INFO - 2023-10-28 14:13:15 --> Session: Class initialized using 'CodeIgniter\Session\Handlers\FileHandler' driver.
INFO - 2023-10-28 14:53:07 --> Session: Class initialized using 'CodeIgniter\Session\Handlers\FileHandler' driver.
INFO - 2023-10-28 14:54:02 --> Session: Class initialized using 'CodeIgniter\Session\Handlers\FileHandler' driver.
