CRITICAL - 2023-11-21 10:54:39 --> Undefined variable $dataperiode
in APPPATH\Views\penggunaan\index.php on line 17.
 1 APPPATH\Views\penggunaan\index.php(17): CodeIgniter\Debug\Exceptions->errorHandler(2, 'Undefined variable $dataperiode', 'F:\\application-ci\\simaung\\app\\Views\\penggunaan\\index.php', 17)
 2 SYSTEMPATH\View\View.php(226): include('F:\\application-ci\\simaung\\app\\Views\\penggunaan\\index.php')
 3 SYSTEMPATH\View\View.php(229): CodeIgniter\View\View->CodeIgniter\View\{closure}()
 4 SYSTEMPATH\Common.php(1188): CodeIgniter\View\View->render('penggunaan/index', [], true)
 5 APPPATH\Controllers\Penggunaanl.php(22): view('penggunaan/index', [...])
 6 SYSTEMPATH\CodeIgniter.php(919): App\Controllers\Penggunaanl->index()
 7 SYSTEMPATH\CodeIgniter.php(494): CodeIgniter\CodeIgniter->runController(Object(App\Controllers\Penggunaanl))
 8 SYSTEMPATH\CodeIgniter.php(353): CodeIgniter\CodeIgniter->handleRequest(null, Object(Config\Cache), false)
 9 FCPATH\index.php(79): CodeIgniter\CodeIgniter->run()
10 SYSTEMPATH\Commands\Server\rewrite.php(47): require_once('F:\\application-ci\\simaung\\public\\index.php')
CRITICAL - 2023-11-21 10:54:59 --> Undefined array key "status_penghitung"
in APPPATH\Views\penggunaan\index.php on line 20.
 1 APPPATH\Views\penggunaan\index.php(20): CodeIgniter\Debug\Exceptions->errorHandler(2, 'Undefined array key "status_penghitung"', 'F:\\application-ci\\simaung\\app\\Views\\penggunaan\\index.php', 20)
 2 SYSTEMPATH\View\View.php(226): include('F:\\application-ci\\simaung\\app\\Views\\penggunaan\\index.php')
 3 SYSTEMPATH\View\View.php(229): CodeIgniter\View\View->CodeIgniter\View\{closure}()
 4 SYSTEMPATH\Common.php(1188): CodeIgniter\View\View->render('penggunaan/index', [], true)
 5 APPPATH\Controllers\Penggunaanl.php(22): view('penggunaan/index', [...])
 6 SYSTEMPATH\CodeIgniter.php(919): App\Controllers\Penggunaanl->index()
 7 SYSTEMPATH\CodeIgniter.php(494): CodeIgniter\CodeIgniter->runController(Object(App\Controllers\Penggunaanl))
 8 SYSTEMPATH\CodeIgniter.php(353): CodeIgniter\CodeIgniter->handleRequest(null, Object(Config\Cache), false)
 9 FCPATH\index.php(79): CodeIgniter\CodeIgniter->run()
10 SYSTEMPATH\Commands\Server\rewrite.php(47): require_once('F:\\application-ci\\simaung\\public\\index.php')
INFO - 2023-11-21 11:25:05 --> Session: Class initialized using 'CodeIgniter\Session\Handlers\FileHandler' driver.
INFO - 2023-11-21 11:39:50 --> Session: Class initialized using 'CodeIgniter\Session\Handlers\FileHandler' driver.
INFO - 2023-11-21 11:43:56 --> Session: Class initialized using 'CodeIgniter\Session\Handlers\FileHandler' driver.
INFO - 2023-11-21 11:44:03 --> Session: Class initialized using 'CodeIgniter\Session\Handlers\FileHandler' driver.
