INFO - 2024-04-06 13:40:22 --> Session: Class initialized using 'CodeIgniter\Session\Handlers\FileHandler' driver.
INFO - 2024-04-06 13:40:44 --> CSRF token verified.
INFO - 2024-04-06 13:40:44 --> Session: Class initialized using 'CodeIgniter\Session\Handlers\FileHandler' driver.
INFO - 2024-04-06 13:40:46 --> Session: Class initialized using 'CodeIgniter\Session\Handlers\FileHandler' driver.
INFO - 2024-04-06 13:40:50 --> Session: Class initialized using 'CodeIgniter\Session\Handlers\FileHandler' driver.
INFO - 2024-04-06 13:40:51 --> Session: Class initialized using 'CodeIgniter\Session\Handlers\FileHandler' driver.
INFO - 2024-04-06 13:40:57 --> Session: Class initialized using 'CodeIgniter\Session\Handlers\FileHandler' driver.
INFO - 2024-04-06 13:41:21 --> Session: Class initialized using 'CodeIgniter\Session\Handlers\FileHandler' driver.
INFO - 2024-04-06 13:41:47 --> CSRF token verified.
INFO - 2024-04-06 13:41:47 --> Session: Class initialized using 'CodeIgniter\Session\Handlers\FileHandler' driver.
INFO - 2024-04-06 13:41:47 --> Session: Class initialized using 'CodeIgniter\Session\Handlers\FileHandler' driver.
INFO - 2024-04-06 13:41:49 --> Session: Class initialized using 'CodeIgniter\Session\Handlers\FileHandler' driver.
INFO - 2024-04-06 13:41:49 --> Session: Class initialized using 'CodeIgniter\Session\Handlers\FileHandler' driver.
INFO - 2024-04-06 13:41:55 --> Session: Class initialized using 'CodeIgniter\Session\Handlers\FileHandler' driver.
INFO - 2024-04-06 13:43:11 --> Session: Class initialized using 'CodeIgniter\Session\Handlers\FileHandler' driver.
INFO - 2024-04-06 13:43:42 --> CSRF token verified.
INFO - 2024-04-06 13:43:42 --> Session: Class initialized using 'CodeIgniter\Session\Handlers\FileHandler' driver.
INFO - 2024-04-06 13:43:43 --> Session: Class initialized using 'CodeIgniter\Session\Handlers\FileHandler' driver.
INFO - 2024-04-06 13:43:45 --> Session: Class initialized using 'CodeIgniter\Session\Handlers\FileHandler' driver.
INFO - 2024-04-06 13:43:45 --> Session: Class initialized using 'CodeIgniter\Session\Handlers\FileHandler' driver.
INFO - 2024-04-06 13:44:08 --> Session: Class initialized using 'CodeIgniter\Session\Handlers\FileHandler' driver.
INFO - 2024-04-06 13:44:08 --> Session: Class initialized using 'CodeIgniter\Session\Handlers\FileHandler' driver.
INFO - 2024-04-06 13:44:15 --> Session: Class initialized using 'CodeIgniter\Session\Handlers\FileHandler' driver.
INFO - 2024-04-06 13:44:15 --> Session: Class initialized using 'CodeIgniter\Session\Handlers\FileHandler' driver.
INFO - 2024-04-06 23:07:11 --> Session: Class initialized using 'CodeIgniter\Session\Handlers\FileHandler' driver.
INFO - 2024-04-06 23:07:16 --> Session: Class initialized using 'CodeIgniter\Session\Handlers\FileHandler' driver.
INFO - 2024-04-06 23:07:33 --> CSRF token verified.
INFO - 2024-04-06 23:07:33 --> Session: Class initialized using 'CodeIgniter\Session\Handlers\FileHandler' driver.
INFO - 2024-04-06 23:07:34 --> Session: Class initialized using 'CodeIgniter\Session\Handlers\FileHandler' driver.
INFO - 2024-04-06 23:07:36 --> Session: Class initialized using 'CodeIgniter\Session\Handlers\FileHandler' driver.
INFO - 2024-04-06 23:07:36 --> Session: Class initialized using 'CodeIgniter\Session\Handlers\FileHandler' driver.
INFO - 2024-04-06 23:08:34 --> Session: Class initialized using 'CodeIgniter\Session\Handlers\FileHandler' driver.
INFO - 2024-04-06 23:08:41 --> Session: Class initialized using 'CodeIgniter\Session\Handlers\FileHandler' driver.
INFO - 2024-04-06 23:08:55 --> Session: Class initialized using 'CodeIgniter\Session\Handlers\FileHandler' driver.
ERROR - 2024-04-06 23:08:55 --> mysqli_sql_exception: Incorrect DATE value: '2024-04-31' in F:\application-ci\simaung\vendor\codeigniter4\framework\system\Database\MySQLi\Connection.php:306
Stack trace:
#0 F:\application-ci\simaung\vendor\codeigniter4\framework\system\Database\MySQLi\Connection.php(306): mysqli->query('SELECT `id`, `t...', 0)
#1 F:\application-ci\simaung\vendor\codeigniter4\framework\system\Database\BaseConnection.php(693): CodeIgniter\Database\MySQLi\Connection->execute('SELECT `id`, `t...')
#2 F:\application-ci\simaung\vendor\codeigniter4\framework\system\Database\BaseConnection.php(607): CodeIgniter\Database\BaseConnection->simpleQuery('SELECT `id`, `t...')
#3 F:\application-ci\simaung\vendor\codeigniter4\framework\system\Database\BaseBuilder.php(1616): CodeIgniter\Database\BaseConnection->query('SELECT `id`, `t...', Array, false)
#4 F:\application-ci\simaung\app\Models\LogaktivitasModel.php(191): CodeIgniter\Database\BaseBuilder->get()
#5 F:\application-ci\simaung\app\Controllers\Coba.php(23): App\Models\LogaktivitasModel->filterData()
#6 F:\application-ci\simaung\vendor\codeigniter4\framework\system\CodeIgniter.php(941): App\Controllers\Coba->index()
#7 F:\application-ci\simaung\vendor\codeigniter4\framework\system\CodeIgniter.php(502): CodeIgniter\CodeIgniter->runController(Object(App\Controllers\Coba))
#8 F:\application-ci\simaung\vendor\codeigniter4\framework\system\CodeIgniter.php(361): CodeIgniter\CodeIgniter->handleRequest(NULL, Object(Config\Cache), false)
#9 F:\application-ci\simaung\public\index.php(79): CodeIgniter\CodeIgniter->run()
#10 F:\application-ci\simaung\vendor\codeigniter4\framework\system\Commands\Server\rewrite.php(47): require_once('F:\\application-...')
#11 {main}
CRITICAL - 2024-04-06 23:08:56 --> CodeIgniter\Database\Exceptions\DatabaseException: Incorrect DATE value: '2024-04-31'
in SYSTEMPATH\Database\BaseConnection.php on line 647.
 1 SYSTEMPATH\Database\BaseBuilder.php(1616): CodeIgniter\Database\BaseConnection->query('SELECT `id`, `tb_logaktivitas`.`log_aktivitas`, `jumlah`, `tanggal`, `catatan`, `tb_logaktivitas`.`status`, `tb_logaktivitas`.`id_dompet`, `nama_dompet`, `saldo`, `saldo_awal`, `ke_iddompet`, `tb_logaktivitas`.`id_user`
FROM `tb_logaktivitas`
JOIN `tb_dompet` ON `tb_dompet`.`id_dompet`=`tb_logaktivitas`.`id_dompet`
WHERE `tb_logaktivitas`.`id_user` = :tb_logaktivitas.id_user:
AND `tanggal` >= :tanggal:
AND `tanggal` <= :tanggal.1:
ORDER BY `tanggal` DESC, `id` DESC', [...], false)
 2 APPPATH\Models\LogaktivitasModel.php(191): CodeIgniter\Database\BaseBuilder->get()
 3 APPPATH\Controllers\Coba.php(23): App\Models\LogaktivitasModel->filterData()
 4 SYSTEMPATH\CodeIgniter.php(941): App\Controllers\Coba->index()
 5 SYSTEMPATH\CodeIgniter.php(502): CodeIgniter\CodeIgniter->runController(Object(App\Controllers\Coba))
 6 SYSTEMPATH\CodeIgniter.php(361): CodeIgniter\CodeIgniter->handleRequest(null, Object(Config\Cache), false)
 7 FCPATH\index.php(79): CodeIgniter\CodeIgniter->run()
 8 SYSTEMPATH\Commands\Server\rewrite.php(47): require_once('F:\\application-ci\\simaung\\public\\index.php')
CRITICAL - 2024-04-06 23:08:56 --> [Caused by] CodeIgniter\Database\Exceptions\DatabaseException: Incorrect DATE value: '2024-04-31'
in SYSTEMPATH\Database\MySQLi\Connection.php on line 311.
 1 SYSTEMPATH\Database\BaseConnection.php(693): CodeIgniter\Database\MySQLi\Connection->execute('SELECT `id`, `tb_logaktivitas`.`log_aktivitas`, `jumlah`, `tanggal`, `catatan`, `tb_logaktivitas`.`status`, `tb_logaktivitas`.`id_dompet`, `nama_dompet`, `saldo`, `saldo_awal`, `ke_iddompet`, `tb_logaktivitas`.`id_user`
FROM `tb_logaktivitas`
JOIN `tb_dompet` ON `tb_dompet`.`id_dompet`=`tb_logaktivitas`.`id_dompet`
WHERE `tb_logaktivitas`.`id_user` = \'2\'
AND `tanggal` >= \'2024-04-01\'
AND `tanggal` <= \'2024-04-31\'
ORDER BY `tanggal` DESC, `id` DESC')
 2 SYSTEMPATH\Database\BaseConnection.php(607): CodeIgniter\Database\BaseConnection->simpleQuery('SELECT `id`, `tb_logaktivitas`.`log_aktivitas`, `jumlah`, `tanggal`, `catatan`, `tb_logaktivitas`.`status`, `tb_logaktivitas`.`id_dompet`, `nama_dompet`, `saldo`, `saldo_awal`, `ke_iddompet`, `tb_logaktivitas`.`id_user`
FROM `tb_logaktivitas`
JOIN `tb_dompet` ON `tb_dompet`.`id_dompet`=`tb_logaktivitas`.`id_dompet`
WHERE `tb_logaktivitas`.`id_user` = \'2\'
AND `tanggal` >= \'2024-04-01\'
AND `tanggal` <= \'2024-04-31\'
ORDER BY `tanggal` DESC, `id` DESC')
 3 SYSTEMPATH\Database\BaseBuilder.php(1616): CodeIgniter\Database\BaseConnection->query('SELECT `id`, `tb_logaktivitas`.`log_aktivitas`, `jumlah`, `tanggal`, `catatan`, `tb_logaktivitas`.`status`, `tb_logaktivitas`.`id_dompet`, `nama_dompet`, `saldo`, `saldo_awal`, `ke_iddompet`, `tb_logaktivitas`.`id_user`
FROM `tb_logaktivitas`
JOIN `tb_dompet` ON `tb_dompet`.`id_dompet`=`tb_logaktivitas`.`id_dompet`
WHERE `tb_logaktivitas`.`id_user` = :tb_logaktivitas.id_user:
AND `tanggal` >= :tanggal:
AND `tanggal` <= :tanggal.1:
ORDER BY `tanggal` DESC, `id` DESC', [...], false)
 4 APPPATH\Models\LogaktivitasModel.php(191): CodeIgniter\Database\BaseBuilder->get()
 5 APPPATH\Controllers\Coba.php(23): App\Models\LogaktivitasModel->filterData()
 6 SYSTEMPATH\CodeIgniter.php(941): App\Controllers\Coba->index()
 7 SYSTEMPATH\CodeIgniter.php(502): CodeIgniter\CodeIgniter->runController(Object(App\Controllers\Coba))
 8 SYSTEMPATH\CodeIgniter.php(361): CodeIgniter\CodeIgniter->handleRequest(null, Object(Config\Cache), false)
 9 FCPATH\index.php(79): CodeIgniter\CodeIgniter->run()
10 SYSTEMPATH\Commands\Server\rewrite.php(47): require_once('F:\\application-ci\\simaung\\public\\index.php')
CRITICAL - 2024-04-06 23:08:56 --> [Caused by] mysqli_sql_exception: Incorrect DATE value: '2024-04-31'
in SYSTEMPATH\Database\MySQLi\Connection.php on line 306.
 1 SYSTEMPATH\Database\MySQLi\Connection.php(306): mysqli->query('SELECT `id`, `tb_logaktivitas`.`log_aktivitas`, `jumlah`, `tanggal`, `catatan`, `tb_logaktivitas`.`status`, `tb_logaktivitas`.`id_dompet`, `nama_dompet`, `saldo`, `saldo_awal`, `ke_iddompet`, `tb_logaktivitas`.`id_user`
FROM `tb_logaktivitas`
JOIN `tb_dompet` ON `tb_dompet`.`id_dompet`=`tb_logaktivitas`.`id_dompet`
WHERE `tb_logaktivitas`.`id_user` = \'2\'
AND `tanggal` >= \'2024-04-01\'
AND `tanggal` <= \'2024-04-31\'
ORDER BY `tanggal` DESC, `id` DESC', 0)
 2 SYSTEMPATH\Database\BaseConnection.php(693): CodeIgniter\Database\MySQLi\Connection->execute('SELECT `id`, `tb_logaktivitas`.`log_aktivitas`, `jumlah`, `tanggal`, `catatan`, `tb_logaktivitas`.`status`, `tb_logaktivitas`.`id_dompet`, `nama_dompet`, `saldo`, `saldo_awal`, `ke_iddompet`, `tb_logaktivitas`.`id_user`
FROM `tb_logaktivitas`
JOIN `tb_dompet` ON `tb_dompet`.`id_dompet`=`tb_logaktivitas`.`id_dompet`
WHERE `tb_logaktivitas`.`id_user` = \'2\'
AND `tanggal` >= \'2024-04-01\'
AND `tanggal` <= \'2024-04-31\'
ORDER BY `tanggal` DESC, `id` DESC')
 3 SYSTEMPATH\Database\BaseConnection.php(607): CodeIgniter\Database\BaseConnection->simpleQuery('SELECT `id`, `tb_logaktivitas`.`log_aktivitas`, `jumlah`, `tanggal`, `catatan`, `tb_logaktivitas`.`status`, `tb_logaktivitas`.`id_dompet`, `nama_dompet`, `saldo`, `saldo_awal`, `ke_iddompet`, `tb_logaktivitas`.`id_user`
FROM `tb_logaktivitas`
JOIN `tb_dompet` ON `tb_dompet`.`id_dompet`=`tb_logaktivitas`.`id_dompet`
WHERE `tb_logaktivitas`.`id_user` = \'2\'
AND `tanggal` >= \'2024-04-01\'
AND `tanggal` <= \'2024-04-31\'
ORDER BY `tanggal` DESC, `id` DESC')
 4 SYSTEMPATH\Database\BaseBuilder.php(1616): CodeIgniter\Database\BaseConnection->query('SELECT `id`, `tb_logaktivitas`.`log_aktivitas`, `jumlah`, `tanggal`, `catatan`, `tb_logaktivitas`.`status`, `tb_logaktivitas`.`id_dompet`, `nama_dompet`, `saldo`, `saldo_awal`, `ke_iddompet`, `tb_logaktivitas`.`id_user`
FROM `tb_logaktivitas`
JOIN `tb_dompet` ON `tb_dompet`.`id_dompet`=`tb_logaktivitas`.`id_dompet`
WHERE `tb_logaktivitas`.`id_user` = :tb_logaktivitas.id_user:
AND `tanggal` >= :tanggal:
AND `tanggal` <= :tanggal.1:
ORDER BY `tanggal` DESC, `id` DESC', [...], false)
 5 APPPATH\Models\LogaktivitasModel.php(191): CodeIgniter\Database\BaseBuilder->get()
 6 APPPATH\Controllers\Coba.php(23): App\Models\LogaktivitasModel->filterData()
 7 SYSTEMPATH\CodeIgniter.php(941): App\Controllers\Coba->index()
 8 SYSTEMPATH\CodeIgniter.php(502): CodeIgniter\CodeIgniter->runController(Object(App\Controllers\Coba))
 9 SYSTEMPATH\CodeIgniter.php(361): CodeIgniter\CodeIgniter->handleRequest(null, Object(Config\Cache), false)
10 FCPATH\index.php(79): CodeIgniter\CodeIgniter->run()
11 SYSTEMPATH\Commands\Server\rewrite.php(47): require_once('F:\\application-ci\\simaung\\public\\index.php')
INFO - 2024-04-06 23:09:11 --> Session: Class initialized using 'CodeIgniter\Session\Handlers\FileHandler' driver.
INFO - 2024-04-06 23:10:22 --> Session: Class initialized using 'CodeIgniter\Session\Handlers\FileHandler' driver.
ERROR - 2024-04-06 23:10:22 --> mysqli_sql_exception: Incorrect DATE value: '2024-04-31' in F:\application-ci\simaung\vendor\codeigniter4\framework\system\Database\MySQLi\Connection.php:306
Stack trace:
#0 F:\application-ci\simaung\vendor\codeigniter4\framework\system\Database\MySQLi\Connection.php(306): mysqli->query('SELECT `id`, `t...', 0)
#1 F:\application-ci\simaung\vendor\codeigniter4\framework\system\Database\BaseConnection.php(693): CodeIgniter\Database\MySQLi\Connection->execute('SELECT `id`, `t...')
#2 F:\application-ci\simaung\vendor\codeigniter4\framework\system\Database\BaseConnection.php(607): CodeIgniter\Database\BaseConnection->simpleQuery('SELECT `id`, `t...')
#3 F:\application-ci\simaung\vendor\codeigniter4\framework\system\Database\BaseBuilder.php(1616): CodeIgniter\Database\BaseConnection->query('SELECT `id`, `t...', Array, false)
#4 F:\application-ci\simaung\app\Models\LogaktivitasModel.php(191): CodeIgniter\Database\BaseBuilder->get()
#5 F:\application-ci\simaung\app\Controllers\Coba.php(23): App\Models\LogaktivitasModel->filterData()
#6 F:\application-ci\simaung\vendor\codeigniter4\framework\system\CodeIgniter.php(941): App\Controllers\Coba->index()
#7 F:\application-ci\simaung\vendor\codeigniter4\framework\system\CodeIgniter.php(502): CodeIgniter\CodeIgniter->runController(Object(App\Controllers\Coba))
#8 F:\application-ci\simaung\vendor\codeigniter4\framework\system\CodeIgniter.php(361): CodeIgniter\CodeIgniter->handleRequest(NULL, Object(Config\Cache), false)
#9 F:\application-ci\simaung\public\index.php(79): CodeIgniter\CodeIgniter->run()
#10 F:\application-ci\simaung\vendor\codeigniter4\framework\system\Commands\Server\rewrite.php(47): require_once('F:\\application-...')
#11 {main}
CRITICAL - 2024-04-06 23:10:22 --> CodeIgniter\Database\Exceptions\DatabaseException: Incorrect DATE value: '2024-04-31'
in SYSTEMPATH\Database\BaseConnection.php on line 647.
 1 SYSTEMPATH\Database\BaseBuilder.php(1616): CodeIgniter\Database\BaseConnection->query('SELECT `id`, `tb_logaktivitas`.`log_aktivitas`, `jumlah`, `tanggal`, `catatan`, `tb_logaktivitas`.`status`, `tb_logaktivitas`.`id_dompet`, `nama_dompet`, `saldo`, `saldo_awal`, `ke_iddompet`, `tb_logaktivitas`.`id_user`
FROM `tb_logaktivitas`
JOIN `tb_dompet` ON `tb_dompet`.`id_dompet`=`tb_logaktivitas`.`id_dompet`
WHERE `tb_logaktivitas`.`id_user` = :tb_logaktivitas.id_user:
AND `tanggal` >= :tanggal:
AND `tanggal` <= :tanggal.1:
ORDER BY `tanggal` DESC, `id` DESC', [...], false)
 2 APPPATH\Models\LogaktivitasModel.php(191): CodeIgniter\Database\BaseBuilder->get()
 3 APPPATH\Controllers\Coba.php(23): App\Models\LogaktivitasModel->filterData()
 4 SYSTEMPATH\CodeIgniter.php(941): App\Controllers\Coba->index()
 5 SYSTEMPATH\CodeIgniter.php(502): CodeIgniter\CodeIgniter->runController(Object(App\Controllers\Coba))
 6 SYSTEMPATH\CodeIgniter.php(361): CodeIgniter\CodeIgniter->handleRequest(null, Object(Config\Cache), false)
 7 FCPATH\index.php(79): CodeIgniter\CodeIgniter->run()
 8 SYSTEMPATH\Commands\Server\rewrite.php(47): require_once('F:\\application-ci\\simaung\\public\\index.php')
CRITICAL - 2024-04-06 23:10:22 --> [Caused by] CodeIgniter\Database\Exceptions\DatabaseException: Incorrect DATE value: '2024-04-31'
in SYSTEMPATH\Database\MySQLi\Connection.php on line 311.
 1 SYSTEMPATH\Database\BaseConnection.php(693): CodeIgniter\Database\MySQLi\Connection->execute('SELECT `id`, `tb_logaktivitas`.`log_aktivitas`, `jumlah`, `tanggal`, `catatan`, `tb_logaktivitas`.`status`, `tb_logaktivitas`.`id_dompet`, `nama_dompet`, `saldo`, `saldo_awal`, `ke_iddompet`, `tb_logaktivitas`.`id_user`
FROM `tb_logaktivitas`
JOIN `tb_dompet` ON `tb_dompet`.`id_dompet`=`tb_logaktivitas`.`id_dompet`
WHERE `tb_logaktivitas`.`id_user` = \'2\'
AND `tanggal` >= \'2024-04-01\'
AND `tanggal` <= \'2024-04-31\'
ORDER BY `tanggal` DESC, `id` DESC')
 2 SYSTEMPATH\Database\BaseConnection.php(607): CodeIgniter\Database\BaseConnection->simpleQuery('SELECT `id`, `tb_logaktivitas`.`log_aktivitas`, `jumlah`, `tanggal`, `catatan`, `tb_logaktivitas`.`status`, `tb_logaktivitas`.`id_dompet`, `nama_dompet`, `saldo`, `saldo_awal`, `ke_iddompet`, `tb_logaktivitas`.`id_user`
FROM `tb_logaktivitas`
JOIN `tb_dompet` ON `tb_dompet`.`id_dompet`=`tb_logaktivitas`.`id_dompet`
WHERE `tb_logaktivitas`.`id_user` = \'2\'
AND `tanggal` >= \'2024-04-01\'
AND `tanggal` <= \'2024-04-31\'
ORDER BY `tanggal` DESC, `id` DESC')
 3 SYSTEMPATH\Database\BaseBuilder.php(1616): CodeIgniter\Database\BaseConnection->query('SELECT `id`, `tb_logaktivitas`.`log_aktivitas`, `jumlah`, `tanggal`, `catatan`, `tb_logaktivitas`.`status`, `tb_logaktivitas`.`id_dompet`, `nama_dompet`, `saldo`, `saldo_awal`, `ke_iddompet`, `tb_logaktivitas`.`id_user`
FROM `tb_logaktivitas`
JOIN `tb_dompet` ON `tb_dompet`.`id_dompet`=`tb_logaktivitas`.`id_dompet`
WHERE `tb_logaktivitas`.`id_user` = :tb_logaktivitas.id_user:
AND `tanggal` >= :tanggal:
AND `tanggal` <= :tanggal.1:
ORDER BY `tanggal` DESC, `id` DESC', [...], false)
 4 APPPATH\Models\LogaktivitasModel.php(191): CodeIgniter\Database\BaseBuilder->get()
 5 APPPATH\Controllers\Coba.php(23): App\Models\LogaktivitasModel->filterData()
 6 SYSTEMPATH\CodeIgniter.php(941): App\Controllers\Coba->index()
 7 SYSTEMPATH\CodeIgniter.php(502): CodeIgniter\CodeIgniter->runController(Object(App\Controllers\Coba))
 8 SYSTEMPATH\CodeIgniter.php(361): CodeIgniter\CodeIgniter->handleRequest(null, Object(Config\Cache), false)
 9 FCPATH\index.php(79): CodeIgniter\CodeIgniter->run()
10 SYSTEMPATH\Commands\Server\rewrite.php(47): require_once('F:\\application-ci\\simaung\\public\\index.php')
CRITICAL - 2024-04-06 23:10:22 --> [Caused by] mysqli_sql_exception: Incorrect DATE value: '2024-04-31'
in SYSTEMPATH\Database\MySQLi\Connection.php on line 306.
 1 SYSTEMPATH\Database\MySQLi\Connection.php(306): mysqli->query('SELECT `id`, `tb_logaktivitas`.`log_aktivitas`, `jumlah`, `tanggal`, `catatan`, `tb_logaktivitas`.`status`, `tb_logaktivitas`.`id_dompet`, `nama_dompet`, `saldo`, `saldo_awal`, `ke_iddompet`, `tb_logaktivitas`.`id_user`
FROM `tb_logaktivitas`
JOIN `tb_dompet` ON `tb_dompet`.`id_dompet`=`tb_logaktivitas`.`id_dompet`
WHERE `tb_logaktivitas`.`id_user` = \'2\'
AND `tanggal` >= \'2024-04-01\'
AND `tanggal` <= \'2024-04-31\'
ORDER BY `tanggal` DESC, `id` DESC', 0)
 2 SYSTEMPATH\Database\BaseConnection.php(693): CodeIgniter\Database\MySQLi\Connection->execute('SELECT `id`, `tb_logaktivitas`.`log_aktivitas`, `jumlah`, `tanggal`, `catatan`, `tb_logaktivitas`.`status`, `tb_logaktivitas`.`id_dompet`, `nama_dompet`, `saldo`, `saldo_awal`, `ke_iddompet`, `tb_logaktivitas`.`id_user`
FROM `tb_logaktivitas`
JOIN `tb_dompet` ON `tb_dompet`.`id_dompet`=`tb_logaktivitas`.`id_dompet`
WHERE `tb_logaktivitas`.`id_user` = \'2\'
AND `tanggal` >= \'2024-04-01\'
AND `tanggal` <= \'2024-04-31\'
ORDER BY `tanggal` DESC, `id` DESC')
 3 SYSTEMPATH\Database\BaseConnection.php(607): CodeIgniter\Database\BaseConnection->simpleQuery('SELECT `id`, `tb_logaktivitas`.`log_aktivitas`, `jumlah`, `tanggal`, `catatan`, `tb_logaktivitas`.`status`, `tb_logaktivitas`.`id_dompet`, `nama_dompet`, `saldo`, `saldo_awal`, `ke_iddompet`, `tb_logaktivitas`.`id_user`
FROM `tb_logaktivitas`
JOIN `tb_dompet` ON `tb_dompet`.`id_dompet`=`tb_logaktivitas`.`id_dompet`
WHERE `tb_logaktivitas`.`id_user` = \'2\'
AND `tanggal` >= \'2024-04-01\'
AND `tanggal` <= \'2024-04-31\'
ORDER BY `tanggal` DESC, `id` DESC')
 4 SYSTEMPATH\Database\BaseBuilder.php(1616): CodeIgniter\Database\BaseConnection->query('SELECT `id`, `tb_logaktivitas`.`log_aktivitas`, `jumlah`, `tanggal`, `catatan`, `tb_logaktivitas`.`status`, `tb_logaktivitas`.`id_dompet`, `nama_dompet`, `saldo`, `saldo_awal`, `ke_iddompet`, `tb_logaktivitas`.`id_user`
FROM `tb_logaktivitas`
JOIN `tb_dompet` ON `tb_dompet`.`id_dompet`=`tb_logaktivitas`.`id_dompet`
WHERE `tb_logaktivitas`.`id_user` = :tb_logaktivitas.id_user:
AND `tanggal` >= :tanggal:
AND `tanggal` <= :tanggal.1:
ORDER BY `tanggal` DESC, `id` DESC', [...], false)
 5 APPPATH\Models\LogaktivitasModel.php(191): CodeIgniter\Database\BaseBuilder->get()
 6 APPPATH\Controllers\Coba.php(23): App\Models\LogaktivitasModel->filterData()
 7 SYSTEMPATH\CodeIgniter.php(941): App\Controllers\Coba->index()
 8 SYSTEMPATH\CodeIgniter.php(502): CodeIgniter\CodeIgniter->runController(Object(App\Controllers\Coba))
 9 SYSTEMPATH\CodeIgniter.php(361): CodeIgniter\CodeIgniter->handleRequest(null, Object(Config\Cache), false)
10 FCPATH\index.php(79): CodeIgniter\CodeIgniter->run()
11 SYSTEMPATH\Commands\Server\rewrite.php(47): require_once('F:\\application-ci\\simaung\\public\\index.php')
INFO - 2024-04-06 23:11:16 --> Session: Class initialized using 'CodeIgniter\Session\Handlers\FileHandler' driver.
INFO - 2024-04-06 23:11:26 --> Session: Class initialized using 'CodeIgniter\Session\Handlers\FileHandler' driver.
INFO - 2024-04-06 23:29:39 --> Session: Class initialized using 'CodeIgniter\Session\Handlers\FileHandler' driver.
INFO - 2024-04-06 23:29:48 --> Session: Class initialized using 'CodeIgniter\Session\Handlers\FileHandler' driver.
INFO - 2024-04-06 23:29:48 --> Session: Class initialized using 'CodeIgniter\Session\Handlers\FileHandler' driver.
INFO - 2024-04-06 23:29:49 --> Session: Class initialized using 'CodeIgniter\Session\Handlers\FileHandler' driver.
INFO - 2024-04-06 23:29:49 --> Session: Class initialized using 'CodeIgniter\Session\Handlers\FileHandler' driver.
INFO - 2024-04-06 23:30:06 --> CSRF token verified.
INFO - 2024-04-06 23:30:06 --> Session: Class initialized using 'CodeIgniter\Session\Handlers\FileHandler' driver.
INFO - 2024-04-06 23:30:06 --> Session: Class initialized using 'CodeIgniter\Session\Handlers\FileHandler' driver.
INFO - 2024-04-06 23:30:21 --> CSRF token verified.
INFO - 2024-04-06 23:30:21 --> Session: Class initialized using 'CodeIgniter\Session\Handlers\FileHandler' driver.
INFO - 2024-04-06 23:30:21 --> Session: Class initialized using 'CodeIgniter\Session\Handlers\FileHandler' driver.
INFO - 2024-04-06 23:30:23 --> Session: Class initialized using 'CodeIgniter\Session\Handlers\FileHandler' driver.
INFO - 2024-04-06 23:30:24 --> Session: Class initialized using 'CodeIgniter\Session\Handlers\FileHandler' driver.
INFO - 2024-04-06 23:30:28 --> Session: Class initialized using 'CodeIgniter\Session\Handlers\FileHandler' driver.
INFO - 2024-04-06 23:30:49 --> Session: Class initialized using 'CodeIgniter\Session\Handlers\FileHandler' driver.
INFO - 2024-04-06 23:31:28 --> CSRF token verified.
INFO - 2024-04-06 23:31:28 --> Session: Class initialized using 'CodeIgniter\Session\Handlers\FileHandler' driver.
INFO - 2024-04-06 23:31:29 --> Session: Class initialized using 'CodeIgniter\Session\Handlers\FileHandler' driver.
INFO - 2024-04-06 23:31:40 --> Session: Class initialized using 'CodeIgniter\Session\Handlers\FileHandler' driver.
INFO - 2024-04-06 23:31:40 --> Session: Class initialized using 'CodeIgniter\Session\Handlers\FileHandler' driver.
INFO - 2024-04-06 23:31:57 --> Session: Class initialized using 'CodeIgniter\Session\Handlers\FileHandler' driver.
INFO - 2024-04-06 23:31:58 --> Session: Class initialized using 'CodeIgniter\Session\Handlers\FileHandler' driver.
INFO - 2024-04-06 23:33:17 --> Session: Class initialized using 'CodeIgniter\Session\Handlers\FileHandler' driver.
INFO - 2024-04-06 23:33:18 --> Session: Class initialized using 'CodeIgniter\Session\Handlers\FileHandler' driver.
