INFO - 2024-02-06 15:36:38 --> Session: Class initialized using 'CodeIgniter\Session\Handlers\FileHandler' driver.
CRITICAL - 2024-02-06 20:51:47 --> syntax error, unexpected variable "$array"
in APPPATH\Views\piutang\index.php on line 11.
 1 SYSTEMPATH\View\View.php(229): CodeIgniter\View\View->CodeIgniter\View\{closure}()
 2 SYSTEMPATH\Common.php(1188): CodeIgniter\View\View->render('piutang/index', [], true)
 3 APPPATH\Controllers\Piutang.php(32): view('piutang/index', [...])
 4 SYSTEMPATH\CodeIgniter.php(919): App\Controllers\Piutang->index()
 5 SYSTEMPATH\CodeIgniter.php(494): CodeIgniter\CodeIgniter->runController(Object(App\Controllers\Piutang))
 6 SYSTEMPATH\CodeIgniter.php(353): CodeIgniter\CodeIgniter->handleRequest(null, Object(Config\Cache), false)
 7 FCPATH\index.php(79): CodeIgniter\CodeIgniter->run()
 8 SYSTEMPATH\Commands\Server\rewrite.php(47): require_once('F:\\application-ci\\simaung\\public\\index.php')
CRITICAL - 2024-02-06 20:57:38 --> array_unique(): Argument #1 ($array) must be of type array, string given
in APPPATH\Views\piutang\index.php on line 11.
 1 APPPATH\Views\piutang\index.php(11): array_unique('1')
 2 SYSTEMPATH\View\View.php(226): include('F:\\application-ci\\simaung\\app\\Views\\piutang\\index.php')
 3 SYSTEMPATH\View\View.php(229): CodeIgniter\View\View->CodeIgniter\View\{closure}()
 4 SYSTEMPATH\Common.php(1188): CodeIgniter\View\View->render('piutang/index', [], true)
 5 APPPATH\Controllers\Piutang.php(32): view('piutang/index', [...])
 6 SYSTEMPATH\CodeIgniter.php(919): App\Controllers\Piutang->index()
 7 SYSTEMPATH\CodeIgniter.php(494): CodeIgniter\CodeIgniter->runController(Object(App\Controllers\Piutang))
 8 SYSTEMPATH\CodeIgniter.php(353): CodeIgniter\CodeIgniter->handleRequest(null, Object(Config\Cache), false)
 9 FCPATH\index.php(79): CodeIgniter\CodeIgniter->run()
10 SYSTEMPATH\Commands\Server\rewrite.php(47): require_once('F:\\application-ci\\simaung\\public\\index.php')
CRITICAL - 2024-02-06 20:58:17 --> array_unique(): Argument #1 ($array) must be of type array, string given
in APPPATH\Views\piutang\index.php on line 11.
 1 APPPATH\Views\piutang\index.php(11): array_unique('1')
 2 SYSTEMPATH\View\View.php(226): include('F:\\application-ci\\simaung\\app\\Views\\piutang\\index.php')
 3 SYSTEMPATH\View\View.php(229): CodeIgniter\View\View->CodeIgniter\View\{closure}()
 4 SYSTEMPATH\Common.php(1188): CodeIgniter\View\View->render('piutang/index', [], true)
 5 APPPATH\Controllers\Piutang.php(32): view('piutang/index', [...])
 6 SYSTEMPATH\CodeIgniter.php(919): App\Controllers\Piutang->index()
 7 SYSTEMPATH\CodeIgniter.php(494): CodeIgniter\CodeIgniter->runController(Object(App\Controllers\Piutang))
 8 SYSTEMPATH\CodeIgniter.php(353): CodeIgniter\CodeIgniter->handleRequest(null, Object(Config\Cache), false)
 9 FCPATH\index.php(79): CodeIgniter\CodeIgniter->run()
10 SYSTEMPATH\Commands\Server\rewrite.php(47): require_once('F:\\application-ci\\simaung\\public\\index.php')
CRITICAL - 2024-02-06 20:58:49 --> array_unique(): Argument #1 ($array) must be of type array, string given
in APPPATH\Views\piutang\index.php on line 11.
 1 APPPATH\Views\piutang\index.php(11): array_unique('1')
 2 SYSTEMPATH\View\View.php(226): include('F:\\application-ci\\simaung\\app\\Views\\piutang\\index.php')
 3 SYSTEMPATH\View\View.php(229): CodeIgniter\View\View->CodeIgniter\View\{closure}()
 4 SYSTEMPATH\Common.php(1188): CodeIgniter\View\View->render('piutang/index', [], true)
 5 APPPATH\Controllers\Piutang.php(32): view('piutang/index', [...])
 6 SYSTEMPATH\CodeIgniter.php(919): App\Controllers\Piutang->index()
 7 SYSTEMPATH\CodeIgniter.php(494): CodeIgniter\CodeIgniter->runController(Object(App\Controllers\Piutang))
 8 SYSTEMPATH\CodeIgniter.php(353): CodeIgniter\CodeIgniter->handleRequest(null, Object(Config\Cache), false)
 9 FCPATH\index.php(79): CodeIgniter\CodeIgniter->run()
10 SYSTEMPATH\Commands\Server\rewrite.php(47): require_once('F:\\application-ci\\simaung\\public\\index.php')
CRITICAL - 2024-02-06 20:59:02 --> Array to string conversion
in APPPATH\Views\piutang\index.php on line 19.
 1 [internal function]: CodeIgniter\Debug\Exceptions->errorHandler(2, 'Array to string conversion', 'F:\\application-ci\\simaung\\app\\Views\\piutang\\index.php', 19)
 2 APPPATH\Views\piutang\index.php(19): array_unique([...])
 3 SYSTEMPATH\View\View.php(226): include('F:\\application-ci\\simaung\\app\\Views\\piutang\\index.php')
 4 SYSTEMPATH\View\View.php(229): CodeIgniter\View\View->CodeIgniter\View\{closure}()
 5 SYSTEMPATH\Common.php(1188): CodeIgniter\View\View->render('piutang/index', [], true)
 6 APPPATH\Controllers\Piutang.php(32): view('piutang/index', [...])
 7 SYSTEMPATH\CodeIgniter.php(919): App\Controllers\Piutang->index()
 8 SYSTEMPATH\CodeIgniter.php(494): CodeIgniter\CodeIgniter->runController(Object(App\Controllers\Piutang))
 9 SYSTEMPATH\CodeIgniter.php(353): CodeIgniter\CodeIgniter->handleRequest(null, Object(Config\Cache), false)
10 FCPATH\index.php(79): CodeIgniter\CodeIgniter->run()
11 SYSTEMPATH\Commands\Server\rewrite.php(47): require_once('F:\\application-ci\\simaung\\public\\index.php')
CRITICAL - 2024-02-06 21:04:41 --> Array to string conversion
in APPPATH\Views\piutang\index.php on line 60.
 1 APPPATH\Views\piutang\index.php(60): CodeIgniter\Debug\Exceptions->errorHandler(2, 'Array to string conversion', 'F:\\application-ci\\simaung\\app\\Views\\piutang\\index.php', 60)
 2 SYSTEMPATH\View\View.php(226): include('F:\\application-ci\\simaung\\app\\Views\\piutang\\index.php')
 3 SYSTEMPATH\View\View.php(229): CodeIgniter\View\View->CodeIgniter\View\{closure}()
 4 SYSTEMPATH\Common.php(1188): CodeIgniter\View\View->render('piutang/index', [], true)
 5 APPPATH\Controllers\Piutang.php(32): view('piutang/index', [...])
 6 SYSTEMPATH\CodeIgniter.php(919): App\Controllers\Piutang->index()
 7 SYSTEMPATH\CodeIgniter.php(494): CodeIgniter\CodeIgniter->runController(Object(App\Controllers\Piutang))
 8 SYSTEMPATH\CodeIgniter.php(353): CodeIgniter\CodeIgniter->handleRequest(null, Object(Config\Cache), false)
 9 FCPATH\index.php(79): CodeIgniter\CodeIgniter->run()
10 SYSTEMPATH\Commands\Server\rewrite.php(47): require_once('F:\\application-ci\\simaung\\public\\index.php')
CRITICAL - 2024-02-06 21:05:20 --> Array to string conversion
in APPPATH\Views\piutang\index.php on line 61.
 1 APPPATH\Views\piutang\index.php(61): CodeIgniter\Debug\Exceptions->errorHandler(2, 'Array to string conversion', 'F:\\application-ci\\simaung\\app\\Views\\piutang\\index.php', 61)
 2 SYSTEMPATH\View\View.php(226): include('F:\\application-ci\\simaung\\app\\Views\\piutang\\index.php')
 3 SYSTEMPATH\View\View.php(229): CodeIgniter\View\View->CodeIgniter\View\{closure}()
 4 SYSTEMPATH\Common.php(1188): CodeIgniter\View\View->render('piutang/index', [], true)
 5 APPPATH\Controllers\Piutang.php(32): view('piutang/index', [...])
 6 SYSTEMPATH\CodeIgniter.php(919): App\Controllers\Piutang->index()
 7 SYSTEMPATH\CodeIgniter.php(494): CodeIgniter\CodeIgniter->runController(Object(App\Controllers\Piutang))
 8 SYSTEMPATH\CodeIgniter.php(353): CodeIgniter\CodeIgniter->handleRequest(null, Object(Config\Cache), false)
 9 FCPATH\index.php(79): CodeIgniter\CodeIgniter->run()
10 SYSTEMPATH\Commands\Server\rewrite.php(47): require_once('F:\\application-ci\\simaung\\public\\index.php')
CRITICAL - 2024-02-06 21:17:52 --> Undefined variable $ditingkatkan
in APPPATH\Views\piutang\index.php on line 22.
 1 APPPATH\Views\piutang\index.php(22): CodeIgniter\Debug\Exceptions->errorHandler(2, 'Undefined variable $ditingkatkan', 'F:\\application-ci\\simaung\\app\\Views\\piutang\\index.php', 22)
 2 SYSTEMPATH\View\View.php(226): include('F:\\application-ci\\simaung\\app\\Views\\piutang\\index.php')
 3 SYSTEMPATH\View\View.php(229): CodeIgniter\View\View->CodeIgniter\View\{closure}()
 4 SYSTEMPATH\Common.php(1188): CodeIgniter\View\View->render('piutang/index', [], true)
 5 APPPATH\Controllers\Piutang.php(32): view('piutang/index', [...])
 6 SYSTEMPATH\CodeIgniter.php(919): App\Controllers\Piutang->index()
 7 SYSTEMPATH\CodeIgniter.php(494): CodeIgniter\CodeIgniter->runController(Object(App\Controllers\Piutang))
 8 SYSTEMPATH\CodeIgniter.php(353): CodeIgniter\CodeIgniter->handleRequest(null, Object(Config\Cache), false)
 9 FCPATH\index.php(79): CodeIgniter\CodeIgniter->run()
10 SYSTEMPATH\Commands\Server\rewrite.php(47): require_once('F:\\application-ci\\simaung\\public\\index.php')
