CRITICAL - 2024-01-23 08:02:52 --> Undefined variable $hari
in APPPATH\Views\filterdata\log.php on line 48.
 1 APPPATH\Views\filterdata\log.php(48): CodeIgniter\Debug\Exceptions->errorHandler(2, 'Undefined variable $hari', 'F:\\application-ci\\simaung\\app\\Views\\filterdata\\log.php', 48)
 2 SYSTEMPATH\View\View.php(226): include('F:\\application-ci\\simaung\\app\\Views\\filterdata\\log.php')
 3 SYSTEMPATH\View\View.php(229): CodeIgniter\View\View->CodeIgniter\View\{closure}()
 4 SYSTEMPATH\Common.php(1188): CodeIgniter\View\View->render('filterdata/log', [], true)
 5 APPPATH\Controllers\Coba.php(34): view('filterdata/log', [...])
 6 SYSTEMPATH\CodeIgniter.php(919): App\Controllers\Coba->filterLog('2023-12-27', '2024-01-27')
 7 SYSTEMPATH\CodeIgniter.php(494): CodeIgniter\CodeIgniter->runController(Object(App\Controllers\Coba))
 8 SYSTEMPATH\CodeIgniter.php(353): CodeIgniter\CodeIgniter->handleRequest(null, Object(Config\Cache), false)
 9 FCPATH\index.php(79): CodeIgniter\CodeIgniter->run()
10 SYSTEMPATH\Commands\Server\rewrite.php(47): require_once('F:\\application-ci\\simaung\\public\\index.php')
CRITICAL - 2024-01-23 08:03:28 --> Undefined variable $datadompet
in APPPATH\Views\filterdata\log.php on line 36.
 1 APPPATH\Views\filterdata\log.php(36): CodeIgniter\Debug\Exceptions->errorHandler(2, 'Undefined variable $datadompet', 'F:\\application-ci\\simaung\\app\\Views\\filterdata\\log.php', 36)
 2 SYSTEMPATH\View\View.php(226): include('F:\\application-ci\\simaung\\app\\Views\\filterdata\\log.php')
 3 SYSTEMPATH\View\View.php(229): CodeIgniter\View\View->CodeIgniter\View\{closure}()
 4 SYSTEMPATH\Common.php(1188): CodeIgniter\View\View->render('filterdata/log', [], true)
 5 APPPATH\Controllers\Coba.php(34): view('filterdata/log', [...])
 6 SYSTEMPATH\CodeIgniter.php(919): App\Controllers\Coba->filterLog('2023-12-27', '2024-01-27')
 7 SYSTEMPATH\CodeIgniter.php(494): CodeIgniter\CodeIgniter->runController(Object(App\Controllers\Coba))
 8 SYSTEMPATH\CodeIgniter.php(353): CodeIgniter\CodeIgniter->handleRequest(null, Object(Config\Cache), false)
 9 FCPATH\index.php(79): CodeIgniter\CodeIgniter->run()
10 SYSTEMPATH\Commands\Server\rewrite.php(47): require_once('F:\\application-ci\\simaung\\public\\index.php')
CRITICAL - 2024-01-23 08:09:12 --> Cannot use [] for reading
in APPPATH\Views\filterdata\log.php on line 13.
 1 [internal function]: CodeIgniter\Debug\Exceptions->shutdownHandler()
CRITICAL - 2024-01-23 08:10:24 --> Cannot use [] for reading
in APPPATH\Views\filterdata\log.php on line 13.
 1 [internal function]: CodeIgniter\Debug\Exceptions->shutdownHandler()
CRITICAL - 2024-01-23 10:44:33 --> Undefined constant "jumlah"
in APPPATH\Views\filterdata\log.php on line 16.
 1 SYSTEMPATH\View\View.php(226): include()
 2 SYSTEMPATH\View\View.php(229): CodeIgniter\View\View->CodeIgniter\View\{closure}()
 3 SYSTEMPATH\Common.php(1188): CodeIgniter\View\View->render('filterdata/log', [], true)
 4 APPPATH\Controllers\Coba.php(35): view('filterdata/log', [...])
 5 SYSTEMPATH\CodeIgniter.php(919): App\Controllers\Coba->filterLog('2023-12-27', '2024-01-27')
 6 SYSTEMPATH\CodeIgniter.php(494): CodeIgniter\CodeIgniter->runController(Object(App\Controllers\Coba))
 7 SYSTEMPATH\CodeIgniter.php(353): CodeIgniter\CodeIgniter->handleRequest(null, Object(Config\Cache), false)
 8 FCPATH\index.php(79): CodeIgniter\CodeIgniter->run()
 9 SYSTEMPATH\Commands\Server\rewrite.php(47): require_once('F:\\application-ci\\simaung\\public\\index.php')
CRITICAL - 2024-01-23 10:57:01 --> count(): Argument #1 ($value) must be of type Countable|array, int given
in APPPATH\Views\filterdata\log.php on line 36.
 1 SYSTEMPATH\View\View.php(226): include()
 2 SYSTEMPATH\View\View.php(229): CodeIgniter\View\View->CodeIgniter\View\{closure}()
 3 SYSTEMPATH\Common.php(1188): CodeIgniter\View\View->render('filterdata/log', [], true)
 4 APPPATH\Controllers\Coba.php(35): view('filterdata/log', [...])
 5 SYSTEMPATH\CodeIgniter.php(919): App\Controllers\Coba->filterLog('2023-12-27', '2024-01-27')
 6 SYSTEMPATH\CodeIgniter.php(494): CodeIgniter\CodeIgniter->runController(Object(App\Controllers\Coba))
 7 SYSTEMPATH\CodeIgniter.php(353): CodeIgniter\CodeIgniter->handleRequest(null, Object(Config\Cache), false)
 8 FCPATH\index.php(79): CodeIgniter\CodeIgniter->run()
 9 SYSTEMPATH\Commands\Server\rewrite.php(47): require_once('F:\\application-ci\\simaung\\public\\index.php')
CRITICAL - 2024-01-23 10:57:08 --> count(): Argument #1 ($value) must be of type Countable|array, int given
in APPPATH\Views\filterdata\log.php on line 36.
 1 SYSTEMPATH\View\View.php(226): include()
 2 SYSTEMPATH\View\View.php(229): CodeIgniter\View\View->CodeIgniter\View\{closure}()
 3 SYSTEMPATH\Common.php(1188): CodeIgniter\View\View->render('filterdata/log', [], true)
 4 APPPATH\Controllers\Coba.php(35): view('filterdata/log', [...])
 5 SYSTEMPATH\CodeIgniter.php(919): App\Controllers\Coba->filterLog('2023-12-27', '2024-01-27')
 6 SYSTEMPATH\CodeIgniter.php(494): CodeIgniter\CodeIgniter->runController(Object(App\Controllers\Coba))
 7 SYSTEMPATH\CodeIgniter.php(353): CodeIgniter\CodeIgniter->handleRequest(null, Object(Config\Cache), false)
 8 FCPATH\index.php(79): CodeIgniter\CodeIgniter->run()
 9 SYSTEMPATH\Commands\Server\rewrite.php(47): require_once('F:\\application-ci\\simaung\\public\\index.php')
CRITICAL - 2024-01-23 11:03:49 --> Array to string conversion
in APPPATH\Views\filterdata\log.php on line 38.
 1 APPPATH\Views\filterdata\log.php(38): CodeIgniter\Debug\Exceptions->errorHandler(2, 'Array to string conversion', 'F:\\application-ci\\simaung\\app\\Views\\filterdata\\log.php', 38)
 2 SYSTEMPATH\View\View.php(226): include('F:\\application-ci\\simaung\\app\\Views\\filterdata\\log.php')
 3 SYSTEMPATH\View\View.php(229): CodeIgniter\View\View->CodeIgniter\View\{closure}()
 4 SYSTEMPATH\Common.php(1188): CodeIgniter\View\View->render('filterdata/log', [], true)
 5 APPPATH\Controllers\Coba.php(35): view('filterdata/log', [...])
 6 SYSTEMPATH\CodeIgniter.php(919): App\Controllers\Coba->filterLog('2023-12-27', '2024-01-27')
 7 SYSTEMPATH\CodeIgniter.php(494): CodeIgniter\CodeIgniter->runController(Object(App\Controllers\Coba))
 8 SYSTEMPATH\CodeIgniter.php(353): CodeIgniter\CodeIgniter->handleRequest(null, Object(Config\Cache), false)
 9 FCPATH\index.php(79): CodeIgniter\CodeIgniter->run()
10 SYSTEMPATH\Commands\Server\rewrite.php(47): require_once('F:\\application-ci\\simaung\\public\\index.php')
CRITICAL - 2024-01-23 16:31:03 --> The namespace delimiter is a backslash (\), not a slash (/). Route handler: "\App\Controllers\Coba/detaillog/$1"
in SYSTEMPATH\Router\Router.php on line 477.
 1 SYSTEMPATH\Router\Router.php(477): CodeIgniter\Router\Exceptions\RouterException::forInvalidControllerName('\\App\\Controllers\\Coba/detaillog/$1')
 2 SYSTEMPATH\Router\Router.php(184): CodeIgniter\Router\Router->checkRoutes('coba/detaillog/2024-01-20')
 3 SYSTEMPATH\CodeIgniter.php(800): CodeIgniter\Router\Router->handle('coba/detaillog/2024-01-20')
 4 SYSTEMPATH\CodeIgniter.php(442): CodeIgniter\CodeIgniter->tryToRouteIt(Object(CodeIgniter\Router\RouteCollection))
 5 SYSTEMPATH\CodeIgniter.php(353): CodeIgniter\CodeIgniter->handleRequest(null, Object(Config\Cache), false)
 6 FCPATH\index.php(79): CodeIgniter\CodeIgniter->run()
 7 SYSTEMPATH\Commands\Server\rewrite.php(47): require_once('F:\\application-ci\\simaung\\public\\index.php')
CRITICAL - 2024-01-23 20:35:04 --> Undefined variable $jmltrxblnini
in APPPATH\Views\coba\detailtrxcoba.php on line 24.
 1 APPPATH\Views\coba\detailtrxcoba.php(24): CodeIgniter\Debug\Exceptions->errorHandler(2, 'Undefined variable $jmltrxblnini', 'F:\\application-ci\\simaung\\app\\Views\\coba\\detailtrxcoba.php', 24)
 2 SYSTEMPATH\View\View.php(226): include('F:\\application-ci\\simaung\\app\\Views\\coba\\detailtrxcoba.php')
 3 SYSTEMPATH\View\View.php(229): CodeIgniter\View\View->CodeIgniter\View\{closure}()
 4 SYSTEMPATH\Common.php(1188): CodeIgniter\View\View->render('coba/detailtrxcoba', [], true)
 5 APPPATH\Controllers\Coba.php(45): view('coba/detailtrxcoba', [...])
 6 SYSTEMPATH\CodeIgniter.php(919): App\Controllers\Coba->detaillog('2024-01-20')
 7 SYSTEMPATH\CodeIgniter.php(494): CodeIgniter\CodeIgniter->runController(Object(App\Controllers\Coba))
 8 SYSTEMPATH\CodeIgniter.php(353): CodeIgniter\CodeIgniter->handleRequest(null, Object(Config\Cache), false)
 9 FCPATH\index.php(79): CodeIgniter\CodeIgniter->run()
10 SYSTEMPATH\Commands\Server\rewrite.php(47): require_once('F:\\application-ci\\simaung\\public\\index.php')
CRITICAL - 2024-01-23 20:44:01 --> Undefined variable $hari
in APPPATH\Views\coba\detailtrxcoba.php on line 76.
 1 APPPATH\Views\coba\detailtrxcoba.php(76): CodeIgniter\Debug\Exceptions->errorHandler(2, 'Undefined variable $hari', 'F:\\application-ci\\simaung\\app\\Views\\coba\\detailtrxcoba.php', 76)
 2 SYSTEMPATH\View\View.php(226): include('F:\\application-ci\\simaung\\app\\Views\\coba\\detailtrxcoba.php')
 3 SYSTEMPATH\View\View.php(229): CodeIgniter\View\View->CodeIgniter\View\{closure}()
 4 SYSTEMPATH\Common.php(1188): CodeIgniter\View\View->render('coba/detailtrxcoba', [], true)
 5 APPPATH\Controllers\Coba.php(45): view('coba/detailtrxcoba', [...])
 6 SYSTEMPATH\CodeIgniter.php(919): App\Controllers\Coba->detaillog('2024-01-20')
 7 SYSTEMPATH\CodeIgniter.php(494): CodeIgniter\CodeIgniter->runController(Object(App\Controllers\Coba))
 8 SYSTEMPATH\CodeIgniter.php(353): CodeIgniter\CodeIgniter->handleRequest(null, Object(Config\Cache), false)
 9 FCPATH\index.php(79): CodeIgniter\CodeIgniter->run()
10 SYSTEMPATH\Commands\Server\rewrite.php(47): require_once('F:\\application-ci\\simaung\\public\\index.php')
CRITICAL - 2024-01-23 21:03:21 --> Undefined variable $tanggal
in APPPATH\Views\coba\detailtrxcoba.php on line 17.
 1 APPPATH\Views\coba\detailtrxcoba.php(17): CodeIgniter\Debug\Exceptions->errorHandler(2, 'Undefined variable $tanggal', 'F:\\application-ci\\simaung\\app\\Views\\coba\\detailtrxcoba.php', 17)
 2 [internal function]: CodeIgniter\View\View->{closure}([...])
 3 APPPATH\Views\coba\detailtrxcoba.php(18): array_filter([...], Object(Closure))
 4 SYSTEMPATH\View\View.php(226): include('F:\\application-ci\\simaung\\app\\Views\\coba\\detailtrxcoba.php')
 5 SYSTEMPATH\View\View.php(229): CodeIgniter\View\View->CodeIgniter\View\{closure}()
 6 SYSTEMPATH\Common.php(1188): CodeIgniter\View\View->render('coba/detailtrxcoba', [], true)
 7 APPPATH\Controllers\Coba.php(46): view('coba/detailtrxcoba', [...])
 8 SYSTEMPATH\CodeIgniter.php(919): App\Controllers\Coba->detaillog('2024-01-17')
 9 SYSTEMPATH\CodeIgniter.php(494): CodeIgniter\CodeIgniter->runController(Object(App\Controllers\Coba))
10 SYSTEMPATH\CodeIgniter.php(353): CodeIgniter\CodeIgniter->handleRequest(null, Object(Config\Cache), false)
11 FCPATH\index.php(79): CodeIgniter\CodeIgniter->run()
12 SYSTEMPATH\Commands\Server\rewrite.php(47): require_once('F:\\application-ci\\simaung\\public\\index.php')
CRITICAL - 2024-01-23 21:33:43 --> Undefined variable $lognot
in APPPATH\Views\coba\detailtrxcoba.php on line 130.
 1 APPPATH\Views\coba\detailtrxcoba.php(130): CodeIgniter\Debug\Exceptions->errorHandler(2, 'Undefined variable $lognot', 'F:\\application-ci\\simaung\\app\\Views\\coba\\detailtrxcoba.php', 130)
 2 SYSTEMPATH\View\View.php(226): include('F:\\application-ci\\simaung\\app\\Views\\coba\\detailtrxcoba.php')
 3 SYSTEMPATH\View\View.php(229): CodeIgniter\View\View->CodeIgniter\View\{closure}()
 4 SYSTEMPATH\Common.php(1188): CodeIgniter\View\View->render('coba/detailtrxcoba', [], true)
 5 APPPATH\Controllers\Coba.php(46): view('coba/detailtrxcoba', [...])
 6 SYSTEMPATH\CodeIgniter.php(919): App\Controllers\Coba->detaillog('2024-01-17')
 7 SYSTEMPATH\CodeIgniter.php(494): CodeIgniter\CodeIgniter->runController(Object(App\Controllers\Coba))
 8 SYSTEMPATH\CodeIgniter.php(353): CodeIgniter\CodeIgniter->handleRequest(null, Object(Config\Cache), false)
 9 FCPATH\index.php(79): CodeIgniter\CodeIgniter->run()
10 SYSTEMPATH\Commands\Server\rewrite.php(47): require_once('F:\\application-ci\\simaung\\public\\index.php')
