CRITICAL - 2023-11-11 11:19:58 --> Undefined array key "id"
in APPPATH\Views\kebutuhan\index.php on line 145.
 1 APPPATH\Views\kebutuhan\index.php(145): CodeIgniter\Debug\Exceptions->errorHandler(2, 'Undefined array key "id"', 'F:\\application-ci\\simaung\\app\\Views\\kebutuhan\\index.php', 145)
 2 SYSTEMPATH\View\View.php(226): include('F:\\application-ci\\simaung\\app\\Views\\kebutuhan\\index.php')
 3 SYSTEMPATH\View\View.php(229): CodeIgniter\View\View->CodeIgniter\View\{closure}()
 4 SYSTEMPATH\Common.php(1188): CodeIgniter\View\View->render('kebutuhan/index', [], true)
 5 APPPATH\Controllers\Kebutuhan.php(35): view('kebutuhan/index', [...])
 6 SYSTEMPATH\CodeIgniter.php(919): App\Controllers\Kebutuhan->index()
 7 SYSTEMPATH\CodeIgniter.php(494): CodeIgniter\CodeIgniter->runController(Object(App\Controllers\Kebutuhan))
 8 SYSTEMPATH\CodeIgniter.php(353): CodeIgniter\CodeIgniter->handleRequest(null, Object(Config\Cache), false)
 9 FCPATH\index.php(79): CodeIgniter\CodeIgniter->run()
10 SYSTEMPATH\Commands\Server\rewrite.php(47): require_once('F:\\application-ci\\simaung\\public\\index.php')
INFO - 2023-11-11 09:25:27 --> Session: Class initialized using 'CodeIgniter\Session\Handlers\FileHandler' driver.
INFO - 2023-11-11 09:31:03 --> Session: Class initialized using 'CodeIgniter\Session\Handlers\FileHandler' driver.
INFO - 2023-11-11 09:40:28 --> Session: Class initialized using 'CodeIgniter\Session\Handlers\FileHandler' driver.
INFO - 2023-11-11 10:31:36 --> Session: Class initialized using 'CodeIgniter\Session\Handlers\FileHandler' driver.
INFO - 2023-11-11 10:33:04 --> Session: Class initialized using 'CodeIgniter\Session\Handlers\FileHandler' driver.
CRITICAL - 2023-11-11 15:09:08 --> Class "App\Controllers\DompetModel" not found
in APPPATH\Controllers\Target.php on line 15.
 1 SYSTEMPATH\CodeIgniter.php(891): App\Controllers\Target->__construct()
 2 SYSTEMPATH\CodeIgniter.php(485): CodeIgniter\CodeIgniter->createController()
 3 SYSTEMPATH\CodeIgniter.php(353): CodeIgniter\CodeIgniter->handleRequest(null, Object(Config\Cache), false)
 4 FCPATH\index.php(79): CodeIgniter\CodeIgniter->run()
 5 SYSTEMPATH\Commands\Server\rewrite.php(47): require_once('F:\\application-ci\\simaung\\public\\index.php')
ERROR - 2023-11-11 15:09:54 --> mysqli_sql_exception: Unknown column 'tb_target.id_dompet' in 'on clause' in F:\application-ci\simaung\vendor\codeigniter4\framework\system\Database\MySQLi\Connection.php:306
Stack trace:
#0 F:\application-ci\simaung\vendor\codeigniter4\framework\system\Database\MySQLi\Connection.php(306): mysqli->query('SELECT *\nFROM `...', 0)
#1 F:\application-ci\simaung\vendor\codeigniter4\framework\system\Database\BaseConnection.php(692): CodeIgniter\Database\MySQLi\Connection->execute('SELECT *\nFROM `...')
#2 F:\application-ci\simaung\vendor\codeigniter4\framework\system\Database\BaseConnection.php(606): CodeIgniter\Database\BaseConnection->simpleQuery('SELECT *\nFROM `...')
#3 F:\application-ci\simaung\vendor\codeigniter4\framework\system\Database\BaseBuilder.php(1615): CodeIgniter\Database\BaseConnection->query('SELECT *\nFROM `...', Array, false)
#4 F:\application-ci\simaung\app\Models\TargetModel.php(46): CodeIgniter\Database\BaseBuilder->get()
#5 F:\application-ci\simaung\app\Controllers\Target.php(24): App\Models\TargetModel->getAllTarget()
#6 F:\application-ci\simaung\vendor\codeigniter4\framework\system\CodeIgniter.php(919): App\Controllers\Target->index()
#7 F:\application-ci\simaung\vendor\codeigniter4\framework\system\CodeIgniter.php(494): CodeIgniter\CodeIgniter->runController(Object(App\Controllers\Target))
#8 F:\application-ci\simaung\vendor\codeigniter4\framework\system\CodeIgniter.php(353): CodeIgniter\CodeIgniter->handleRequest(NULL, Object(Config\Cache), false)
#9 F:\application-ci\simaung\public\index.php(79): CodeIgniter\CodeIgniter->run()
#10 F:\application-ci\simaung\vendor\codeigniter4\framework\system\Commands\Server\rewrite.php(47): require_once('F:\\application-...')
#11 {main}
CRITICAL - 2023-11-11 15:09:54 --> Unknown column 'tb_target.id_dompet' in 'on clause'
in SYSTEMPATH\Database\BaseConnection.php on line 646.
 1 SYSTEMPATH\Database\BaseBuilder.php(1615): CodeIgniter\Database\BaseConnection->query('SELECT *
FROM `tb_target`
JOIN `tb_dompet` ON `tb_dompet`.`id_dompet`=`tb_target`.`id_dompet`', [], false)
 2 APPPATH\Models\TargetModel.php(46): CodeIgniter\Database\BaseBuilder->get()
 3 APPPATH\Controllers\Target.php(24): App\Models\TargetModel->getAllTarget()
 4 SYSTEMPATH\CodeIgniter.php(919): App\Controllers\Target->index()
 5 SYSTEMPATH\CodeIgniter.php(494): CodeIgniter\CodeIgniter->runController(Object(App\Controllers\Target))
 6 SYSTEMPATH\CodeIgniter.php(353): CodeIgniter\CodeIgniter->handleRequest(null, Object(Config\Cache), false)
 7 FCPATH\index.php(79): CodeIgniter\CodeIgniter->run()
 8 SYSTEMPATH\Commands\Server\rewrite.php(47): require_once('F:\\application-ci\\simaung\\public\\index.php')
CRITICAL - 2023-11-11 23:10:23 --> Undefined variable $datatargetdone
in APPPATH\Views\target\index.php on line 93.
 1 APPPATH\Views\target\index.php(93): CodeIgniter\Debug\Exceptions->errorHandler(2, 'Undefined variable $datatargetdone', 'F:\\application-ci\\simaung\\app\\Views\\target\\index.php', 93)
 2 SYSTEMPATH\View\View.php(226): include('F:\\application-ci\\simaung\\app\\Views\\target\\index.php')
 3 SYSTEMPATH\View\View.php(229): CodeIgniter\View\View->CodeIgniter\View\{closure}()
 4 SYSTEMPATH\Common.php(1188): CodeIgniter\View\View->render('target/index', [], true)
 5 APPPATH\Controllers\Target.php(27): view('target/index', [...])
 6 SYSTEMPATH\CodeIgniter.php(919): App\Controllers\Target->index()
 7 SYSTEMPATH\CodeIgniter.php(494): CodeIgniter\CodeIgniter->runController(Object(App\Controllers\Target))
 8 SYSTEMPATH\CodeIgniter.php(353): CodeIgniter\CodeIgniter->handleRequest(null, Object(Config\Cache), false)
 9 FCPATH\index.php(79): CodeIgniter\CodeIgniter->run()
10 SYSTEMPATH\Commands\Server\rewrite.php(47): require_once('F:\\application-ci\\simaung\\public\\index.php')
CRITICAL - 2023-11-11 23:10:38 --> Undefined array key "kebutuhan"
in APPPATH\Views\target\index.php on line 173.
 1 APPPATH\Views\target\index.php(173): CodeIgniter\Debug\Exceptions->errorHandler(2, 'Undefined array key "kebutuhan"', 'F:\\application-ci\\simaung\\app\\Views\\target\\index.php', 173)
 2 SYSTEMPATH\View\View.php(226): include('F:\\application-ci\\simaung\\app\\Views\\target\\index.php')
 3 SYSTEMPATH\View\View.php(229): CodeIgniter\View\View->CodeIgniter\View\{closure}()
 4 SYSTEMPATH\Common.php(1188): CodeIgniter\View\View->render('target/index', [], true)
 5 APPPATH\Controllers\Target.php(27): view('target/index', [...])
 6 SYSTEMPATH\CodeIgniter.php(919): App\Controllers\Target->index()
 7 SYSTEMPATH\CodeIgniter.php(494): CodeIgniter\CodeIgniter->runController(Object(App\Controllers\Target))
 8 SYSTEMPATH\CodeIgniter.php(353): CodeIgniter\CodeIgniter->handleRequest(null, Object(Config\Cache), false)
 9 FCPATH\index.php(79): CodeIgniter\CodeIgniter->run()
10 SYSTEMPATH\Commands\Server\rewrite.php(47): require_once('F:\\application-ci\\simaung\\public\\index.php')
CRITICAL - 2023-11-11 23:11:16 --> Undefined array key "kebutuhan"
in APPPATH\Views\target\index.php on line 173.
 1 APPPATH\Views\target\index.php(173): CodeIgniter\Debug\Exceptions->errorHandler(2, 'Undefined array key "kebutuhan"', 'F:\\application-ci\\simaung\\app\\Views\\target\\index.php', 173)
 2 SYSTEMPATH\View\View.php(226): include('F:\\application-ci\\simaung\\app\\Views\\target\\index.php')
 3 SYSTEMPATH\View\View.php(229): CodeIgniter\View\View->CodeIgniter\View\{closure}()
 4 SYSTEMPATH\Common.php(1188): CodeIgniter\View\View->render('target/index', [], true)
 5 APPPATH\Controllers\Target.php(27): view('target/index', [...])
 6 SYSTEMPATH\CodeIgniter.php(919): App\Controllers\Target->index()
 7 SYSTEMPATH\CodeIgniter.php(494): CodeIgniter\CodeIgniter->runController(Object(App\Controllers\Target))
 8 SYSTEMPATH\CodeIgniter.php(353): CodeIgniter\CodeIgniter->handleRequest(null, Object(Config\Cache), false)
 9 FCPATH\index.php(79): CodeIgniter\CodeIgniter->run()
10 SYSTEMPATH\Commands\Server\rewrite.php(47): require_once('F:\\application-ci\\simaung\\public\\index.php')
CRITICAL - 2023-11-11 23:11:59 --> Undefined array key "harga"
in APPPATH\Views\target\index.php on line 176.
 1 APPPATH\Views\target\index.php(176): CodeIgniter\Debug\Exceptions->errorHandler(2, 'Undefined array key "harga"', 'F:\\application-ci\\simaung\\app\\Views\\target\\index.php', 176)
 2 SYSTEMPATH\View\View.php(226): include('F:\\application-ci\\simaung\\app\\Views\\target\\index.php')
 3 SYSTEMPATH\View\View.php(229): CodeIgniter\View\View->CodeIgniter\View\{closure}()
 4 SYSTEMPATH\Common.php(1188): CodeIgniter\View\View->render('target/index', [], true)
 5 APPPATH\Controllers\Target.php(27): view('target/index', [...])
 6 SYSTEMPATH\CodeIgniter.php(919): App\Controllers\Target->index()
 7 SYSTEMPATH\CodeIgniter.php(494): CodeIgniter\CodeIgniter->runController(Object(App\Controllers\Target))
 8 SYSTEMPATH\CodeIgniter.php(353): CodeIgniter\CodeIgniter->handleRequest(null, Object(Config\Cache), false)
 9 FCPATH\index.php(79): CodeIgniter\CodeIgniter->run()
10 SYSTEMPATH\Commands\Server\rewrite.php(47): require_once('F:\\application-ci\\simaung\\public\\index.php')
CRITICAL - 2023-11-11 23:12:20 --> Undefined variable $datadompet
in APPPATH\Views\target\index.php on line 194.
 1 APPPATH\Views\target\index.php(194): CodeIgniter\Debug\Exceptions->errorHandler(2, 'Undefined variable $datadompet', 'F:\\application-ci\\simaung\\app\\Views\\target\\index.php', 194)
 2 SYSTEMPATH\View\View.php(226): include('F:\\application-ci\\simaung\\app\\Views\\target\\index.php')
 3 SYSTEMPATH\View\View.php(229): CodeIgniter\View\View->CodeIgniter\View\{closure}()
 4 SYSTEMPATH\Common.php(1188): CodeIgniter\View\View->render('target/index', [], true)
 5 APPPATH\Controllers\Target.php(27): view('target/index', [...])
 6 SYSTEMPATH\CodeIgniter.php(919): App\Controllers\Target->index()
 7 SYSTEMPATH\CodeIgniter.php(494): CodeIgniter\CodeIgniter->runController(Object(App\Controllers\Target))
 8 SYSTEMPATH\CodeIgniter.php(353): CodeIgniter\CodeIgniter->handleRequest(null, Object(Config\Cache), false)
 9 FCPATH\index.php(79): CodeIgniter\CodeIgniter->run()
10 SYSTEMPATH\Commands\Server\rewrite.php(47): require_once('F:\\application-ci\\simaung\\public\\index.php')
CRITICAL - 2023-11-11 23:12:47 --> Undefined variable $logkeluar
in APPPATH\Views\target\index.php on line 198.
 1 APPPATH\Views\target\index.php(198): CodeIgniter\Debug\Exceptions->errorHandler(2, 'Undefined variable $logkeluar', 'F:\\application-ci\\simaung\\app\\Views\\target\\index.php', 198)
 2 SYSTEMPATH\View\View.php(226): include('F:\\application-ci\\simaung\\app\\Views\\target\\index.php')
 3 SYSTEMPATH\View\View.php(229): CodeIgniter\View\View->CodeIgniter\View\{closure}()
 4 SYSTEMPATH\Common.php(1188): CodeIgniter\View\View->render('target/index', [], true)
 5 APPPATH\Controllers\Target.php(28): view('target/index', [...])
 6 SYSTEMPATH\CodeIgniter.php(919): App\Controllers\Target->index()
 7 SYSTEMPATH\CodeIgniter.php(494): CodeIgniter\CodeIgniter->runController(Object(App\Controllers\Target))
 8 SYSTEMPATH\CodeIgniter.php(353): CodeIgniter\CodeIgniter->handleRequest(null, Object(Config\Cache), false)
 9 FCPATH\index.php(79): CodeIgniter\CodeIgniter->run()
10 SYSTEMPATH\Commands\Server\rewrite.php(47): require_once('F:\\application-ci\\simaung\\public\\index.php')
ERROR - 2023-11-11 15:46:24 --> mysqli_sql_exception: Column 'log_aktivitas' cannot be null in F:\application-ci\simaung\vendor\codeigniter4\framework\system\Database\MySQLi\Connection.php:306
Stack trace:
#0 F:\application-ci\simaung\vendor\codeigniter4\framework\system\Database\MySQLi\Connection.php(306): mysqli->query('INSERT INTO `tb...', 0)
#1 F:\application-ci\simaung\vendor\codeigniter4\framework\system\Database\BaseConnection.php(692): CodeIgniter\Database\MySQLi\Connection->execute('INSERT INTO `tb...')
#2 F:\application-ci\simaung\vendor\codeigniter4\framework\system\Database\BaseConnection.php(606): CodeIgniter\Database\BaseConnection->simpleQuery('INSERT INTO `tb...')
#3 F:\application-ci\simaung\vendor\codeigniter4\framework\system\Database\BaseBuilder.php(2308): CodeIgniter\Database\BaseConnection->query('INSERT INTO `tb...', Array, false)
#4 F:\application-ci\simaung\vendor\codeigniter4\framework\system\Model.php(319): CodeIgniter\Database\BaseBuilder->insert()
#5 F:\application-ci\simaung\vendor\codeigniter4\framework\system\BaseModel.php(788): CodeIgniter\Model->doInsert(Array)
#6 F:\application-ci\simaung\vendor\codeigniter4\framework\system\Model.php(715): CodeIgniter\BaseModel->insert(Array, false)
#7 F:\application-ci\simaung\vendor\codeigniter4\framework\system\BaseModel.php(698): CodeIgniter\Model->insert(Array, false)
#8 F:\application-ci\simaung\app\Controllers\Target.php(126): CodeIgniter\BaseModel->save(Array)
#9 F:\application-ci\simaung\vendor\codeigniter4\framework\system\CodeIgniter.php(919): App\Controllers\Target->doneproses()
#10 F:\application-ci\simaung\vendor\codeigniter4\framework\system\CodeIgniter.php(494): CodeIgniter\CodeIgniter->runController(Object(App\Controllers\Target))
#11 F:\application-ci\simaung\vendor\codeigniter4\framework\system\CodeIgniter.php(353): CodeIgniter\CodeIgniter->handleRequest(NULL, Object(Config\Cache), false)
#12 F:\application-ci\simaung\public\index.php(79): CodeIgniter\CodeIgniter->run()
#13 F:\application-ci\simaung\vendor\codeigniter4\framework\system\Commands\Server\rewrite.php(47): require_once('F:\\application-...')
#14 {main}
CRITICAL - 2023-11-11 15:46:24 --> Column 'log_aktivitas' cannot be null
in SYSTEMPATH\Database\BaseConnection.php on line 646.
 1 SYSTEMPATH\Database\BaseBuilder.php(2308): CodeIgniter\Database\BaseConnection->query('INSERT INTO `tb_logaktivitas` (`log_aktivitas`, `jumlah`, `tanggal`, `catatan`, `status`, `id_dompet`) VALUES (:log_aktivitas:, :jumlah:, :tanggal:, :catatan:, :status:, :id_dompet:)', [...], false)
 2 SYSTEMPATH\Model.php(319): CodeIgniter\Database\BaseBuilder->insert()
 3 SYSTEMPATH\BaseModel.php(788): CodeIgniter\Model->doInsert([...])
 4 SYSTEMPATH\Model.php(715): CodeIgniter\BaseModel->insert([...], false)
 5 SYSTEMPATH\BaseModel.php(698): CodeIgniter\Model->insert([...], false)
 6 APPPATH\Controllers\Target.php(126): CodeIgniter\BaseModel->save([...])
 7 SYSTEMPATH\CodeIgniter.php(919): App\Controllers\Target->doneproses()
 8 SYSTEMPATH\CodeIgniter.php(494): CodeIgniter\CodeIgniter->runController(Object(App\Controllers\Target))
 9 SYSTEMPATH\CodeIgniter.php(353): CodeIgniter\CodeIgniter->handleRequest(null, Object(Config\Cache), false)
10 FCPATH\index.php(79): CodeIgniter\CodeIgniter->run()
11 SYSTEMPATH\Commands\Server\rewrite.php(47): require_once('F:\\application-ci\\simaung\\public\\index.php')
INFO - 2023-11-11 15:47:28 --> Session: Class initialized using 'CodeIgniter\Session\Handlers\FileHandler' driver.
CRITICAL - 2023-11-11 23:47:28 --> Undefined array key "periode"
in APPPATH\Views\target\index.php on line 115.
 1 APPPATH\Views\target\index.php(115): CodeIgniter\Debug\Exceptions->errorHandler(2, 'Undefined array key "periode"', 'F:\\application-ci\\simaung\\app\\Views\\target\\index.php', 115)
 2 SYSTEMPATH\View\View.php(226): include('F:\\application-ci\\simaung\\app\\Views\\target\\index.php')
 3 SYSTEMPATH\View\View.php(229): CodeIgniter\View\View->CodeIgniter\View\{closure}()
 4 SYSTEMPATH\Common.php(1188): CodeIgniter\View\View->render('target/index', [], true)
 5 APPPATH\Controllers\Target.php(32): view('target/index', [...])
 6 SYSTEMPATH\CodeIgniter.php(919): App\Controllers\Target->index()
 7 SYSTEMPATH\CodeIgniter.php(494): CodeIgniter\CodeIgniter->runController(Object(App\Controllers\Target))
 8 SYSTEMPATH\CodeIgniter.php(353): CodeIgniter\CodeIgniter->handleRequest(null, Object(Config\Cache), false)
 9 FCPATH\index.php(79): CodeIgniter\CodeIgniter->run()
10 SYSTEMPATH\Commands\Server\rewrite.php(47): require_once('F:\\application-ci\\simaung\\public\\index.php')
INFO - 2023-11-11 15:51:50 --> Session: Class initialized using 'CodeIgniter\Session\Handlers\FileHandler' driver.
INFO - 2023-11-11 15:53:37 --> Session: Class initialized using 'CodeIgniter\Session\Handlers\FileHandler' driver.
