CRITICAL - 2024-02-19 11:06:27 --> Undefined variable $row
in APPPATH\Views\filterdata\logbulanan.php on line 203.
 1 APPPATH\Views\filterdata\logbulanan.php(203): CodeIgniter\Debug\Exceptions->errorHandler(2, 'Undefined variable $row', 'F:\\application-ci\\simaung\\app\\Views\\filterdata\\logbulanan.php', 203)
 2 SYSTEMPATH\View\View.php(226): include('F:\\application-ci\\simaung\\app\\Views\\filterdata\\logbulanan.php')
 3 SYSTEMPATH\View\View.php(229): CodeIgniter\View\View->CodeIgniter\View\{closure}()
 4 SYSTEMPATH\Common.php(1188): CodeIgniter\View\View->render('filterdata/logbulanan', [], true)
 5 APPPATH\Controllers\Logaktivitas.php(145): view('filterdata/logbulanan', [...])
 6 SYSTEMPATH\CodeIgniter.php(919): App\Controllers\Logaktivitas->logFilter('2024-01-27', '2024-02-27')
 7 SYSTEMPATH\CodeIgniter.php(494): CodeIgniter\CodeIgniter->runController(Object(App\Controllers\Logaktivitas))
 8 SYSTEMPATH\CodeIgniter.php(353): CodeIgniter\CodeIgniter->handleRequest(null, Object(Config\Cache), false)
 9 FCPATH\index.php(79): CodeIgniter\CodeIgniter->run()
10 SYSTEMPATH\Commands\Server\rewrite.php(47): require_once('F:\\application-ci\\simaung\\public\\index.php')
INFO - 2024-02-19 14:38:08 --> Session: Class initialized using 'CodeIgniter\Session\Handlers\FileHandler' driver.
INFO - 2024-02-19 14:38:47 --> Session: Class initialized using 'CodeIgniter\Session\Handlers\FileHandler' driver.
INFO - 2024-02-19 14:39:55 --> Session: Class initialized using 'CodeIgniter\Session\Handlers\FileHandler' driver.
INFO - 2024-02-19 14:40:36 --> Session: Class initialized using 'CodeIgniter\Session\Handlers\FileHandler' driver.
CRITICAL - 2024-02-19 14:58:50 --> Undefined array key "nama_barang"
in APPPATH\Views\periode\index.php on line 27.
 1 APPPATH\Views\periode\index.php(27): CodeIgniter\Debug\Exceptions->errorHandler(2, 'Undefined array key "nama_barang"', 'F:\\application-ci\\simaung\\app\\Views\\periode\\index.php', 27)
 2 SYSTEMPATH\View\View.php(226): include('F:\\application-ci\\simaung\\app\\Views\\periode\\index.php')
 3 SYSTEMPATH\View\View.php(229): CodeIgniter\View\View->CodeIgniter\View\{closure}()
 4 SYSTEMPATH\Common.php(1188): CodeIgniter\View\View->render('periode/index', [], true)
 5 APPPATH\Controllers\Penghitungp.php(22): view('periode/index', [...])
 6 SYSTEMPATH\CodeIgniter.php(919): App\Controllers\Penghitungp->index()
 7 SYSTEMPATH\CodeIgniter.php(494): CodeIgniter\CodeIgniter->runController(Object(App\Controllers\Penghitungp))
 8 SYSTEMPATH\CodeIgniter.php(353): CodeIgniter\CodeIgniter->handleRequest(null, Object(Config\Cache), false)
 9 FCPATH\index.php(79): CodeIgniter\CodeIgniter->run()
10 SYSTEMPATH\Commands\Server\rewrite.php(47): require_once('F:\\application-ci\\simaung\\public\\index.php')
INFO - 2024-02-19 17:17:04 --> Session: Class initialized using 'CodeIgniter\Session\Handlers\FileHandler' driver.
INFO - 2024-02-19 17:18:40 --> Session: Class initialized using 'CodeIgniter\Session\Handlers\FileHandler' driver.
CRITICAL - 2024-02-19 17:48:08 --> Call to undefined function format_number()
in APPPATH\Views\filterdata\logbulanan.php on line 66.
 1 SYSTEMPATH\View\View.php(226): include()
 2 SYSTEMPATH\View\View.php(229): CodeIgniter\View\View->CodeIgniter\View\{closure}()
 3 SYSTEMPATH\Common.php(1188): CodeIgniter\View\View->render('filterdata/logbulanan', [], true)
 4 APPPATH\Controllers\Logaktivitas.php(145): view('filterdata/logbulanan', [...])
 5 SYSTEMPATH\CodeIgniter.php(919): App\Controllers\Logaktivitas->logFilter('2024-01-27', '2024-02-27')
 6 SYSTEMPATH\CodeIgniter.php(494): CodeIgniter\CodeIgniter->runController(Object(App\Controllers\Logaktivitas))
 7 SYSTEMPATH\CodeIgniter.php(353): CodeIgniter\CodeIgniter->handleRequest(null, Object(Config\Cache), false)
 8 FCPATH\index.php(79): CodeIgniter\CodeIgniter->run()
 9 SYSTEMPATH\Commands\Server\rewrite.php(47): require_once('F:\\application-ci\\simaung\\public\\index.php')
CRITICAL - 2024-02-19 17:48:41 --> Call to undefined function format_number()
in APPPATH\Views\filterdata\logbulanan.php on line 66.
 1 SYSTEMPATH\View\View.php(226): include()
 2 SYSTEMPATH\View\View.php(229): CodeIgniter\View\View->CodeIgniter\View\{closure}()
 3 SYSTEMPATH\Common.php(1188): CodeIgniter\View\View->render('filterdata/logbulanan', [], true)
 4 APPPATH\Controllers\Logaktivitas.php(145): view('filterdata/logbulanan', [...])
 5 SYSTEMPATH\CodeIgniter.php(919): App\Controllers\Logaktivitas->logFilter('2024-01-27', '2024-02-27')
 6 SYSTEMPATH\CodeIgniter.php(494): CodeIgniter\CodeIgniter->runController(Object(App\Controllers\Logaktivitas))
 7 SYSTEMPATH\CodeIgniter.php(353): CodeIgniter\CodeIgniter->handleRequest(null, Object(Config\Cache), false)
 8 FCPATH\index.php(79): CodeIgniter\CodeIgniter->run()
 9 SYSTEMPATH\Commands\Server\rewrite.php(47): require_once('F:\\application-ci\\simaung\\public\\index.php')
CRITICAL - 2024-02-19 17:48:53 --> Call to undefined function format_number()
in APPPATH\Views\filterdata\logbulanan.php on line 66.
 1 SYSTEMPATH\View\View.php(226): include()
 2 SYSTEMPATH\View\View.php(229): CodeIgniter\View\View->CodeIgniter\View\{closure}()
 3 SYSTEMPATH\Common.php(1188): CodeIgniter\View\View->render('filterdata/logbulanan', [], true)
 4 APPPATH\Controllers\Logaktivitas.php(145): view('filterdata/logbulanan', [...])
 5 SYSTEMPATH\CodeIgniter.php(919): App\Controllers\Logaktivitas->logFilter('2024-01-27', '2024-02-27')
 6 SYSTEMPATH\CodeIgniter.php(494): CodeIgniter\CodeIgniter->runController(Object(App\Controllers\Logaktivitas))
 7 SYSTEMPATH\CodeIgniter.php(353): CodeIgniter\CodeIgniter->handleRequest(null, Object(Config\Cache), false)
 8 FCPATH\index.php(79): CodeIgniter\CodeIgniter->run()
 9 SYSTEMPATH\Commands\Server\rewrite.php(47): require_once('F:\\application-ci\\simaung\\public\\index.php')
