CRITICAL - 2024-02-05 16:24:12 --> Undefined variable $persentaseCicilan
in APPPATH\Views\piutang\detail.php on line 74.
 1 APPPATH\Views\piutang\detail.php(74): CodeIgniter\Debug\Exceptions->errorHandler(2, 'Undefined variable $persentaseCicilan', 'F:\\application-ci\\simaung\\app\\Views\\piutang\\detail.php', 74)
 2 SYSTEMPATH\View\View.php(226): include('F:\\application-ci\\simaung\\app\\Views\\piutang\\detail.php')
 3 SYSTEMPATH\View\View.php(229): CodeIgniter\View\View->CodeIgniter\View\{closure}()
 4 SYSTEMPATH\Common.php(1188): CodeIgniter\View\View->render('piutang/detail', [], true)
 5 APPPATH\Controllers\Piutang.php(41): view('piutang/detail', [...])
 6 SYSTEMPATH\CodeIgniter.php(919): App\Controllers\Piutang->detail('1')
 7 SYSTEMPATH\CodeIgniter.php(494): CodeIgniter\CodeIgniter->runController(Object(App\Controllers\Piutang))
 8 SYSTEMPATH\CodeIgniter.php(353): CodeIgniter\CodeIgniter->handleRequest(null, Object(Config\Cache), false)
 9 FCPATH\index.php(79): CodeIgniter\CodeIgniter->run()
10 SYSTEMPATH\Commands\Server\rewrite.php(47): require_once('F:\\application-ci\\simaung\\public\\index.php')
CRITICAL - 2024-02-05 16:45:02 --> end(): Argument #1 ($array) must be of type array, string given
in APPPATH\Views\piutang\detail.php on line 63.
 1 APPPATH\Views\piutang\detail.php(63): end('1000000')
 2 SYSTEMPATH\View\View.php(226): include('F:\\application-ci\\simaung\\app\\Views\\piutang\\detail.php')
 3 SYSTEMPATH\View\View.php(229): CodeIgniter\View\View->CodeIgniter\View\{closure}()
 4 SYSTEMPATH\Common.php(1188): CodeIgniter\View\View->render('piutang/detail', [], true)
 5 APPPATH\Controllers\Piutang.php(41): view('piutang/detail', [...])
 6 SYSTEMPATH\CodeIgniter.php(919): App\Controllers\Piutang->detail('1')
 7 SYSTEMPATH\CodeIgniter.php(494): CodeIgniter\CodeIgniter->runController(Object(App\Controllers\Piutang))
 8 SYSTEMPATH\CodeIgniter.php(353): CodeIgniter\CodeIgniter->handleRequest(null, Object(Config\Cache), false)
 9 FCPATH\index.php(79): CodeIgniter\CodeIgniter->run()
10 SYSTEMPATH\Commands\Server\rewrite.php(47): require_once('F:\\application-ci\\simaung\\public\\index.php')
CRITICAL - 2024-02-05 16:47:11 --> number_format(): Argument #1 ($num) must be of type float, array given
in APPPATH\Views\piutang\detail.php on line 60.
 1 APPPATH\Views\piutang\detail.php(60): number_format([], 0, ',', '.')
 2 SYSTEMPATH\View\View.php(226): include('F:\\application-ci\\simaung\\app\\Views\\piutang\\detail.php')
 3 SYSTEMPATH\View\View.php(229): CodeIgniter\View\View->CodeIgniter\View\{closure}()
 4 SYSTEMPATH\Common.php(1188): CodeIgniter\View\View->render('piutang/detail', [], true)
 5 APPPATH\Controllers\Piutang.php(41): view('piutang/detail', [...])
 6 SYSTEMPATH\CodeIgniter.php(919): App\Controllers\Piutang->detail('1')
 7 SYSTEMPATH\CodeIgniter.php(494): CodeIgniter\CodeIgniter->runController(Object(App\Controllers\Piutang))
 8 SYSTEMPATH\CodeIgniter.php(353): CodeIgniter\CodeIgniter->handleRequest(null, Object(Config\Cache), false)
 9 FCPATH\index.php(79): CodeIgniter\CodeIgniter->run()
10 SYSTEMPATH\Commands\Server\rewrite.php(47): require_once('F:\\application-ci\\simaung\\public\\index.php')
CRITICAL - 2024-02-05 16:47:38 --> end(): Argument #1 ($array) must be of type array, null given
in APPPATH\Views\piutang\detail.php on line 65.
 1 APPPATH\Views\piutang\detail.php(65): end(null)
 2 SYSTEMPATH\View\View.php(226): include('F:\\application-ci\\simaung\\app\\Views\\piutang\\detail.php')
 3 SYSTEMPATH\View\View.php(229): CodeIgniter\View\View->CodeIgniter\View\{closure}()
 4 SYSTEMPATH\Common.php(1188): CodeIgniter\View\View->render('piutang/detail', [], true)
 5 APPPATH\Controllers\Piutang.php(41): view('piutang/detail', [...])
 6 SYSTEMPATH\CodeIgniter.php(919): App\Controllers\Piutang->detail('1')
 7 SYSTEMPATH\CodeIgniter.php(494): CodeIgniter\CodeIgniter->runController(Object(App\Controllers\Piutang))
 8 SYSTEMPATH\CodeIgniter.php(353): CodeIgniter\CodeIgniter->handleRequest(null, Object(Config\Cache), false)
 9 FCPATH\index.php(79): CodeIgniter\CodeIgniter->run()
10 SYSTEMPATH\Commands\Server\rewrite.php(47): require_once('F:\\application-ci\\simaung\\public\\index.php')
CRITICAL - 2024-02-05 16:47:47 --> Unsupported operand types: array / int
in APPPATH\Views\piutang\detail.php on line 88.
 1 SYSTEMPATH\View\View.php(226): include()
 2 SYSTEMPATH\View\View.php(229): CodeIgniter\View\View->CodeIgniter\View\{closure}()
 3 SYSTEMPATH\Common.php(1188): CodeIgniter\View\View->render('piutang/detail', [], true)
 4 APPPATH\Controllers\Piutang.php(41): view('piutang/detail', [...])
 5 SYSTEMPATH\CodeIgniter.php(919): App\Controllers\Piutang->detail('1')
 6 SYSTEMPATH\CodeIgniter.php(494): CodeIgniter\CodeIgniter->runController(Object(App\Controllers\Piutang))
 7 SYSTEMPATH\CodeIgniter.php(353): CodeIgniter\CodeIgniter->handleRequest(null, Object(Config\Cache), false)
 8 FCPATH\index.php(79): CodeIgniter\CodeIgniter->run()
 9 SYSTEMPATH\Commands\Server\rewrite.php(47): require_once('F:\\application-ci\\simaung\\public\\index.php')
CRITICAL - 2024-02-05 17:06:54 --> Undefined variable $tingkakan
in APPPATH\Views\piutang\detail.php on line 63.
 1 APPPATH\Views\piutang\detail.php(63): CodeIgniter\Debug\Exceptions->errorHandler(2, 'Undefined variable $tingkakan', 'F:\\application-ci\\simaung\\app\\Views\\piutang\\detail.php', 63)
 2 SYSTEMPATH\View\View.php(226): include('F:\\application-ci\\simaung\\app\\Views\\piutang\\detail.php')
 3 SYSTEMPATH\View\View.php(229): CodeIgniter\View\View->CodeIgniter\View\{closure}()
 4 SYSTEMPATH\Common.php(1188): CodeIgniter\View\View->render('piutang/detail', [], true)
 5 APPPATH\Controllers\Piutang.php(41): view('piutang/detail', [...])
 6 SYSTEMPATH\CodeIgniter.php(919): App\Controllers\Piutang->detail('1')
 7 SYSTEMPATH\CodeIgniter.php(494): CodeIgniter\CodeIgniter->runController(Object(App\Controllers\Piutang))
 8 SYSTEMPATH\CodeIgniter.php(353): CodeIgniter\CodeIgniter->handleRequest(null, Object(Config\Cache), false)
 9 FCPATH\index.php(79): CodeIgniter\CodeIgniter->run()
10 SYSTEMPATH\Commands\Server\rewrite.php(47): require_once('F:\\application-ci\\simaung\\public\\index.php')
