INFO - 2024-05-14 14:00:46 --> Session: Class initialized using 'CodeIgniter\Session\Handlers\FileHandler' driver.
INFO - 2024-05-14 14:00:47 --> Session: Class initialized using 'CodeIgniter\Session\Handlers\FileHandler' driver.
INFO - 2024-05-14 14:00:59 --> CSRF token verified.
INFO - 2024-05-14 14:00:59 --> Session: Class initialized using 'CodeIgniter\Session\Handlers\FileHandler' driver.
INFO - 2024-05-14 14:01:00 --> Session: Class initialized using 'CodeIgniter\Session\Handlers\FileHandler' driver.
CRITICAL - 2024-05-14 14:01:01 --> ErrorException: Undefined variable $lowerCase
in APPPATH\Controllers\BaseController.php on line 66.
 1 APPPATH\Controllers\BaseController.php(66): CodeIgniter\Debug\Exceptions->errorHandler(2, 'Undefined variable $lowerCase', 'F:\\application-ci\\simaung\\app\\Controllers\\BaseController.php', 66)
 2 APPPATH\Controllers\Penggunaanl.php(24): App\Controllers\BaseController->code()
 3 SYSTEMPATH\CodeIgniter.php(941): App\Controllers\Penggunaanl->index()
 4 SYSTEMPATH\CodeIgniter.php(502): CodeIgniter\CodeIgniter->runController(Object(App\Controllers\Penggunaanl))
 5 SYSTEMPATH\CodeIgniter.php(361): CodeIgniter\CodeIgniter->handleRequest(null, Object(Config\Cache), false)
 6 FCPATH\index.php(79): CodeIgniter\CodeIgniter->run()
 7 SYSTEMPATH\Commands\Server\rewrite.php(47): require_once('F:\\application-ci\\simaung\\public\\index.php')
INFO - 2024-05-14 14:01:38 --> Session: Class initialized using 'CodeIgniter\Session\Handlers\FileHandler' driver.
CRITICAL - 2024-05-14 14:01:38 --> ErrorException: Undefined variable $upperCase
in APPPATH\Controllers\BaseController.php on line 67.
 1 APPPATH\Controllers\BaseController.php(67): CodeIgniter\Debug\Exceptions->errorHandler(2, 'Undefined variable $upperCase', 'F:\\application-ci\\simaung\\app\\Controllers\\BaseController.php', 67)
 2 APPPATH\Controllers\Penggunaanl.php(24): App\Controllers\BaseController->code()
 3 SYSTEMPATH\CodeIgniter.php(941): App\Controllers\Penggunaanl->index()
 4 SYSTEMPATH\CodeIgniter.php(502): CodeIgniter\CodeIgniter->runController(Object(App\Controllers\Penggunaanl))
 5 SYSTEMPATH\CodeIgniter.php(361): CodeIgniter\CodeIgniter->handleRequest(null, Object(Config\Cache), false)
 6 FCPATH\index.php(79): CodeIgniter\CodeIgniter->run()
 7 SYSTEMPATH\Commands\Server\rewrite.php(47): require_once('F:\\application-ci\\simaung\\public\\index.php')
INFO - 2024-05-14 14:01:59 --> Session: Class initialized using 'CodeIgniter\Session\Handlers\FileHandler' driver.
CRITICAL - 2024-05-14 14:01:59 --> ArgumentCountError: Too few arguments to function App\Controllers\BaseController::code(), 0 passed in F:\application-ci\simaung\app\Controllers\Penggunaanl.php on line 24 and exactly 1 expected
in APPPATH\Controllers\BaseController.php on line 64.
 1 APPPATH\Controllers\Penggunaanl.php(24): App\Controllers\BaseController->code()
 2 SYSTEMPATH\CodeIgniter.php(941): App\Controllers\Penggunaanl->index()
 3 SYSTEMPATH\CodeIgniter.php(502): CodeIgniter\CodeIgniter->runController(Object(App\Controllers\Penggunaanl))
 4 SYSTEMPATH\CodeIgniter.php(361): CodeIgniter\CodeIgniter->handleRequest(null, Object(Config\Cache), false)
 5 FCPATH\index.php(79): CodeIgniter\CodeIgniter->run()
 6 SYSTEMPATH\Commands\Server\rewrite.php(47): require_once('F:\\application-ci\\simaung\\public\\index.php')
INFO - 2024-05-14 14:02:45 --> Session: Class initialized using 'CodeIgniter\Session\Handlers\FileHandler' driver.
