CRITICAL - 2024-01-25 22:29:40 --> Invalid file: "filterdata/logbulan.php"
in SYSTEMPATH\Exceptions\FrameworkException.php on line 39.
 1 SYSTEMPATH\View\View.php(214): CodeIgniter\Exceptions\FrameworkException::forInvalidFile('filterdata/logbulan.php')
 2 SYSTEMPATH\Common.php(1188): CodeIgniter\View\View->render('filterdata/logbulan', [], true)
 3 APPPATH\Controllers\Logaktivitas.php(141): view('filterdata/logbulan', [...])
 4 SYSTEMPATH\CodeIgniter.php(919): App\Controllers\Logaktivitas->logFilter('2023-12-27', '2024-01-27')
 5 SYSTEMPATH\CodeIgniter.php(494): CodeIgniter\CodeIgniter->runController(Object(App\Controllers\Logaktivitas))
 6 SYSTEMPATH\CodeIgniter.php(353): CodeIgniter\CodeIgniter->handleRequest(null, Object(Config\Cache), false)
 7 FCPATH\index.php(79): CodeIgniter\CodeIgniter->run()
 8 SYSTEMPATH\Commands\Server\rewrite.php(47): require_once('F:\\application-ci\\simaung\\public\\index.php')
CRITICAL - 2024-01-25 22:36:34 --> Invalid file: "filterdata/logbulan.php"
in SYSTEMPATH\Exceptions\FrameworkException.php on line 39.
 1 SYSTEMPATH\View\View.php(214): CodeIgniter\Exceptions\FrameworkException::forInvalidFile('filterdata/logbulan.php')
 2 SYSTEMPATH\Common.php(1188): CodeIgniter\View\View->render('filterdata/logbulan', [], true)
 3 APPPATH\Controllers\Logaktivitas.php(141): view('filterdata/logbulan', [...])
 4 SYSTEMPATH\CodeIgniter.php(919): App\Controllers\Logaktivitas->logFilter('2023-12-27', '2024-01-27')
 5 SYSTEMPATH\CodeIgniter.php(494): CodeIgniter\CodeIgniter->runController(Object(App\Controllers\Logaktivitas))
 6 SYSTEMPATH\CodeIgniter.php(353): CodeIgniter\CodeIgniter->handleRequest(null, Object(Config\Cache), false)
 7 FCPATH\index.php(79): CodeIgniter\CodeIgniter->run()
 8 SYSTEMPATH\Commands\Server\rewrite.php(47): require_once('F:\\application-ci\\simaung\\public\\index.php')
CRITICAL - 2024-01-25 22:37:38 --> Invalid file: "filterdata/logbulan.php"
in SYSTEMPATH\Exceptions\FrameworkException.php on line 39.
 1 SYSTEMPATH\View\View.php(214): CodeIgniter\Exceptions\FrameworkException::forInvalidFile('filterdata/logbulan.php')
 2 SYSTEMPATH\Common.php(1188): CodeIgniter\View\View->render('filterdata/logbulan', [], true)
 3 APPPATH\Controllers\Logaktivitas.php(141): view('filterdata/logbulan', [...])
 4 SYSTEMPATH\CodeIgniter.php(919): App\Controllers\Logaktivitas->logFilter('2023-12-27', '2024-01-27')
 5 SYSTEMPATH\CodeIgniter.php(494): CodeIgniter\CodeIgniter->runController(Object(App\Controllers\Logaktivitas))
 6 SYSTEMPATH\CodeIgniter.php(353): CodeIgniter\CodeIgniter->handleRequest(null, Object(Config\Cache), false)
 7 FCPATH\index.php(79): CodeIgniter\CodeIgniter->run()
 8 SYSTEMPATH\Commands\Server\rewrite.php(47): require_once('F:\\application-ci\\simaung\\public\\index.php')
