CRITICAL - 2023-11-12 16:45:55 --> Object of class DateInterval could not be converted to string
in APPPATH\Views\target\index.php on line 99.
 1 SYSTEMPATH\View\View.php(226): include()
 2 SYSTEMPATH\View\View.php(229): CodeIgniter\View\View->CodeIgniter\View\{closure}()
 3 SYSTEMPATH\Common.php(1188): CodeIgniter\View\View->render('target/index', [], true)
 4 APPPATH\Controllers\Target.php(32): view('target/index', [...])
 5 SYSTEMPATH\CodeIgniter.php(919): App\Controllers\Target->index()
 6 SYSTEMPATH\CodeIgniter.php(494): CodeIgniter\CodeIgniter->runController(Object(App\Controllers\Target))
 7 SYSTEMPATH\CodeIgniter.php(353): CodeIgniter\CodeIgniter->handleRequest(null, Object(Config\Cache), false)
 8 FCPATH\index.php(79): CodeIgniter\CodeIgniter->run()
 9 SYSTEMPATH\Commands\Server\rewrite.php(47): require_once('F:\\application-ci\\simaung\\public\\index.php')
CRITICAL - 2023-11-12 19:03:32 --> date(): Argument #2 ($timestamp) must be of type ?int, string given
in APPPATH\Views\target\index.php on line 94.
 1 APPPATH\Views\target\index.php(94): date('l', '2023-10-29 13:38:40')
 2 SYSTEMPATH\View\View.php(226): include('F:\\application-ci\\simaung\\app\\Views\\target\\index.php')
 3 SYSTEMPATH\View\View.php(229): CodeIgniter\View\View->CodeIgniter\View\{closure}()
 4 SYSTEMPATH\Common.php(1188): CodeIgniter\View\View->render('target/index', [], true)
 5 APPPATH\Controllers\Target.php(32): view('target/index', [...])
 6 SYSTEMPATH\CodeIgniter.php(919): App\Controllers\Target->index()
 7 SYSTEMPATH\CodeIgniter.php(494): CodeIgniter\CodeIgniter->runController(Object(App\Controllers\Target))
 8 SYSTEMPATH\CodeIgniter.php(353): CodeIgniter\CodeIgniter->handleRequest(null, Object(Config\Cache), false)
 9 FCPATH\index.php(79): CodeIgniter\CodeIgniter->run()
10 SYSTEMPATH\Commands\Server\rewrite.php(47): require_once('F:\\application-ci\\simaung\\public\\index.php')
CRITICAL - 2023-11-12 19:04:02 --> date(): Argument #2 ($timestamp) must be of type ?int, string given
in APPPATH\Views\target\index.php on line 98.
 1 APPPATH\Views\target\index.php(98): date('l', '2023-10-29')
 2 SYSTEMPATH\View\View.php(226): include('F:\\application-ci\\simaung\\app\\Views\\target\\index.php')
 3 SYSTEMPATH\View\View.php(229): CodeIgniter\View\View->CodeIgniter\View\{closure}()
 4 SYSTEMPATH\Common.php(1188): CodeIgniter\View\View->render('target/index', [], true)
 5 APPPATH\Controllers\Target.php(32): view('target/index', [...])
 6 SYSTEMPATH\CodeIgniter.php(919): App\Controllers\Target->index()
 7 SYSTEMPATH\CodeIgniter.php(494): CodeIgniter\CodeIgniter->runController(Object(App\Controllers\Target))
 8 SYSTEMPATH\CodeIgniter.php(353): CodeIgniter\CodeIgniter->handleRequest(null, Object(Config\Cache), false)
 9 FCPATH\index.php(79): CodeIgniter\CodeIgniter->run()
10 SYSTEMPATH\Commands\Server\rewrite.php(47): require_once('F:\\application-ci\\simaung\\public\\index.php')
CRITICAL - 2023-11-12 19:04:28 --> date(): Argument #2 ($timestamp) must be of type ?int, DateTime given
in APPPATH\Views\target\index.php on line 94.
 1 APPPATH\Views\target\index.php(94): date('l', Object(DateTime))
 2 SYSTEMPATH\View\View.php(226): include('F:\\application-ci\\simaung\\app\\Views\\target\\index.php')
 3 SYSTEMPATH\View\View.php(229): CodeIgniter\View\View->CodeIgniter\View\{closure}()
 4 SYSTEMPATH\Common.php(1188): CodeIgniter\View\View->render('target/index', [], true)
 5 APPPATH\Controllers\Target.php(32): view('target/index', [...])
 6 SYSTEMPATH\CodeIgniter.php(919): App\Controllers\Target->index()
 7 SYSTEMPATH\CodeIgniter.php(494): CodeIgniter\CodeIgniter->runController(Object(App\Controllers\Target))
 8 SYSTEMPATH\CodeIgniter.php(353): CodeIgniter\CodeIgniter->handleRequest(null, Object(Config\Cache), false)
 9 FCPATH\index.php(79): CodeIgniter\CodeIgniter->run()
10 SYSTEMPATH\Commands\Server\rewrite.php(47): require_once('F:\\application-ci\\simaung\\public\\index.php')
CRITICAL - 2023-11-12 19:08:13 --> strtotime(): Argument #1 ($datetime) must be of type string, DateTime given
in APPPATH\Views\target\index.php on line 99.
 1 APPPATH\Views\target\index.php(99): strtotime(Object(DateTime))
 2 SYSTEMPATH\View\View.php(226): include('F:\\application-ci\\simaung\\app\\Views\\target\\index.php')
 3 SYSTEMPATH\View\View.php(229): CodeIgniter\View\View->CodeIgniter\View\{closure}()
 4 SYSTEMPATH\Common.php(1188): CodeIgniter\View\View->render('target/index', [], true)
 5 APPPATH\Controllers\Target.php(32): view('target/index', [...])
 6 SYSTEMPATH\CodeIgniter.php(919): App\Controllers\Target->index()
 7 SYSTEMPATH\CodeIgniter.php(494): CodeIgniter\CodeIgniter->runController(Object(App\Controllers\Target))
 8 SYSTEMPATH\CodeIgniter.php(353): CodeIgniter\CodeIgniter->handleRequest(null, Object(Config\Cache), false)
 9 FCPATH\index.php(79): CodeIgniter\CodeIgniter->run()
10 SYSTEMPATH\Commands\Server\rewrite.php(47): require_once('F:\\application-ci\\simaung\\public\\index.php')
CRITICAL - 2023-11-12 15:02:06 --> Undefined array key "tb_logaktivitas.status"
in APPPATH\Views\dompet\index.php on line 321.
 1 APPPATH\Views\dompet\index.php(321): CodeIgniter\Debug\Exceptions->errorHandler(2, 'Undefined array key "tb_logaktivitas.status"', 'F:\\application-ci\\simaung\\app\\Views\\dompet\\index.php', 321)
 2 SYSTEMPATH\View\View.php(226): include('F:\\application-ci\\simaung\\app\\Views\\dompet\\index.php')
 3 SYSTEMPATH\View\View.php(229): CodeIgniter\View\View->CodeIgniter\View\{closure}()
 4 SYSTEMPATH\Common.php(1188): CodeIgniter\View\View->render('dompet/index', [], true)
 5 APPPATH\Controllers\Dompet.php(31): view('dompet/index', [...])
 6 SYSTEMPATH\CodeIgniter.php(919): App\Controllers\Dompet->index()
 7 SYSTEMPATH\CodeIgniter.php(494): CodeIgniter\CodeIgniter->runController(Object(App\Controllers\Dompet))
 8 SYSTEMPATH\CodeIgniter.php(353): CodeIgniter\CodeIgniter->handleRequest(null, Object(Config\Cache), false)
 9 FCPATH\index.php(79): CodeIgniter\CodeIgniter->run()
10 SYSTEMPATH\Commands\Server\rewrite.php(47): require_once('F:\\application-ci\\simaung\\public\\index.php')
CRITICAL - 2023-11-12 15:14:26 --> Undefined array key "id"
in APPPATH\Views\dompet\index.php on line 354.
 1 APPPATH\Views\dompet\index.php(354): CodeIgniter\Debug\Exceptions->errorHandler(2, 'Undefined array key "id"', 'F:\\application-ci\\simaung\\app\\Views\\dompet\\index.php', 354)
 2 SYSTEMPATH\View\View.php(226): include('F:\\application-ci\\simaung\\app\\Views\\dompet\\index.php')
 3 SYSTEMPATH\View\View.php(229): CodeIgniter\View\View->CodeIgniter\View\{closure}()
 4 SYSTEMPATH\Common.php(1188): CodeIgniter\View\View->render('dompet/index', [], true)
 5 APPPATH\Controllers\Dompet.php(31): view('dompet/index', [...])
 6 SYSTEMPATH\CodeIgniter.php(919): App\Controllers\Dompet->index()
 7 SYSTEMPATH\CodeIgniter.php(494): CodeIgniter\CodeIgniter->runController(Object(App\Controllers\Dompet))
 8 SYSTEMPATH\CodeIgniter.php(353): CodeIgniter\CodeIgniter->handleRequest(null, Object(Config\Cache), false)
 9 FCPATH\index.php(79): CodeIgniter\CodeIgniter->run()
10 SYSTEMPATH\Commands\Server\rewrite.php(47): require_once('F:\\application-ci\\simaung\\public\\index.php')
INFO - 2023-11-12 15:27:31 --> Session: Class initialized using 'CodeIgniter\Session\Handlers\FileHandler' driver.
